
[Functions]
;No, Name
11, VE/SE概况
12, VE
13, SE
17, HIP VE/SE
21, 剔出及取样
22, MAX
23, MAX连接机床
27, HIP MAX
30, MAX脉冲处理计算
31, 漏气检测
32, 总通风度检测
33, 吸阻检测
40, SRM
70, 直径检测
B0, LES
B1, OTIS
F0, MLP

[BrandParameter]
;No, Tid, Text, Value, Default, Min, Max
1100,  200, 烟 支 长 度            mm     , 59.900002, 63.000000, 50.000000, 90.000000
1101,  201, 启 动 速 度           cpm     , 1000, 1000, 150, 1600
1102,  204, 生产启动速度          cpm     , 10000, 4000, 150, 16000
1103,  202, 生 产 速 度           cpm     , 13500, 14000, 1000, 14500
1104,  203, 进刀前切割次数                , 2200, 3000, 1000, 20000
1201,  101, 针辊供丝补偿量                , 98, 500, 0, 2000
1202,  102, 针 辊 停 止      m/min        , 50, 0, 0, 600
1203,  103, 针辊供丝系数            %     , 94, 100, 50, 150
1207,  111, 压实端位置            mm      , 4.000000, 0.200000, -100.000000, 100.000000
1208,  112, 压实端位置调节器              , 接通, 关闭, 关闭, 关闭
1209,  113, 风室负压              hPa     , 120, 85, 0, 120
1304,  204, 封口胶             g/500m     , 10.000000, 12.000000, 3.000000, 45.000000
1305,  205, 最小封口胶         g/分钟     , 2.000000, 0.000000, 0.000000, 10.000000
130A,  217, 烙铁起动温度          °C     , 173, 180, 100, 400
130B,  210, 烙铁生产温度          °C     , 225, 220, 100, 400
1314, 1226, 打条器                        , 接通, 关闭, 关闭, 关闭
1315, 1223, 打条器起动方式                , 前部脉冲, 前部脉冲
2200,  101, 水松纸纸片长度        mm      , 27.000000, 27.000000, 19.000000, 30.000000
2201,  104, 胶水印痕                      , 接通, 接通, 关闭, 关闭
2202,  105, 胶水涂痕数量                  , 12, 12, 7, 17
2203,  106, 胶水辊预运行           %      , 20, 0, -20, 20
2204,  103, 搓板加热温度          °C     , 180, 20, 0, 400
2205,  102, 水松纸加热温度        °C     , 98, 20, 0, 400
2206,  107, 剔出速度            支/分     , 2500, 0, 0, 8000
2207,  108, 水松纸胶水     g/16000 支     , 260, 150, 100, 400
2208,  109, 生产模式                      , 滤嘴烟, 滤嘴烟
3100,  200, 检 验                         , 接通, 关闭, 关闭, 关闭
3101,  201, 废 品 极 限                   , 接通, 关闭, 关闭, 关闭
3102,  203, 废 品 极 限          %        , 30, 60, 0, 100
3103,  209, 槽 故 障 极 限       %        , -15, -20, -50, 0
3104,   48, 故 障 频 率 极 限    %        , 2.500000, 2.500000, 0.000000, 20.000000
3200,  200, 检 验                         , 接通, 关闭, 关闭, 关闭
3201,   41, 最 小 废 品 极 限             , 接通, 关闭, 关闭, 关闭
3202,   42, 最 大 废 品 极 限             , 接通, 关闭, 关闭, 关闭
3203,   45, 最 小 停 机 极 限             , 接通, 关闭, 关闭, 关闭
3204,   46, 最 大 停 机 极 限             , 接通, 关闭, 关闭, 关闭
3205,   49, 额 定 值               %      , 29, 30, 0, 100
3206,   56, 最 小 废 品 极 限      %      , -25, -5, -100, 0
3207,   57, 最 大 废 品 极 限      %      , 25, 5, 0, 100
3208,   58, 最 小 报 警 极 限      %      , -30, -5, -100, 0
3209,   59, 最 大 报 警 极 限      %      , 30, 5, 0, 100
320A,   66, 最 小 停 机 极 限      %      , -30, -10, -100, 0
320B,   67, 最 大 停 机 极 限      %      , 30, 10, 0, 100
320C,   68, 标准偏差故障极限       %      , 5, 5, 0, 50
320D,  207, 测 量 循 环 直 到 停 止       , 8, 8, 1, 50
320E,   48, 故 障 频 率 极 限      %      , 2.500000, 2.500000, 0.000000, 20.000000
3300,  200, 检 验                         , 接通, 关闭, 关闭, 关闭
3301,   41, 最 小 废 品 极 限             , 接通, 关闭, 关闭, 关闭
3302,   42, 最 大 废 品 极 限             , 接通, 关闭, 关闭, 关闭
3303,   45, 最 小 停 机 极 限             , 接通, 关闭, 关闭, 关闭
3304,   46, 最 大 停 机 极 限             , 接通, 关闭, 关闭, 关闭
3305,   50, 额 定 值                      , 71, 120, 0, 180
3306,   41, 最 小 废 品 极 限             , -40, -20, -180, 0
3307,   42, 最 大 废 品 极 限             , 40, 20, 0, 180
3308,   43, 最 小 报 警 极 限             , -120, -15, -180, 0
3309,   44, 最 大 报 警 极 限             , 120, 15, 0, 180
330A,   45, 最 小 停 机 极 限             , -150, -30, -180, 0
330B,   46, 最 大 停 机 极 限             , 150, 30, 0, 180
330C,   47, 标 准 偏 差 故 障 极 限       , 8, 8, 0, 50
330D,  217, 最 小 槽 故 障 极 限          , -9, -9, -50, 0
330E,  207, 测 量 循 环 直 到 停 止       , 8, 8, 1, 50
330F,   48, 故 障 频 率 极 限    %        , 2.500000, 2.500000, 0.000000, 20.000000
4066,  499, 额 定 重 量            mg     , 705, 800, 300, 2000
406E, 1000, 前 道 重 量  修 正     mg     , 0, 0, -100, 100
406F, 1001, 后 道 重 量 修 正      mg     , 0, 0, -100, 100
4070, 1002, 双 道 重 量 修 正      mg     , 0, 0, -100, 100
4071, 1003, 前 道 内 部 额 定 重 量       , 762, 800, 200, 2000
4072, 1004, 后 道 内 部 额 定 重 量       , 771, 800, 200, 2000
4073, 1005, 前 道 校 准 延 迟             , 57, 0, -1000, 2000
4074, 1006, 后 道 校 准 延 迟             , 50, 0, -1000, 2000
4075, 1007, 前 道 校 准 斜 率             , 0.850000, 1.000000, 0.100000, 2.000000
4076, 1008, 后 道 校 准 斜 率             , 0.850000, 1.000000, 0.100000, 2.000000
407F, 1180, NTRM-A                 前     , -6000, -6000, -600000, 0
4080, 1181, NTRM-B                 前     , 3000, 3000, 0, 600000
4077, 1182, NTRM-A                 后     , -6000, -6000, -600000, 0
4078, 1183, NTRM-B                 后     , 3000, 3000, 0, 600000
407A,  438, 轻重量烟剔出极限       mg     , -75, -60, -255, 0
407B,  439, 太重重量烟剔出极限     mg     , 75, 120, 0, 255
407C,  463, 软 点 烟 百 分 比       %     , 65, 20, 0, 80
407E,  362, 轻 烟 端 百 分 比       %     , 65, 20, 0, 80
40A5,  464, 软点烟百分比 1                , 65.000000, 20.000000, 0.000000, 80.000000
40A6,  465, 软点烟百分比 2                , 65.000000, 20.000000, 0.000000, 80.000000
40A7,  466, 软点烟百分比3                 , 65.000000, 20.000000, 0.000000, 80.000000
40A8,  467, 硬点烟百分比 1                , 65.000000, 20.000000, 0.000000, 80.000000
40A9,  468, 硬点烟百分比 2                , 65.000000, 20.000000, 0.000000, 80.000000
40AA,  469, 硬点烟百分比 3                , 65.000000, 20.000000, 0.000000, 80.000000
40AB,  470, 软点烟百分比绝对部分1         , 65.000000, 22.000000, 0.000000, 80.000000
40AC,  471, 软点烟百分比绝对部分2         , 65.000000, 22.000000, 0.000000, 80.000000
40AD,  472, 软点烟百分比绝对部分3         , 65.000000, 22.000000, 0.000000, 80.000000
40AE,  473, 区域1宽度              mm     , 10, 10, 4, 20
40AF,  474, 区域3宽度              mm     , 10, 10, 4, 20
40B0,  475, 评估宽度               mm     , 4, 4, 2, 10
4088, 1167, IXM Std              前道     , 5.000000, 5.000000, 0.000000, 25.000000
4089, 1168, IXM Std              后道     , 5.000000, 5.000000, 0.000000, 25.000000
408C,  712, 偏 移 运 行 时 间             , -2, -1, -10, 10
408F,  713, 测量视窗偏移           mm     , 2, 0, -5, 5
405A, 1201, 起动位置   前道               , 2.500000, 0.600000, 0.000000, 4.500000
405B, 1202, 起动位置  后道                , 2.400000, 0.600000, 0.000000, 4.500000
405C, 1203, 调节位置   前道               , 2.500000, 2.500000, 0.000000, 4.500000
405D, 1204, 调节位置   后道               , 2.400000, 2.500000, 0.000000, 4.500000
405E, 1205, 起动斜率   前道               , 0.200000, 0.200000, 0.000000, 0.500000
405F, 1206, 起动斜率  后道                , 0.200000, 0.200000, 0.000000, 0.500000
40B3,  753, 参数组                        , 25207, 8224, 0, 65535
7001,  200, 检验                          , 接通, 关闭, 关闭, 关闭
7002,   45, 停机极限                      , 接通, 关闭, 关闭, 关闭
7004,   41, 测量方式                      , 周长, 周长
7005,   51, 目标周长               mm     , 24.200001, 24.500000, 16.959999, 28.260000
7006,   58, 最小报警极限           mm     , -0.160000, -0.150000, -3.140000, -0.030000
7007,   59, 最大报警极限           mm     , 0.160000, 0.150000, 0.030000, 3.140000
7008,   66, 最小停机极限           mm     , -0.310000, -0.300000, -3.140000, -0.030000
7009,   67, 最大停机极限           mm     , 0.310000, 0.300000, 0.030000, 3.140000
700A,  207, 检测不合格周期停机极限        , 8, 8, 1, 10
700B,   48, 偏移                          , 21.489000, 23.025999, 3.140000, 28.260000
700C,   56, 升高                          , 39.799999, 34.900002, 2.000000, 50.000000
700D,   57, 速度                          , 5500, 7000, 0, 10000
700E,   68, 偏差                          , 0.010000, 0.000000, -0.310000, 0.310000
700F,   48, 偏移                          , 22.716000, 23.025999, 3.140000, 28.260000
7010,   56, 升高                          , 21.600000, 34.900002, 2.000000, 50.000000
7011,   57, 速度                          , 5500, 7000, 0, 10000
7012,   68, 偏差                          , -0.050000, 0.000000, -0.310000, 0.310000
7013,   64, 校准                          , 接通, 关闭, 关闭, 关闭
7014,   65, 恒定                          , 6, 6, 0, 31
B000,  200, 检 验                         , 接通, 关闭, 关闭, 关闭
B001,  201, 剔 出 极 限                   , 接通, 关闭, 关闭, 关闭
B002,  202, 停 止 极 限                   , 接通, 关闭, 关闭, 关闭
B005,  203, 剔 出 极 限             %     , 85, 80, 0, 100
B006,  204, 剔 出 极 限             V     , 0.500000, 0.500000, 0.050000, 5.000000
B007,   81, 警 告 极 限             V     , 0.600000, 0.700000, 0.000000, 5.000000
B008,   82, 停 止 极 限             V     , 0.600000, 0.600000, 0.000000, 5.000000
B004,   48, 故 障 频 率 极 限       %     , 2.700000, 2.500000, 0.000000, 10.000000
B003,  207, 测 量 循 环 直 到 停 止       , 8, 8, 1, 50
B009,  209, 修 正 因 子  前 道            , 0.950000, 1.000000, 0.500000, 2.000000
B00A,  210, 修 正 因 子  后  道           , 1.110000, 1.000000, 0.500000, 2.000000
B100,  200, 检 验                         , 接通, 关闭, 关闭, 关闭
B101,  201, 剔 出 极 限                   , 接通, 关闭, 关闭, 关闭
B102,  203, 剔 出 极 限             %     , 24, 80, 0, 100
B103,   48, 故 障 频 率 极 限       %     , 2.500000, 2.500000, 0.000000, 10.000000

[MachineParameter]
;No, Tid, Text, Value, Default, Min, Max
1101,  401, RESY降速    1         cpm     , 0, 0, 0, 6000
1102,  402, RESY降速    2         cpm     , 0, 0, 0, 6000
1103,  418, MAX换纸降速           cpm     , 0, 0, 0, 6000
1104, 1144, 盘纸更换降速 1        cpm     , 1000, 0, 0, 6000
1178, 1151, 盘纸降速消耗 1          m     , 0.000000, 0.000000, 0.000000, 50.000000
1105,  419, 穿纸速度              cpm     , 500, 500, 150, 1500
1106,  404, 点动速度              cpm     , 1000, 1000, 400, 1600
1108,  406, 手动运行                      , 接通, 接通, 关闭, 关闭
1109,  420, 关闭辅驱             分钟     , 5, 10, 0, 30
110A,  407, 加速时间               s      , 12, 12, 5, 30
110B,  408, 制动时间               s      , 6, 6, 6, 10
110C,  409, 切刀更换              度      , 45, 45, 0, 180
110D,  421, 收回进料滚筒时间       s      , 6.000000, 6.000000, 0.000000, 6.000000
110E,  411, 上胶启动               m      , 0.300000, 0.500000, 0.100000, 9.900000
110F,  412, 烙铁启动               m      , 0.800000, 0.100000, 0.000000, 9.900000
1110,  413, 打条器启动             m      , 1.000000, 0.500000, 0.000000, 9.900000
1111,  422, 粘接段废品         双长烟     , 14, 3, 3, 15
1112,  437, 粘接段取样                    , 关闭, 关闭, 关闭, 关闭
1113,  438, METIS废品          双长烟     , 6, 3, 3, 6
1116,  423, 修整器驱动器偏量     增量     , 34924, 0, 0, 96000
1117,  460, 刀架偏移量增量                , 71996, 0, 0, 96000
117A,  439, 真空风机          转/分钟     , 6000, 4500, 3000, 6500
1123,  469, 步进电机复位                  , 接通, 接通, 接通, 接通
1158,  282, 应答确认安全信息              , 接通, 接通, 接通, 接通
120B,  313, 最长送丝时间            s     , 30, 18, 10, 45
1205,  305, 计量辊停止延迟          s     , 1.000000, 1.000000, 0.100000, 2.500000
1204,  304, 计量辊最短运行          s     , 3.000000, 1.500000, 0.100000, 5.000000
1201,  301, 光电开关数量设置              , 6, 5, 4, 9
1202,  302, 计量槽排空后停机        m     , 35, 20, 20, 50
1203,  303, 计量槽堵塞后停机        s     , 30, 5, 5, 50
120C,  315, 多余量 进刀偏量  %            , -20, -20, -30, 0
120D,  319, 后道修整器前偏移       mm     , 0.000000, 0.000000, 0.000000, 52.000000
120E,  320, 后道修整器后偏移       mm     , 0.000000, 0.000000, 0.000000, 52.000000
120F,  318, 多余量修正系数                , 1.000000, 1.000000, 0.500000, 2.000000
1227,  347, 梗堵塞延迟停机          s     , 15, 120, 0, 255
1214,  334, 高速度频率             Hz     , 50, 50, 10, 50
1211,  331, 上开关阈值    支/分钟         , 10000, 10000, 0, 16000
1213,  333, 中速度频率             Hz     , 48, 48, 10, 50
1210,  330, 下开关阈值        支/分钟     , 5000, 5000, 0, 16000
1212,  332, 低速度频率             Hz     , 46, 46, 10, 50
1207,  309, 驱动参数编制                  , 接通, 接通, 接通, 接通
1206,  308, 驱动装置复位                  , 接通, 接通, 接通, 接通
1215,  335, 压力表显示            hPa     , 0, 0, 0, 200
1216,  336, 抽吸空气校准因子              , 1.000000, 1.000000, 0.500000, 2.000000
1226,  344, 抽吸空气调节                  , 接通, 接通, 关闭, 关闭
1225,  346, 截断盖板关闭            %     , 55, 50, 0, 100
1224,  345, 截断盖板停止状态        %     , 45, 35, 0, 100
1217,  337, 截断盖板解除控制        %     , 100, 50, 0, 100
1218,  338, 抽吸空气调节           KP     , 0.700000, 0.700000, 0.000000, 10.000000
1219,  339, 抽吸空气调节           Tn     , 0.400000, 0.400000, 0.000000, 10.000000
135E, 1171, BOB 1 / SE                    , 关闭, 关闭, 关闭, 关闭
1307, 1173, BOB 1 - 拉纸辊 1     cm       , 700, 700, 200, 1500
1331,  419, 加速段上胶量补偿        %     , 6, 0, 0, 100
1332,  420, 胶水预流时间            s     , 5, 0, 0, 10
1334,  423, 胶水量调整              %     , 35, 30, 1, 100
1335,  433, 胶水量校准因子                , 0.720000, 1.000000, 0.500000, 2.000000
1341,  425, 烟枪布带拉力            %     , 0.350000, 0.250000, 0.000000, 2.000000
1342,  426, 封口器温度调整          %     , 5, 30, 0, 100
1358,  443, 烟枪温度              °C     , 10, 50, 10, 60
1351,  429, 切刀长度               mm     , 170, 170, 50, 170
1353,  438, 粘接段 1 - 棱形导轨阀  mm     , 11470, 4385, 3500, 20000
1354,  439, 左印刷器V 形导轨阀     mm     , 3600, 3600, 2500, 5000
1355,  440, 右印刷器V 形导轨阀     mm     , 3350, 3350, 2500, 5000
1356,  441, METIS - V 形导轨阀     mm     , 620, 620, 300, 1000
1357,  442, V 形导轨阀 - 传递装置  mm     , 200, 200, 0, 1000
1352,  434, 停机监测器复位                , 接通, 接通, 接通, 接通
135D,  446, SE 废料输送皮带接通           , 接通, 接通, 关闭, 关闭
2100,  201, 激光器分配槽 1                , 上, 上
2101,  202, 烟条配置                      , 前道, 前道
2102,  203, 起动阶段废烟        双支      , 60, 50, 0, 1000
2103,  204, 粘接段废烟      双支          , 42, 10, 0, 200
2105,  206, Y5 废烟极限          %        , 50, 50, 40, 100
2106,  207, Y7/8 废烟极限      %          , 50, 50, 40, 100
2107,  255, 卷曲器接通 延时 DCP           , 3, 3, 1, 6
2108,  256, 延时 DCP                      , 3, 3, 1, 6
2109,  337, 生产中取样数量    双支烟      , 10, 50, 0, 50
210A,  226, 抽样取样    双支              , 10, 50, 0, 50
210B,  227, 抽样检查间隔    双支          , 100, 100, 1, 32000
210C,  228, 随机取样    双支              , 20, 50, 0, 50
210D,  262, 废烟取样 支                   , 20, 50, 0, 100
210E,  338, 无滤嘴烟支数量    双支烟      , 50, 50, 0, 50
2111,  231, 双支烟     双支               , 50, 50, 0, 50
213A,  283, 印模取样                      , 烟支, 烟支
2113,  233, 粘接段光栅 - 切割鼓           , 2720, 2720, 2000, 4000
2114,  234, 粘接段光栅 - 卷曲器           , 551, 551, 100, 800
2115,  235, 粘接段光栅 - 胶水杆           , 1810, 1810, 1000, 3000
2200,  309, 激光器存在                    , 否, 否
2201,  350, BOB-M 存在                    , 是, 是
2202,  357, 连接机器的类型                , MAX 叠式形成器, HCF
2203,  314, 蜘蛛手数量                    , 7, 7, 6, 9
2204,  315, 主驱动装置偏移    增量        , 51000, 0, 0, 96000
2205,  318, 蜘蛛手驱动装置偏移量   增量   , 25980, 0, 0, 96000
2206,  319, 胶水辊驱动装置偏移增量        , 17866, 0, 0, 96000
2207,  323, 驱动器复位                    , 接通, 接通, 接通, 接通
2208,  320, MAX 参数设定                  , 接通, 接通, 接通, 接通
2245,  225, 与 SE 接合                    , 关闭, 关闭
2209,  322, 相对胶水涂痕位置 mm           , 0.000000, 0.000000, -5.000000, 5.000000
220A,  327, 泵 1 胶水预压送               , 关闭, 关闭, 关闭, 关闭
220B,  330, 泵 2 胶水预压送               , 关闭, 关闭, 关闭, 关闭
222D,  371, 胶水辊基本转速                , 20, 33, 10, 60
2215,  317, 水松纸加热器                  , 接通, 接通, 关闭, 关闭
2216,  316, 水松纸加热器转入时生产速度    支／分, 3000, 3000, 0, 8500
2217,  321, 搓接块加热器                  , 接通, 接通, 关闭, 关闭
2218,  302, 烟条段            min         , 25, 15, 1, 60
2219,  349, 烟支             min          , 30, 15, 1, 60
224D,  300, 延长时间降低速度   s          , 0.000000, 10.000000, 0.000000, 60.000000
221F,  360, 导向器转速    %               , 75, 20, 0, 100
2220,  361, 输入皮带转速   %              , 30, 20, 0, 100
2221,  362, 模块速度    滤嘴/分钟         , 2000, 2500, 1500, 2500
2222,  305, 3FE 接受器延时运转时间 s      , 30, 5, 1, 60
2284,  808, 滤嘴要求                      , 接通, 接通, 关闭, 关闭
221E,  342, 分离鼓加油     h              , 5, 8, 1, 15
2223,  363, 堆栈形成器转速    %           , 92, 70, 0, 100
2224,  328, 清洁吹气循环   min            , 5, 5, 1, 15
2228,  366, 刷子速度 %                    , 60, 20, 0, 100
2246,  396, 负压调节                      , 接通, 接通, 关闭, 关闭
2247,  397, 负压   hPa                    , 105, 120, 90, 130
224F,  656, 水温       °C                , 20, 19, 18, 30
224B,  282, 应答安全信息                  , 接通, 接通, 接通, 接通
2283, 1208, MAX 废烟剔出传送带停止.....s  , 0, 0, 0, 60
221D,  355, 拉纸辊 1 制动时间   ms        , 700, 15, 1, 700
2225,  365, 拉力调节                      , 接通, 接通, 关闭, 关闭
2226,  364, 卷曲器拉力 N                  , 9, 5, 4, 15
2227, 1234, 更改调整量  %                 , 5, 0, 0, 100
224E,  258, 粘接段卷曲器回转              , 接通, 接通, 关闭, 关闭
2285, 1216, 内部粘接段下降时间   s        , 10.000000, 10.000000, 0.000000, 60.000000
2286, 1180, 胶水罐更换      最小值        , 0, 0, 0, 120
2287, 1181, 更换胶水罐的速度              , 关闭, 关闭
228E, 1272, FE使用HJY面板                 , 是, 是
228F, 1273, 测试HJY面板                   , 否, 是
2290, 1274, YF26接收站                    , 是, 是
27B9,  589, CRDX复 位                     , 接通, 接通, 接通, 接通
278D,  385, 剔 出 没 有 检 测 的 烟支     , 不, 不
27B1,  581, HID(LEO)                      , 是, 是
27B2,  582, 参 与 设备 1                  , 不, 是
27B3,  583, ORIS                          , 是, 是
27B4,  584, SRM                           , 是, 是
27B5,  585, LASER                         , 不, 是
27B6,  586, DIME                          , 是, 是
27B7,  587, VE/SE                         , 是, 是
27B8,  588, 参 与 设备 7                  , 不, 是
2799,  554, 超 前  1xDCP20 支 /分         , 4000, 4000, 500, 18000
279A,  555, 超 前  2xDCP20 支 /分         , 6000, 6000, 500, 18000
279B,  556, 超 前  3xDCP20 支 /分         , 8000, 8000, 500, 18000
2791,  545, 转 交               DCP20     , 19, 19, 0, 19
2792,  546, METIS               DCP20     , 10, 0, 0, 19
2793,  547, 烟 支 吹 拢         DCP20     , 2, 0, 0, 19
2794,  548, 搓 接 鼓            DCP20     , 10, 5, 0, 19
2795,  549, 搓 接 鼓 取 样      DCP20     , 0, 0, 0, 19
2796,  550, 前 道 剔 出         DCP20     , 3, 4, 0, 19
2797,  551, 后 道 剔 出         DCP20     , 4, 4, 0, 19
2798,  552, 前 道 取 样 /转 交  DCP20     , 1, 2, 0, 19
279C,  557, 后 道 取 样 /转 交  DCP20     , 1, 2, 0, 19
3000,  307, 脉 冲 偏 移                   , 531, 3200, 0, 3200
3100,  300, 每 道 取 样 数                , 10, 40, 10, 100
3101,  302, 总 取 样 数                   , 20, 20, 1, 100
3200,  300, 每 道 取 样 数                , 10, 40, 10, 100
3201,  302, 总 取 样 数                   , 20, 20, 1, 100
3300,  300, 每 道 取 样 数                , 10, 40, 10, 100
3301,  302, 总 取 样 数                   , 20, 20, 1, 100
4001,  491, 重 量 控 制                   , 接通, 接通, 关闭, 接通
4004, 1014, 前 道 剔 出 功 能             , 接通, 接通, 关闭, 接通
4005, 1015, 后 道 剔 出 功 能             , 接通, 接通, 关闭, 接通
4006, 1081, IRIS 功 能                    , 接通, 关闭, 关闭, 接通
4007,  988, NTRM 剔出                     , 接通, 关闭, 关闭, 接通
4008,  927, Midas 监控                    , 接通, 接通, 关闭, 接通
401A,  265, 轻烟丝重量极限         mg     , 70, 45, 20, 100
401C,  264, 重烟丝重量极限         mg     , 70, 45, 20, 100
400C,  508, 控制系统投入使 用  支／分     , 2000, 10000, 0, 12000
400D,  143, 剔 出 校 正                   , 0, 0, 0, 3
400E,  373, 扫 描 头 Sigma         mg     , 6, 6, 0, 20
400F,  440, 最大剔出量 警 告 极 限  %     , 2.000000, 2.000000, 0.000000, 4.000000
4011,  443, NTRM 废物报警极限       %     , 0.400000, 0.400000, 0.000000, 2.000000
4010,  709, 端头位置警告极限       mm     , 5.000000, 5.000000, 0.000000, 10.000000
4014,  706, 样 品 量                      , 100, 100, 100, 1000
4015,  707, 样 品 数                      , 10, 10, 2, 10
4016,  708, 高 斯 曲 线 范 围      mg     , 160, 160, 100, 220
404C, 1156, 模块起动位置                  , 自动, 自动
404D, 1157, 起动位置次数                  , 2, 2, 1, 12
404E, 1172, 起动位置复位                  , 关闭, 关闭, 关闭, 关闭
4047,  492, 吸 丝 带 延 迟   V            , 0.039000, 0.039000, 0.000000, 0.400000
4043,  372, NSAMGR                        , 16, 16, 8, 250
4024,  595, 测 量 间 隔 基 准  分钟       , 60, 60, 0, 420
4048, 1092, 上 部 吸 丝 带 警 告          , 4.000000, 4.000000, 3.500000, 4.500000
4049, 1093, 下 部 吸 丝 带 警 告          , 0.500000, 0.500000, 0.000000, 1.500000
4028,  106, 取 样 数 量                   , 20, 50, 1, 100
4029,  597, 烟 条 取 样 轨 道 评 估       , 前 道, 后 道
402A,  598, 烟 支 取 样 轨 道 评 估       , 后 道, 双 道
402B,  107, 抽 样 样 品 间 隔             , 12, 16, 4, 1000
402C,  108, 校 准 重 量 偏 差      mg     , 0, -30, -50, 50
4050,  114, 硬 点                         , 废烟剔出阀, 废烟剔出阀
7000,  300, 取样数量                      , 20, 40, 10, 100
7001,  300, 取样数量                      , 40, 40, 40, 100
B000,  306, 每 道 取 样 数                , 10, 100, 10, 100
B001,  307, 总 取 样 数                   , 20, 100, 1, 100
B100,  307, 总 取 样 数                   , 100, 100, 1, 100

[MessageParameter]
;No, Tid, Text, Value, Default, Min, Max
1100,  615, VE/SE 传动系统参数设定        , 13, 13, 19, 13
1101,  600, VE/SE SAS 1 通信              , 12, 12, 19, 10
1102,  601, VE/SE SAS 2 通信              , 12, 12, 19, 10
1103,  602, SE 烟枪驱动器 滞后误差        , 19, 19, 41, 13
1104,  603, VE 修正器滞后误差             , 19, 19, 41, 13
1105,  604, VE 陡角输送机 滞后误差        , 19, 19, 41, 13
1106,  605, VE 针辊滞后误差               , 19, 19, 41, 13
1108,  607, SE 上部盘纸滞后误差           , 19, 19, 41, 13
1109,  608, SE 下部盘纸滞后误差           , 19, 19, 41, 13
110A,  609, VE 轴 7 SAS 1 滞后误差        , 19, 19, 41, 13
110B,  610, SE 刀架 滞后误差              , 19, 19, 41, 13
110C,  611, SE 纵向驱动装置 滞后误差      , 19, 19, 41, 13
110D,  612, SE 左侧牵引辊 滞后误差        , 19, 19, 41, 13
110E,  613, SE 胶水驱动器滞后误差         , 41, 19, 41, 13
110F,  614, SE 左侧压力辊滞后误差         , 19, 19, 41, 13
1110,  616, SE 右侧压力辊滞后误差         , 19, 19, 41, 13
1111,  617, SE 圆盘式上胶 滞后误差        , 19, 19, 41, 13
1112,  618, SE  轴 7 SAS 2 滞后误差       , 19, 19, 41, 13
1113,  619, *VE/SE SAS 1 变频器故障       , 11, 11, 12, 10
1114,  620, *VE/SE SAS 2 变频器故障       , 11, 11, 12, 10
1115,  622, *VE/SE 安全回路 SAS           , 11, 11, 12, 10
1116,  623, VE/SE 冷却循环 1 的温度       , 30, 30, 41, 10
1117,  624, VE/SE 冷却循环 2 的温度       , 30, 30, 41, 10
1118,  625, *SE 冷却循环回路 1 中有断线情况, 30, 30, 41, 10
1119,  626, *SE 冷却循环回路 2 中有断线情况, 30, 30, 41, 10
111C,  629, VE/SE 变频器延时              , 18, 18, 19, 13
111D,  630, VE/SE 传动系统测试            , 20, 20, 41, 20
111E,  631, *VE/SE 传感器/执行机构总线    , 10, 10, 12, 10
111F,  632, * PROTOS SPS　电池            , 20, 20, 20, 10
1120,  633, *VE/SE EDG                    , 16, 16, 19, 13
1121,  634, *SE SAS 软件不兼容            , 11, 11, 12, 10
1122,  635, *SE QEF/QES 烟枪带            , 11, 11, 12, 10
1123,  636, *VE QEF/QES 修正器驱动装置    , 11, 11, 12, 10
1124,  637, *VE QEF/QES 陡角输送机        , 11, 11, 12, 10
1125,  638, *VE QEF/QES 针辊              , 11, 11, 12, 10
1126,  639, *SE QEF/QES 盘纸加速          , 11, 11, 12, 10
1127,  640, *SE QEF/QES 盘纸在上          , 11, 11, 12, 10
1128,  641, *SE QEF/QES 盘纸在下          , 11, 11, 12, 10
1129,  642, *VE/SE QEF/QES  谐振器 SAS1   , 11, 11, 12, 10
112A,  643, *SE QEF/QES 切刀托架          , 11, 11, 12, 10
112B,  644, *SE QEF/QES 纵向输入传动      , 11, 11, 12, 10
112C,  645, *SE QEF/QES 左侧牵引辊        , 11, 11, 12, 10
112D,  646, *SE QEF/QES 胶水输入传动      , 11, 11, 12, 10
112E,  647, *SE QEF/QES 左侧印模驱动器    , 11, 11, 12, 10
112F,  648, *SE QEF/QES 右侧印模驱动器    , 11, 11, 12, 10
1130,  649, *SE QEF/QES 圆盘式上胶        , 11, 11, 12, 10
1131,  650, *VE/SE QEF/QES 谐振器 SAS2    , 11, 11, 12, 10
1132,  651, *SE QEF/QEF 烟枪布带          , 11, 11, 12, 10
1133,  652, *VE EF/QEF 修正器驱动装置     , 11, 11, 12, 10
1134,  653, *VE EF/QEF 陡角输送机         , 11, 11, 12, 10
1135,  654, *VE EF/QEF 针辊               , 11, 11, 12, 10
1136,  655, *SE EF/QEF 纸盘加速           , 11, 11, 12, 10
1137,  656, *SE EF/QEF 盘纸在上           , 11, 11, 12, 10
1138,  657, *SE EF/QEF 盘纸在下           , 11, 11, 12, 10
1139,  658, *VE/SE EF/QEF 谐振器 SAS 1    , 11, 11, 12, 10
113A,  659, *SE EF/QEF 切刀托架           , 11, 11, 12, 10
113B,  660, *SE EF/QEF 纵向驱动器         , 11, 11, 12, 10
113C,  661, *SE EF/QEF 左侧牵引辊         , 11, 11, 12, 10
113D,  662, *SE EF/QEF 上胶               , 11, 11, 12, 10
113E,  663, *SE EF/QEF 左侧印模驱动器     , 11, 11, 12, 10
113F,  664, *SE EF/QEF 右侧印模驱动器     , 11, 11, 12, 10
1140,  665, *SE FF/QEF 圆盘式上胶         , 11, 11, 12, 10
1141,  666, *VE/SE EF/QEF 谐振器 SAS 2    , 11, 11, 12, 10
1142,  667, *SE 烟枪带安全回路            , 10, 10, 12, 10
1143,  668, *VE 修正器的安全回路          , 10, 10, 12, 10
1144,  669, *VE 陡角输送机安全回路        , 10, 10, 12, 10
114A,  675, *SE 切刀托架安全回路          , 10, 10, 12, 10
114B,  676, *SE 纵向驱动器的安全回路      , 10, 10, 12, 10
114E,  679, *SE 左侧印模的安全回路        , 10, 10, 12, 10
114F,  680, *SE 右侧印模的安全回路        , 10, 10, 12, 10
1150,  681, *SE 盘式上胶安全回路          , 10, 10, 12, 10
1152,  683, *SE 电源变压器                , 11, 11, 12, 10
1153,  684, *VE 电源                      , 11, 11, 12, 10
1154,  685, *VE/SE 次级电源变压器         , 11, 11, 12, 10
1155,  686, *VE/SE 230V　变压器           , 11, 11, 12, 10
1156,  687, *VE/SE 24V 电源               , 11, 11, 12, 10
1157,  688, *VE/SE 110V　变压器           , 11, 11, 12, 10
1158,  689, *VE/SE 电源 SAS 1             , 11, 11, 12, 10
1159,  690, *VE/SE 电源 SAS 2             , 11, 11, 12, 10
115A,  691, *VE/SE  电源 MAX              , 11, 11, 12, 10
115B,  692, *VE/SE 400V VE                , 11, 11, 12, 10
115C,  693, *VE/SE 400V MAX               , 11, 11, 12, 10
115D,  694, *FI MAX 前的 VE/SE 400V       , 11, 11, 12, 10
115E,  695, *VE/SE 230V，无 FI            , 11, 11, 12, 10
115F,  696, *VE/SE 230V 插座              , 11, 11, 41, 10
1160,  697, *VE/SE MAX 加热器保险丝       , 11, 11, 12, 10
1161,  698, *VE/SE　加热器保险丝          , 11, 11, 12, 10
1162,  699, *VE/SE 24V UI　保险丝　       , 11, 11, 12, 10
1163,  700, *VE/SE  24V UO　保险丝        , 11, 11, 12, 10
1164,  707, *VE/SE 加热器电压             , 11, 11, 12, 10
1165,  595, *VE/SE 过电压                 , 11, 11, 20, 10
1166,  591, VE 紧急停机                   , 11, 11, 12, 10
1167,  592, SE 紧急停机                   , 11, 11, 12, 10
1168,  590, 紧急停机                      , 11, 11, 12, 10
1169,  593, 外部紧急停机                  , 11, 11, 12, 10
116A,  596, UNIMASTER                     , 20, 20, 30, 18
116B,  760, *SE QRF 烟枪带                , 19, 19, 19, 16
116C,  761, *VE QRF 修正器驱动装置        , 19, 19, 19, 16
116D,  762, *VE QRF 陡角输送机            , 19, 19, 19, 16
116E,  763, *VE QRF 针辊                  , 19, 19, 19, 16
116F,  764, *VE/SE QRF 纸盘加速           , 19, 19, 19, 16
1170,  765, *VE/SE QRF 盘纸在上           , 19, 19, 19, 16
1171,  766, *VE/SE QRF 盘纸在下           , 19, 19, 19, 16
1172,  767, *VE/SE QRF SAS 1              , 19, 19, 19, 16
1173,  768, *SE QRF 切刀托架              , 19, 19, 19, 16
1174,  769, *VE/SE QRF 纵向驱动器         , 19, 19, 19, 16
1175,  780, *SE QRF 左侧输入牵引辊        , 19, 19, 19, 16
1176,  783, *SE QRF 胶水驱动器            , 19, 19, 19, 16
1177,  781, *SE QRF 左侧印模驱动器        , 19, 19, 19, 16
1178,  782, *SE QRF 右侧印模驱动器        , 19, 19, 19, 16
1179,  784, *SE QRF 盘式上胶              , 19, 19, 19, 16
117A,  785, *VE/SE QRF SAS 2              , 19, 19, 19, 16
117B,  787, *VE/SE USV 电池               , 19, 19, 19, 16
117C,  786, VE/SE 照明电路                , 19, 19, 19, 16
117D,  788, *VE/SE 110V 保险丝            , 19, 19, 19, 10
117E,  787, *VE/SE USV 电池               , 25, 25, 40, 16
117F,  795, 远程服务                      , 30, 30, 41, 10
1180,  597, DWR 存储器的料位              , 30, 30, 41, 20
1181,  598, DWR 存储器已满                , 19, 19, 19, 10
1182,  447, QBC 预分配箱烟丝料位          , 41, 41, 41, 30
1183,  448, QBC 烟丝气闸料位              , 41, 41, 41, 30
1184,  449, QBC 气闸烟丝清空装置          , 41, 41, 41, 30
1185, 1140, 薄荷醇喷涂 #1                 , 19, 19, 41, 10
1186, 1141, 薄荷醇喷涂 #2                 , 19, 19, 41, 10
1187, 1143, DWR 未做好运行准备            , 30, 30, 41, 10
1188, 1227, 检查调节阀                    , 41, 41, 41, 10
1189, 1228, 检查压力传感器                , 41, 41, 41, 10
118A, 1229, 进流的压力传感器              , 41, 41, 41, 10
118B, 1230, 回流的压力传感器              , 41, 41, 41, 10
118C, 1231, 检查冷却系统过滤器            , 41, 41, 41, 10
118D, 1232, 冷却系统的电机保护接触器      , 41, 41, 41, 10
118E, 1233, 冷却系统不处于待机状态        , 41, 41, 41, 10
118F, 1237, 输入段最高温度                , 41, 41, 41, 10
1190, 1239, 输入段加热                    , 41, 41, 41, 10
1200,  501, VE 输送空气速度               , 41, 30, 41, 20
1201,  502, VE 风机温度                   , 12, 12, 12, 11
1202,  503, VE 磁铁轨                     , 12, 12, 12, 11
1203,  627, VE 压实端位置调节             , 20, 20, 41, 19
1204,  505, VE 前道吸丝带张力             , 18, 18, 19, 16
1205,  591, VE 后道吸丝带张力             , 18, 18, 19, 16
1206,  506, VE 抽吸槽位置                 , 17, 17, 19, 13
1207,  507, VE 供料开关                   , 25, 25, 41, 20
1208,  508, VE 针辊开关                   , 24, 24, 41, 20
1209,  509, VE 气闸装料                   , 30, 30, 41, 20
120A,  510, VE 气闸闸板                   , 29, 29, 41, 20
120B,  511, VE 不同的烟丝箱               , 12, 12, 12, 11
120C,  512, VE 堆料槽空                   , 18, 18, 19, 16
120D,  513, VE 堆料槽满                   , 28, 28, 41, 20
120E,  514, *VE 堆料槽调节器              , 32, 32, 41, 20
120F,  515, VE 烟丝箱位置                 , 12, 12, 12, 11
1210,  516, *VE 陡角输送器过载            , 12, 12, 12, 11
1211,  517, VE 烟丝堵塞                   , 19, 18, 19, 16
1212,  518, VE 烟丝料位                   , 18, 18, 19, 16
1214,  520, VE 驱动装置参数               , 12, 12, 19, 10
125C,  750, VE 烟梗                       , 20, 20, 41, 20
1215,  750, VE 烟梗                       , 19, 19, 20, 16
1217,  523, VE 修整器防护罩               , 13, 13, 19, 13
1218,  524, VE 抽吸烟条盖板               , 12, 12, 12, 11
121C,  538, VE 调试运行                   , 11, 11, 12, 11
1222,  534, *VE 后道修整器前的激光器      , 41, 22, 41, 16
1223,  535, *VE 后道修整器后的激光器      , 41, 22, 41, 16
121D,  536, VE 烟丝堵塞烟条在后           , 19, 19, 41, 16
1224,  544, VE 供料器的装料信号           , 25, 25, 41, 16
1226,  546, *VE 抽吸空气                  , 12, 12, 41, 11
1227,  547, *VE 空气射流                  , 12, 12, 41, 11
1228,  548, VE 风机起动                   , 25, 25, 41, 20
1229,  549, VE 烟梗料位                   , 25, 25, 41, 19
122A,  550, VE 风机腔室防护罩             , 11, 11, 41, 11
122B,  551, VE 液压室防护罩               , 11, 11, 41, 11
122C,  552, VE 配电箱的配线面             , 12, 12, 41, 10
122D,  553, VE 喷嘴槽位置                 , 17, 17, 41, 16
122E,  554, *VE 多余量调节器              , 25, 25, 41, 20
1231,  557, *VE 前道修整器前的激光器      , 41, 25, 41, 20
1232,  558, *VE 前道修整器后的激光器      , 41, 25, 41, 20
1233,  559, VE 烟丝堵塞烟条在前           , 19, 19, 41, 16
1234,  560, VE 配线面温度                 , 11, 11, 41, 11
1235,  561, VE 滑动配电箱?                , 11, 11, 19, 11
1236,  562, VE 弹丝辊盖板?                , 12, 12, 41, 11
1237,  563, VE 配电箱门?                  , 30, 30, 41, 11
1238,  564, VE 配电箱温度                 , 11, 11, 41, 11
1239,  565, *VE 抽吸空气                  , 11, 11, 41, 11
123A,  566, *VE 空气射流                  , 11, 11, 41, 11
123B,  567, *VE 辅助驱动器                , 11, 11, 41, 11
123C,  568, VE 喂丝机驱动器               , 11, 11, 41, 11
123D,  569, *VE 星形棍                    , 11, 11, 41, 11
123E,  570, *VE 后道振动式输送机          , 11, 11, 41, 11
123F,  571, *VE 烟梗振动式输送机          , 11, 11, 41, 11
1240,  572, *VE 桨叶辊                    , 11, 11, 41, 11
1241,  573, *VE 预分配箱驱动器            , 11, 11, 41, 11
1242,  574, *VE 振动式堆料槽驱动器        , 11, 11, 41, 11
1243,  575, *VE 螺旋式输送机驱动器        , 11, 11, 41, 11
1244,  576, *VE 回送皮带                  , 11, 11, 41, 11
1245,  577, *VE 液压泵                    , 11, 11, 41, 11
1246,  578, *VE 磁铁轨驱动器              , 11, 11, 41, 11
1247,  579, *VE 抽吸空气单元的接触器      , 11, 11, 41, 11
1248,  580, *VE 辅助驱动器的接触器        , 11, 11, 41, 11
1249,  581, *VE 喂丝机驱动器的接触器      , 11, 11, 41, 11
124A,  582, *VE 向前回送皮带接触器        , 11, 11, 41, 11
124B,  583, *VE 向后回送皮带接触器        , 11, 11, 41, 11
124C,  584, *VE 磁铁轨接触器断开          , 11, 11, 41, 11
124D,  585, *VE 磁铁轨关闭机构的接触器    , 11, 11, 41, 11
124E,  586, *VE　液压系统接触器           , 11, 11, 41, 11
1250,  593, *VE 后道吸丝带调整辊          , 19, 19, 41, 16
1251,  592, *VE 前道吸丝带调整辊          , 19, 19, 41, 16
1252,  595, *VE  SRM保护开关              , 19, 19, 19, 10
1253, 1202, VE 清洁激活                   , 41, 41, 41, 10
1254, 1203, VE 清洁故障                   , 19, 19, 41, 10
1255, 1254, 前道空气速度                  , 19, 19, 41, 10
1256, 1255, 后道空气速度                  , 19, 19, 41, 10
1257, 1256, 叶轮闸门驱动装置              , 19, 19, 41, 10
1258, 1257, 旋转筛网驱动装置              , 19, 19, 41, 10
1259, 1258, 导向转接器位置                , 19, 19, 41, 10
125A, 1259, 碎烟丝回送防护罩              , 19, 19, 41, 10
125B, 1260, 体积流量调节                  , 19, 19, 41, 10
1300,  600, *SE 节拍中断                  , 19, 19, 19, 13
1302,  602, SE 左侧印墨箱                 , 19, 37, 41, 13
1303,  652, SE 左侧印墨墨筒               , 20, 29, 41, 20
1304,  652, SE 左侧印墨墨筒               , 13, 16, 19, 13
1305,  604, SE 右侧印墨箱                 , 19, 37, 41, 13
1306,  653, SE 右侧印墨墨筒               , 20, 29, 41, 20
1307,  653, SE 右侧印墨墨筒               , 13, 16, 19, 13
1308,  606, SE 左侧印刷器防护罩           , 19, 19, 41, 19
1309,  606, SE 左侧印刷器防护罩           , 24, 24, 41, 20
130A,  607, SE 胶水储备                   , 25, 25, 41, 20
130B,  607, SE 胶水储备                   , 19, 16, 19, 10
1390,  736, SE 前道封口胶水压力           , 25, 25, 41, 20
1391,  736, SE 前道封口胶水压力           , 14, 14, 19, 10
1392,  737, SE 后道封口胶水压力           , 25, 25, 41, 20
1393,  737, SE 后道封口胶水压力           , 14, 14, 19, 10
130C,  608, SE 加热器已关断               , 25, 25, 41, 20
130D,  609, SE 封口器已关断               , 27, 27, 41, 20
130E,  610, SE 左侧印墨单元已关断         , 27, 27, 41, 20
130F,  611, SE 右侧印墨单元已关断         , 27, 27, 41, 20
1310,  612, SE 胶水单元已关断             , 25, 25, 41, 20
1373,  612, SE 胶水单元已关断             , 19, 19, 19, 16
1311,  594, VE/SE 运行操作开关            , 16, 16, 41, 13
1312,  614, SE 在手动运行方式下           , 36, 36, 41, 20
1313,  615, SE 在点动运行方式下           , 21, 21, 41, 20
1314,  616, SE 运行方式                   , 19, 19, 41, 13
1315,  987, 切刀罩                        , 13, 13, 15, 13
1316,  618, SE 烟枪布带盖板               , 12, 12, 12, 10
1317,  613, SE 下部刀罩                   , 13, 13, 15, 13
1318,  620, SE 上部刀罩                   , 13, 13, 15, 13
1319,  621, SE 封口器防护罩?              , 17, 17, 19, 13
131A,  622, SE 无烟条起始端前             , 16, 16, 19, 13
131B,  623, SE 前道烟条动态检测           , 16, 16, 25, 13
131C,  624, SE 无烟条起始端后             , 16, 16, 19, 13
131D,  625, SE 后道烟条动态检测           , 16, 16, 25, 13
131E,  642, SE 前道烟枪入口区断纸         , 22, 22, 40, 20
131F,  643, SE 后道烟枪入口区断纸         , 22, 22, 40, 20
1320,  628, VE/SE 辅助驱动器              , 15, 15, 15, 13
1321,  629, 关断　SE 辅助驱动器           , 14, 14, 15, 13
1322,  630, SE 手动停机                   , 16, 16, 19, 13
1323,  631, *SE 停机状态监测器            , 15, 15, 41, 10
1324,  632, 盘纸自动更换机 1 SE           , 35, 35, 41, 20
1325,  632, 盘纸自动更换机 1 SE           , 17, 17, 19, 16
133E,  709, *SE 粘接片                    , 19, 19, 20, 16
1326,  633, BOB1/SE 盘纸储备              , 34, 34, 41, 20
1327,  634, BOB1/SE 盘纸未打开            , 27, 27, 41, 20
1328,  635, BOB/SE 3 秒钟点动运行         , 20, 20, 41, 20
1329,  636, BOB1/SE 传动链                , 25, 25, 41, 20
132A,  637, BOB1/SE 粘接片                , 28, 28, 41, 20
132B,  638, BOB1/SE 夯实箱                , 30, 30, 41, 20
132C,  639, SE 烟纸储备                   , 20, 20, 41, 20
132D,  639, SE 烟纸储备                   , 16, 16, 19, 13
132E,  640, SE 前道下方烟纸断裂           , 17, 17, 19, 16
132F,  641, SE 后道下方烟纸断裂           , 17, 17, 19, 16
1331,  643, SE 后道烟枪入口区断纸         , 17, 17, 19, 16
1330,  642, SE 前道烟枪入口区断纸         , 17, 17, 19, 16
1332,  644, SE 校准                       , 20, 20, 41, 20
1333,  645, SE 切刀进给                   , 34, 34, 41, 20
1334,  645, SE 切刀进给                   , 16, 16, 19, 13
1335,  646, SE 油压                       , 13, 13, 15, 11
1336,  647, SE 压缩空气                   , 11, 11, 15, 11
1337,  648, SE 烟枪温度过热               , 17, 17, 19, 13
1338,  649, *SE PLC 配电箱温度            , 16, 16, 25, 13
1339,  650, *SE PC 柜温度                 , 16, 16, 25, 13
133A,  651, *SE SAS 配电箱温度            , 16, 16, 25, 13
133B,  640, SE 前道下方烟纸断裂           , 22, 22, 40, 20
133C,  641, SE 后道下方烟纸断裂           , 22, 22, 40, 20
133D,  654, SE 拉纸辊位置                 , 19, 19, 40, 15
133F,  654, SE 拉纸辊位置                 , 21, 21, 40, 21
1340,  656, *SE 油压开关                  , 18, 18, 19, 10
1342,  658, SE 切刀长度                   , 16, 16, 19, 16
1343,  659, SE 封口胶水喷嘴温度           , 16, 16, 19, 16
1344,  660, *SE 胶水喷嘴加热器断线        , 16, 16, 19, 16
1345,  661, *SE 卷烟纸导向器温度          , 17, 17, 19, 16
1346,  662, *SE 纸导向加热器断线          , 16, 16, 19, 16
1347,  663, *SE 侧面通道压缩机接触器      , 16, 16, 19, 16
1348,  664, *SE 油泵接触器                , 16, 16, 19, 16
1349,  665, *SE 加热器接触器              , 16, 16, 19, 16
134A,  666, *SE 废料输送皮带接触器        , 16, 16, 19, 16
134B,  667, *SE 盘纸回转接触器            , 16, 16, 19, 16
134E,  670, *SE 废料输送皮带              , 16, 16, 19, 16
134F,  671, *SE 盘纸回转盘                , 16, 16, 19, 16
1350,  672, *SE 侧面通道压缩机            , 16, 16, 19, 16
1351,  673, *SE 油泵                      , 16, 16, 19, 16
1352,  674, *SE 加热器 1 的保险丝         , 16, 16, 19, 16
1353,  675, *SE 加热器 2 的保险丝         , 16, 16, 19, 16
1354,  676, *SE 加热器的保险丝 ORIS       , 16, 16, 19, 16
1355,  677, SE 功率配电箱门?              , 30, 30, 41, 16
1341,  742, SE PLC 配电箱门               , 30, 30, 41, 16
1356,  678, *SE 侧面通道压缩机            , 16, 16, 19, 16
1357,  679, SE 电源滤波器配电箱门         , 30, 30, 41, 16
1358,  680, SE 右侧机器室的门             , 30, 30, 41, 16
1359,  681, SE 中部机器室的门             , 30, 30, 41, 16
135A,  682, SE 左侧机器室的门             , 30, 30, 41, 16
135B,  683, SE 接缝封口器位置             , 16, 16, 19, 16
135C,  684, SE 右侧印刷器的门             , 30, 30, 41, 16
135D,  685, SE PC 机房配电箱门            , 30, 30, 41, 16
135F,  687, SE SAS 1 配电箱门             , 30, 30, 41, 16
1360,  688, SE SAS 2 配电箱门             , 30, 30, 41, 16
1361,  617, SE 风机起动                   , 19, 19, 19, 16
138A,  726, *SE 左侧印墨驱动器            , 19, 19, 41, 10
138B,  727, *SE 右侧印墨驱动器            , 19, 19, 41, 10
1362,  690, *SE 后密封室高度调节          , 19, 19, 41, 10
1363,  691, *SE 前密封室高度调节          , 19, 19, 41, 10
1366,  694, *SE 印模调整                  , 19, 19, 41, 10
1367,  695, *SE 印模调整节拍监控          , 19, 19, 41, 10
1368,  696, SE 前道接缝封口器温度         , 25, 25, 41, 19
1369,  697, *SE 前道封口器温度过高        , 16, 16, 19, 13
136A,  698, *SE 前道封口加热器 断线       , 16, 16, 19, 13
136B,  699, SE 后道接缝封口器温度         , 25, 25, 41, 19
136C,  700, *SE 后道封口器温度过高        , 16, 16, 19, 13
136D,  701, *SE 前道封口加热器 断线       , 16, 16, 19, 13
136F,  608, SE 加热器已关断               , 19, 19, 19, 16
1370,  609, SE 封口器已关断               , 19, 19, 19, 16
1371,  610, SE 左侧印墨单元已关断         , 19, 19, 19, 16
1372,  611, SE 右侧印墨单元已关断         , 19, 19, 19, 16
1374,  703, SE MAX 的通信                 , 26, 26, 41, 19
1375, 1145, VE/SE BOB 1 的粘接段          , 20, 20, 41, 20
1376,  705, SE 拼接段已取走               , 20, 20, 41, 20
1377, 1143, *SE PLC-HIP 通讯              , 19, 19, 25, 16
1378,  706, SE 前道烟条断裂               , 19, 19, 19, 13
1379,  707, SE 后道烟条断裂               , 19, 19, 19, 13
137A, 1146, SE 粘接段传感器 1             , 20, 20, 41, 16
137B,  711, TBF1 手动停止                 , 32, 32, 41, 20
137C,  712, TBF1 驱动装置                 , 32, 32, 41, 20
137D,  713, TBF1 抓手                     , 32, 32, 41, 20
137E,  714, TBF1 传递装置 BOB 1           , 32, 32, 41, 20
137F,  715, TBF1 传递装置 BOB 2           , 32, 32, 41, 20
1380,  716, TBF1 中间储库                 , 32, 32, 41, 20
1382,  718, TBF1 概况                     , 32, 32, 41, 20
1383,  719, *TBF1 电气装置                , 32, 32, 41, 20
1384,  720, TBF1 货板空                   , 32, 32, 41, 20
138D, 1144, *SE SE-MAX 通讯               , 19, 19, 25, 16
138E,  734, *SE 前封口器                  , 19, 19, 20, 10
138F,  735, *SE 后封口器                  , 19, 19, 20, 10
1394,  738, SE 前通道纸断裂               , 14, 14, 19, 10
1395,  739, SE 后通道纸断裂               , 14, 14, 19, 10
1396,  740, SE 前道粘接段 1 纸断裂        , 14, 14, 19, 10
1397,  741, SE 后道粘接段 1 纸断裂        , 14, 14, 19, 10
1398,  678, *SE 侧面通道压缩机            , 16, 16, 19, 16
1399,  993, SE 烟丝尘屑容器已满           , 19, 19, 41, 10
139A,  994, SE 烟丝尘屑容器位置           , 25, 25, 41, 10
139B, 1147, SE 烟条断裂                   , 19, 19, 19, 13
139C, 1148, 盘纸自动更换机 2 SE           , 35, 35, 41, 20
139D, 1148, 盘纸自动更换机 2 SE           , 17, 17, 19, 16
139E, 1149, BOB2/SE 盘纸储备              , 34, 34, 41, 20
139F, 1150, BOB2/SE 盘纸未打开            , 27, 27, 41, 20
13A0, 1151, BOB2/SE 3 秒钟点动运行        , 20, 20, 41, 20
13A1, 1152, BOB2/SE 传动链                , 25, 25, 41, 20
13A2, 1153, BOB2/SE 粘接片                , 28, 28, 41, 20
13A3, 1154, BOB2/SE 夯实箱                , 30, 30, 41, 20
13A4, 1156, TBF2 手动停机                 , 32, 32, 41, 20
13A5, 1157, TBF2 驱动装置                 , 32, 32, 41, 20
13A6, 1158, TBF2 抓头                     , 32, 32, 41, 20
13A7, 1159, TBF2 传递装置 BOB 1           , 32, 32, 41, 20
13A8, 1160, TBF2 传递装置 BOB 2           , 32, 32, 41, 20
13A9, 1161, TBF2 中间料库                 , 32, 32, 41, 20
13AB, 1163, TBF2 概况                     , 32, 32, 41, 20
13AC, 1164, *TBF2 电气装置                , 32, 32, 41, 20
13AD, 1165, TBF2 货板空                   , 32, 32, 41, 20
13B3, 1175, AMK 配置已更改                , 15, 15, 19, 10
13B4, 1176, SE 前道粘接段 2 纸断裂        , 17, 17, 19, 16
13B5, 1177, SE 后道粘接段 2 纸断裂        , 17, 17, 19, 16
13B6, 1176, SE 前道粘接段 2 纸断裂        , 22, 22, 40, 20
13B7, 1177, SE 后道粘接段 2 纸断裂        , 22, 22, 40, 20
13B8, 1178, SE 前道杆纸断裂               , 17, 17, 40, 16
13B9, 1179, SE 后道杆纸断裂               , 17, 17, 40, 16
13BA, 1180, SE 粘接段传感器 2             , 20, 20, 41, 16
13BB, 1200, VE/SE BOB 2 的粘接段          , 20, 20, 41, 20
13BC, 1201, *SE DWR                       , 20, 20, 41, 16
13BD,  743, SE 滚花部位传感器 1           , 20, 20, 41, 16
13BE,  744, SE 滚花部位传感器 2           , 20, 20, 41, 16
13BF,  745, 油池温度报警                  , 17, 17, 31, 16
1790,  190, 可 编 程 控 制 停 止          , 11, 11, 30, 10
17A7,  384, 总线配置                      , 41, 41, 41, 10
17A8,  562, 与 MAX相 位 位 置             , 22, 19, 41, 10
2100,  554, MAX 阀 Y2                     , 20, 20, 41, 19
2101,  555, MAX 阀 Y3                     , 20, 20, 41, 19
2102,  556, MAX 阀 Y5                     , 20, 20, 41, 19
2103,  557, MAX 阀 Y6                     , 20, 20, 41, 19
2104,  558, MAX 阀 Y7                     , 20, 20, 41, 19
2105,  559, MAX 阀 Y8                     , 20, 20, 41, 19
2106,  560, MAX 阀 Y9                     , 20, 20, 41, 19
2107,  561, MAX 阀 Y10                    , 20, 20, 41, 19
2108,  562, MAX 光传感器 B1               , 20, 20, 41, 19
2109,  563, MAX 光传感器 B2               , 20, 20, 41, 19
210A,  564, MAX 光传感器 B3               , 20, 20, 41, 19
210B,  565, MAX 光传感器 B4               , 20, 20, 41, 19
210C,  566, MAX 光传感器 B5               , 20, 20, 41, 19
210D,  567, MAX 光传感器 B6               , 20, 20, 41, 19
210E,  568, MAX 光传感器 B7               , 20, 20, 41, 19
210F,  569, MAX 光传感器 B14              , 20, 20, 41, 19
2110,  570, MAX 光传感器 B15              , 20, 20, 41, 19
2111,  578, MAX 光传感器 B16M             , 20, 20, 41, 19
2112,  579, MAX 光传感器 B17M             , 20, 20, 41, 19
2113,  571, MAX 光传感器 B24              , 20, 20, 41, 19
2114,  572, MAX 光传感器 B41              , 20, 20, 41, 19
2115,  573, MAX 光传感器 B42              , 20, 20, 41, 19
2116,  574, MAX 过滤嘴棒监测              , 16, 16, 25, 11
2117,  575, MAX 搓接块堵塞                , 15, 15, 20, 10
2118,  576, MAX 上激光器堵塞              , 15, 15, 20, 10
2119,  577, MAX 下激光器堵塞              , 15, 15, 20, 10
211A,  582, MAX 堵塞 B14/15               , 15, 15, 20, 10
211B, 1206, *MAX 通讯 SPS-HIP             , 15, 15, 20, 10
211C,  603, MAX 取样起动                  , 15, 15, 25, 15
211D, 1207, MAX BOB 的拼接段              , 20, 20, 41, 20
211E,  605, 取出 MAX 粘接段               , 20, 20, 41, 20
211F,  627, MAX 堵塞 B24M                 , 15, 15, 20, 10
2120,  649, MAX 胶水传感器剔出            , 16, 16, 25, 15
2121,  649, MAX 胶水传感器剔出            , 20, 20, 40, 20
2122,  650, MAX 水松纸传感器剔出          , 16, 16, 25, 15
2123,  650, MAX 水松纸传感器剔出          , 20, 20, 40, 20
2124,  651, MAX 水松纸缠卷剔出            , 16, 16, 25, 15
2125,  651, MAX 水松纸缠卷剔出            , 20, 20, 40, 20
2126,  652, *MAX 胶水传感器               , 16, 16, 40, 15
2127,  653, MAX 离合器手轮                , 15, 15, 19, 10
2128,  654, MAX 胶水杆不在工作位置        , 16, 16, 41, 10
2129,  655, MAX 卷曲器不在工作位置        , 16, 16, 41, 10
212A,  665, MAX 摆动杆校准                , 16, 16, 16, 10
212B,  666, MAX SDS 2 温度过高            , 16, 16, 16, 10
212C,  776, 杂质盘不在工作位置            , 41, 41, 41, 10
212D, 1115, MAX 胶水辊零位                , 19, 19, 41, 10
212E,  111, QBC 料库工作点                , 41, 41, 41, 10
212F,  112, QBC 料库最小值                , 41, 41, 41, 10
2130, 1143, MAX 胶水箱料位太低            , 41, 41, 41, 10
2131, 1149, MAX 振荡器 滞后故障           , 41, 41, 41, 10
2132, 1150, MAX 胶水杆位置在左            , 41, 41, 41, 10
2133, 1151, MAX 胶水杆位置在右            , 41, 41, 41, 10
2134,  908, 滤嘴输入段                    , 19, 19, 41, 10
2135, 1170, MAX 覆盖上聚焦                , 41, 41, 41, 10
2136, 1171, MAX 覆盖下聚焦                , 19, 19, 41, 10
2137, 1176, MAX 堵塞 B2 / B3              , 25, 25, 41, 10
2138, 1177, MAX 堵塞 B4 / B5              , 25, 25, 41, 10
2139, 1178, MAX 堵塞 B6 / B7              , 25, 25, 41, 10
213A, 1179, 更换胶水罐                    , 25, 25, 41, 10
213B, 1182, 检查胶水传感器 B64M           , 25, 25, 41, 10
213C, 1221, 检查上聚焦传感器              , 25, 25, 41, 10
213D, 1222, 检查下聚焦传感器              , 25, 25, 41, 10
2200,  514, MAX 主驱动器                  , 15, 15, 41, 10
2201,  401, *MAX 保险丝                   , 15, 15, 41, 10
2202,  402, MAX 手动运行                  , 21, 21, 41, 10
2203,  842, 信道?                         , 15, 15, 41, 10
2204,  403, MAX 材料闭锁                  , 25, 25, 41, 10
2205,  515, MAX 辅助驱动装置              , 15, 15, 41, 10
2206,  405, MAX 油压                      , 15, 15, 41, 10
2207,  406, *MAX 油压开关                 , 15, 15, 41, 10
2208,  407, MAX 手动停止                  , 16, 16, 41, 10
2209,  402, MAX 手动运行                  , 15, 15, 41, 10
220A,  409, MAX 下护罩                    , 15, 15, 15, 10
220B,  410, MAX 上护罩                    , 15, 15, 15, 10
220C,  411, MAX 转交装置防护罩            , 15, 15, 15, 10
220D,  412, MAX 储库盖板                  , 25, 25, 41, 15
220E,  623, *MAX 安全 回路 SAS            , 10, 10, 12, 10
220F,  414, *MAX 安全回路 SE              , 10, 10, 12, 10
2210,  415, *MAX 安全回路 SAS             , 10, 10, 12, 10
2211,  416, MAX 料库闸门                  , 19, 25, 41, 15
2212,  417, MAX 紧急停机                  , 11, 11, 12, 10
22AD,  608, *MAX 蜘蛛手停机状态           , 14, 14, 41, 10
2213,  418, *MAX 主驱动器停机状态         , 14, 14, 41, 10
2214,  545, *MAX 配电箱温度               , 10, 25, 41, 10
2215,  420, *MAX 风机温度                 , 15, 15, 41, 10
2216,  421, MAX 风机                      , 15, 15, 41, 10
2217,  422, MAX 烟条段切刀                , 25, 25, 41, 20
2218,  422, MAX 烟条段切刀                , 20, 16, 41, 10
2219,  423, MAX 切刀关闭                  , 15, 15, 41, 10
221A,  516, MAX 转速额定值                , 25, 25, 41, 10
221B,  425, MAX 滤嘴料位                  , 25, 25, 41, 10
221C,  425, MAX 滤嘴料位                  , 16, 16, 41, 10
221D,  426, FT 发射台 1                   , 16, 16, 41, 10
221E,  427, FT 发射台 2                   , 16, 16, 41, 10
221F,  428, FT 发射台 3                   , 16, 16, 41, 10
2220,  429, FT 接收台 1                   , 25, 25, 41, 10
2221,  430, FT 接收台 2                   , 25, 25, 41, 10
2222,  431, FT 接收台 3                   , 25, 25, 41, 10
2223,  432, MAX 滤嘴堵塞                  , 16, 16, 41, 10
2224,  433, MAX 滤嘴离合器                , 16, 16, 41, 10
2225,  517, *MAX SAS 接收                 , 16, 16, 41, 10
2226,  435, MAX 水松纸储备                , 25, 25, 41, 20
2227,  435, MAX 水松纸储备                , 16, 16, 41, 10
2228,  436, MAX 张紧盘纸                  , 25, 25, 41, 20
2229,  436, MAX 张紧盘纸                  , 16, 16, 41, 10
222A,  437, MAX 拉纸辊位置                , 15, 15, 41, 10
222B,  438, MAX 水松纸温度                , 16, 16, 41, 10
222C,  439, *MAX 水松纸加热               , 15, 15, 41, 10
222D,  440, *MAX PT100 水松纸             , 15, 15, 41, 10
222E,  441, MAX 搓接块温度                , 15, 15, 41, 10
222F,  442, *MAX 搓接块加热               , 15, 15, 41, 10
2230,  443, *MAX PT100 搓接块             , 15, 15, 41, 10
2231,  444, MAX 胶水罐缺少                , 15, 15, 41, 10
2232,  445, MAX 胶水罐位置                , 15, 15, 41, 10
2233,  446, MAX 无胶水                    , 16, 16, 41, 10
2234,  447, MAX 胶水料位                  , 25, 25, 41, 10
2235,  518, MAX 胶水循环                  , 20, 20, 41, 10
2236,  519, MAX 胶水储备                  , 25, 25, 41, 10
2237,  520, MAX 蜘蛛手加油                , 16, 16, 41, 10
2238,  521, MAX 变频器允许投入            , 16, 16, 41, 10
2239,  522, *MAX AMK驱动器                , 15, 15, 15, 10
223A,  580, MAX 胶水装置油压              , 16, 16, 20, 10
223B,  453, MAX 出口堵塞                  , 15, 15, 15, 10
225B,  486, MAX 搓接块位置                , 15, 15, 41, 10
225C,  485, MAX 点动运行                  , 20, 20, 41, 10
225D,  487, MAX 转交处堵塞                , 16, 15, 41, 10
225E,  488, *MAX 安全回路                 , 15, 15, 15, 10
225F,  523, MAX 水松纸识别                , 15, 15, 41, 10
2260,  495, MAX 废烟输送带防护罩          , 15, 15, 41, 10
2261,  648, MAX 胶水箱位置                , 20, 20, 41, 10
2262,  492, MAX 配电箱门                  , 25, 25, 41, 10
2263,  496, MAX 激光器                    , 16, 16, 41, 10
2264,  497, MAX 卷曲器水松纸断裂          , 15, 15, 41, 10
2265,  448, MAX 加热器水松纸断裂          , 15, 15, 41, 10
2266,  545, *MAX 配电箱温度               , 19, 20, 41, 10
2267,  545, *MAX 配电箱温度               , 15, 20, 41, 10
2268,  501, 3FE 管 3 堵塞                 , 22, 22, 41, 10
2269,  503, MAX 压缩空气                  , 16, 15, 41, 10
226A,  504, MAX 激光器 钥匙开关           , 16, 16, 41, 10
226B,  626, MAX 冷却回路 2 压力           , 15, 20, 41, 15
226C,  526, MAX 烟支切刀                  , 25, 25, 41, 10
226D,  526, MAX 烟支切刀                  , 20, 16, 41, 10
226E,  527, MAX 主驱动器 滞后故障         , 15, 15, 41, 10
226F,  528, MAX 蜘蛛手滞后故障            , 15, 15, 41, 10
2270,  529, MAX 胶水辊滞后故障            , 15, 15, 41, 10
2271,  530, MAX 拉纸辊滞后故障            , 15, 15, 41, 10
2272,  524, MAX 废烟太多                  , 16, 16, 41, 10
2273,  498, MAX 滤嘴储库                  , 25, 25, 41, 10
2274,  531, FT 发射台 4                   , 25, 25, 41, 10
2275,  532, FT 接收台 4                   , 25, 25, 41, 10
2276,  505, 3FE 模块 1 堵塞               , 25, 25, 41, 10
2277,  506, 3FE 模块 2 堵塞               , 25, 25, 41, 10
2278,  507, 3FE 模块 3 堵塞               , 25, 25, 41, 10
2279,  533, 3FE 模块 4 堵塞               , 25, 25, 41, 10
227A,  499, 3FE 管 1 堵塞                 , 25, 25, 41, 10
227B,  500, 3FE 管 2 堵塞                 , 25, 25, 41, 10
227C,  501, 3FE 管 3 堵塞                 , 25, 25, 41, 10
227D,  534, 3FE 管 4 堵塞                 , 25, 25, 41, 10
227E,  535, *MAX 主风机                   , 15, 15, 20, 11
227F,  536, *MAX 真空泵                   , 15, 15, 25, 15
2280,  537, *MAX 油泵                     , 15, 15, 25, 15
2281,  538, *MAX 切刀电机                 , 15, 15, 25, 15
2282,  539, *MAX 胶水泵                   , 15, 15, 25, 15
2283,  540, *MAX BOB 回转电机             , 15, 15, 25, 15
2284,  541, *MAX 滑台电机                 , 15, 15, 25, 15
2285,  542, *MAX 废烟输送带               , 15, 15, 25, 15
2286,  543, *MAX 倾向输送机               , 15, 15, 25, 15
2287,  544, *MAX 控制电压                 , 15, 15, 25, 15
2288,  547, BOB/MAX                       , 16, 16, 25, 15
2289,  547, BOB/MAX                       , 20, 20, 25, 20
228A,  548, BOB/MAX 3 秒钟点动            , 20, 20, 25, 20
228B,  549, BOB/MAX 材料                  , 20, 20, 25, 20
228C,  550, BOB/MAX 粘接片                , 20, 20, 25, 20
228D,  551, BOB/MAX 储备                  , 20, 20, 25, 20
228E,  552, BOB/MAX 穿纸                  , 20, 20, 25, 20
228F,  553, BOB/MAX 夯实箱                , 20, 20, 25, 20
2290,  581, MAX 阀压力空气                , 19, 16, 40, 15
2291,  583, 3FE 回转导向器 1              , 25, 25, 41, 20
2292,  584, 3FE 回转导向器 2              , 25, 25, 41, 20
2293,  585, 3FE 回转导向器 3              , 25, 25, 41, 20
2294,  586, 3FE 回转导向器 4              , 25, 25, 41, 20
2295,  509, 3FE 驱动装置参数              , 25, 25, 41, 20
2296,  510, 3FE 驱动装置复位              , 25, 25, 41, 20
2297,  587, 3FE 软件                      , 25, 25, 41, 20
2298,  823, 3FE 故障删除                  , 25, 25, 41, 20
2299,  508, 3FE 通讯                      , 20, 20, 41, 20
229A,  511, 3FE SAS 模块 1                , 20, 20, 41, 20
229B,  512, 3FE SAS 模块 2                , 20, 20, 41, 20
229C,  513, 3FE SAS 模块 3                , 20, 20, 41, 20
229D,  588, 3FE SAS 模块 4                , 20, 20, 41, 20
229E,  589, *MAX 传感器/执行机构总线      , 10, 10, 15, 10
229F,  590, MAX SAS 驱动装置复位          , 15, 15, 41, 10
22A0,  591, MAX SAS 驱动装置参数          , 15, 15, 41, 10
22A1,  592, *MAX 配电箱风扇               , 15, 15, 25, 15
22A2,  913, *MAX 上护罩接触器             , 13, 13, 15, 13
22A3,  914, *MAX 下护罩接触器             , 13, 13, 15, 13
22A4,  595, *MAX 风机变频器               , 13, 13, 20, 13
22A5,  596, *MAX 胶水输入变频器           , 16, 16, 20, 13
22A6,  597, *MAX 胶水抽吸变频器           , 16, 16, 20, 13
22A7,  598, *MAX 滤嘴输入变频器           , 16, 16, 20, 13
22A8,  599, *MAX 叠式形成器变频器         , 16, 16, 20, 13
22A9,  600, *MAX 刷子变频器               , 16, 16, 20, 13
22AA,  601, *MAX 变频器 上防护罩          , 16, 16, 20, 13
22AB,  602, *MAX 变频器 下防护罩          , 16, 16, 20, 13
22AC,  607, MAX 废烟输送皮带关闭          , 16, 16, 41, 10
22AE,  609, *MAX 拉纸平衡箱               , 15, 15, 25, 15
22AF,  475, *HCF 电机保护开关             , 15, 15, 25, 15
22B0,  610, *MAX 冷却装置 1               , 15, 15, 25, 15
22B1,  611, *MAX 冷却装置 2               , 15, 15, 25, 15
22B2,  612, *MAX 驱动装置的电机保护       , 15, 15, 25, 15
22B3,  613, MAX 滤嘴切刀防护罩            , 15, 20, 25, 15
22B4,  614, MAX 外部水泵                  , 15, 15, 25, 13
22B5,  615, MAX 油泵                      , 15, 15, 25, 15
22B6,  616, *MAX QEF/QES 蜘蛛手           , 10, 10, 12, 10
22B7,  618, *MAX EF/QEF 蜘蛛手            , 10, 10, 12, 10
22B8,  620, *MAX 蜘蛛手安全回路           , 10, 10, 12, 10
22B9,  617, *MAX QEF／QES 主驱动器        , 10, 10, 12, 10
22BA,  619, *MAX EF/QEF 主驱动器          , 10, 10, 12, 10
22BB,  621, *MAX 主驱动器安全回路         , 10, 10, 12, 10
22BC,  622, MAX 卷曲器拉力                , 16, 16, 41, 15
22BE,  624, MAX 冷却回路 2 温度           , 16, 16, 41, 15
22BF,  625, MAX 冷却回路 1 压力           , 15, 20, 41, 15
2300,  454, 连接机器停止                  , 16, 15, 41, 10
2301,  455, 连接机器程序停止              , 16, 16, 41, 10
2302,  456, 连接机器堵塞                  , 15, 15, 41, 10
2303,  457, 连接机器 01                   , 25, 25, 41, 10
2304,  458, 连接机器 02                   , 25, 25, 41, 10
2305,  459, 连接机器 03                   , 25, 25, 41, 10
2306,  460, 连接机器 04                   , 25, 25, 41, 10
2307,  461, 连接机器 05                   , 25, 25, 41, 10
2308,  462, 连接机器 06                   , 25, 25, 41, 10
2309,  463, 连接机器 07                   , 25, 25, 41, 10
230A,  464, 连接机器 08                   , 25, 25, 41, 10
230B,  465, 连接机器 09                   , 25, 25, 41, 10
230C,  466, 连接机器 10                   , 25, 25, 41, 10
230D,  467, 连接机器 11                   , 25, 25, 41, 10
230E,  468, 连接机器 12                   , 25, 25, 41, 10
230F,  469, 连接机器 13                   , 25, 25, 41, 10
2310,  470, 连接机器 14                   , 25, 25, 41, 10
2311,  471, 连接机器 15                   , 25, 25, 41, 10
2312,  472, 连接机器 16                   , 25, 25, 41, 10
2313,  473, HCF 紧急停机                  , 15, 15, 41, 10
2314,  474, HCF 手动运行                  , 25, 25, 41, 10
2315,  475, *HCF 电机保护开关             , 25, 25, 41, 10
2316,  476, HCF 防护罩                    , 25, 25, 41, 10
2317,  477, HCF 料盘站                    , 25, 25, 41, 10
2318,  478, *HCF 保险丝                   , 25, 25, 41, 10
2319,  479, HCF 堵塞（料库）              , 25, 25, 41, 10
231A,  480, HCF 入口堵塞                  , 25, 25, 41, 10
231B,  481, HCF 满料盘                    , 25, 25, 41, 10
231C,  482, HCF 空料盘                    , 25, 25, 41, 10
231D,  483, *HCF 电子设备电压             , 25, 25, 41, 10
231E,  484, HCF 辅助驱动装置              , 25, 25, 41, 10
231F,  647, HCF 警告                      , 32, 32, 41, 20
2320,  631, TBF2 手动停机                 , 32, 32, 41, 20
2321,  632, TBF2 驱动装置                 , 32, 32, 41, 20
2322,  633, TBF2 抓手                     , 32, 32, 41, 20
2323,  634, TBF2 传递装置 BOB 1           , 32, 32, 41, 20
2324,  635, TBF2 传递装置 BOB 2           , 32, 32, 41, 20
2325,  636, TBF2 中间料库                 , 32, 32, 41, 20
2326,  637, TBF2 备用 7                   , 32, 32, 41, 20
2327,  638, TBF2 概况                     , 32, 32, 41, 20
2328,  639, *TBF2 电气装置                , 32, 32, 41, 20
2329,  640, TBF2 货板空                   , 32, 32, 41, 20
232A,  641, TBF2 空纸芯箱满               , 32, 32, 41, 20
232B,  642, TBF2 备用 12                  , 32, 32, 41, 20
232C,  643, TBF2 备用 13                  , 32, 32, 41, 20
232D,  644, TBF2 备用 14                  , 32, 32, 41, 20
232E,  645, TBF2 备用 15                  , 32, 32, 41, 20
232F, 1250, 2.3.1250                      , 32, 32, 41, 20
2330, 1251, 2.3.1251                      , 32, 32, 41, 20
2331, 1252, 2.3.1252                      , 32, 32, 41, 20
2332, 1253, 2.3.1253                      , 32, 32, 41, 20
2333, 1254, 2.3.1254                      , 32, 32, 41, 20
2334, 1255, 2.3.1255                      , 32, 32, 41, 20
2335, 1256, 2.3.1256                      , 32, 32, 41, 20
2336, 1257, 2.3.1257                      , 32, 32, 41, 20
2337, 1258, 2.3.1258                      , 32, 32, 41, 20
2338, 1259, 2.3.1259                      , 32, 32, 41, 20
2339, 1260, 2.3.1260                      , 32, 32, 41, 20
233A, 1261, 2.3.1261                      , 32, 32, 41, 20
233B, 1262, 2.3.1262                      , 32, 32, 41, 20
233C, 1263, 2.3.1263                      , 32, 32, 41, 20
233D, 1264, 2.3.1264                      , 32, 32, 41, 20
233E, 1265, 2.3.1265                      , 32, 32, 41, 20
233F, 1266, 2.3.1266                      , 32, 32, 41, 20
2340, 1267, 2.3.1267                      , 32, 32, 41, 20
2341, 1268, 2.3.1268                      , 32, 32, 41, 20
2342, 1269, 2.3.1269                      , 32, 32, 41, 20
2790,  190, 可 编 程 控 制 停 止          , 11, 11, 30, 10
27A7,  384, 总线配置                      , 41, 41, 41, 10
3100,  410, 紧 密 度 预 压                , 34, 34, 41, 16
3101,  411, 紧 密 度 故 障 频 率          , 34, 34, 41, 16
3102,  412, 紧 密 度 密 封                , 34, 34, 41, 16
3200,  415, 最 小 总 通 风 度             , 34, 34, 41, 20
3201,  415, 最 小 总 通 风 度             , 16, 16, 19, 16
3202,  416, 最 大 总 通 风 度             , 34, 34, 41, 20
3203,  416, 最 大 总 通 风 度             , 16, 16, 19, 16
3204,  417, 总 通 风 度标 准 偏 差        , 34, 34, 41, 16
3205,  418, 总 通 风 度 故 障 频 率       , 34, 34, 41, 16
3206,  419, 总 通 风 度 预 压             , 34, 34, 41, 16
3300,  420, 吸 阻 预 压                   , 41, 34, 41, 16
3301,  421, 最 小 吸 阻                   , 41, 34, 41, 20
3302,  421, 最 小 吸 阻                   , 19, 16, 19, 16
3303,  422, 最 大 吸 阻                   , 41, 34, 41, 20
3304,  422, 最 大 吸 阻                   , 19, 16, 19, 16
3305,  423, 吸 阻 标 准 偏 差             , 41, 34, 41, 16
3306,  424, 吸 阻 1故 障 频 率            , 34, 34, 41, 16
3307,  425, 吸 阻 密 封                   , 41, 34, 41, 16
4001,  620, 重 量 控 制 关 闭             , 40, 40, 41, 20
4002, 1054, 前 道 太 轻                   , 28, 28, 41, 16
4003, 1055, 后 道 太 轻                   , 28, 28, 41, 16
4004, 1056, 前 道 太 重                   , 28, 28, 41, 16
4005, 1057, 后 道 太 重                   , 28, 28, 41, 16
4006, 1062, 前 道 硬 点 烟                , 28, 28, 41, 16
4007, 1063, 后 道 硬 点 烟                , 28, 28, 41, 16
4008, 1058, 前 道 软 点 烟                , 28, 28, 41, 16
4009, 1059, 后 道 软 点 烟                , 28, 28, 41, 16
400A, 1060, 前 道 轻 烟 端                , 28, 28, 41, 16
400B, 1061, 后 道 轻 烟 端                , 28, 28, 41, 16
400C, 1036, 前 道 挡 块 吸 丝 带          , 21, 21, 41, 20
400D, 1037, 后 道 挡 块 吸 丝 带          , 21, 21, 41, 20
400E, 1038, 前 道 位 置 控 制 器          , 20, 20, 25, 19
400F, 1039, 后 道 位 置 控 制 器          , 20, 20, 25, 19
4010, 1064, 前 道 重 量 控 制             , 20, 20, 41, 16
4011, 1065, 后 道 重 量 控 制             , 20, 20, 41, 16
4012, 1044, 前 道 端 头 位 置             , 20, 20, 41, 20
4013, 1045, 后 道 端 头 位 置             , 20, 20, 41, 20
403C,  819, MW 扫 描 头 故 障             , 19, 19, 25, 16
4078,  819, MW 扫 描 头 故 障             , 20, 20, 20, 20
403D,  820, MW 烟丝温度传感器度故障       , 19, 19, 25, 16
4079,  820, MW 烟丝温度传感器度故障       , 20, 20, 20, 20
4065,  796, 前道测量值超出范围            , 20, 20, 41, 16
4066,  797, 后道测量值超出范围            , 20, 20, 41, 19
4018,   64, 没 有 烟 条 密 度 值          , 20, 20, 41, 16
4028, 1184, FK前废物                      , 25, 25, 41, 16
4029, 1185, FK后废物                      , 25, 25, 41, 16
402A,  750, 没有杂质识别                  , 21, 21, 41, 20
402B,  751, KIK 型号错误                  , 21, 21, 41, 20
4060,  926, MW MSP 预校对                 , 19, 19, 19, 16
4070,  925, 表格生成                      , 16, 16, 25, 16
4071,  925, 表格生成                      , 20, 20, 20, 20
4072,  924, 重新校准 MW                   , 20, 20, 40, 20
4063,  928, MW 参数适配                   , 19, 19, 19, 19
7000,  415, 烟条太薄                      , 34, 34, 41, 20
7001,  415, 烟条太薄                      , 16, 16, 19, 16
7002,  416, 烟条太厚                      , 34, 34, 41, 20
7003,  416, 烟条太厚                      , 16, 16, 19, 16
7004,  417, 直径测量   预压               , 34, 34, 41, 20
B000,  401, LES故 障 频 率                , 34, 34, 41, 16
B001,  400, LES烟 支 信 号                , 34, 34, 41, 20
B002,  400, LES烟 支 信 号                , 16, 16, 19, 16
B003,  405, LES前 道  杂 物               , 30, 30, 41, 16
B004,  406, LES后 道  杂 物               , 30, 30, 41, 16
B006,  407, LES吸 烟 端  烟 支 信 号      , 34, 34, 41, 20
B007,  407, LES吸 烟 端  烟 支 信 号      , 16, 16, 19, 16
B008,  408, LES前 道 吸 烟 端  杂 物      , 30, 30, 41, 16
B009,  409, LES后 道 吸 烟 端  杂 物      , 30, 30, 41, 16
B100,  402, OTIS故 障 频 率               , 34, 34, 41, 16
B101,  403, OTIS前 道  杂 物              , 30, 30, 41, 16
B102,  413, OTIS后 道 杂 物               , 30, 30, 41, 16
B103,  404, OTIS前 道  变 脏              , 30, 30, 41, 16
B104,  414, OTIS后 道 变 脏               , 30, 30, 41, 16
F000,  800, 系统错误                      , 41, 20, 41, 19
F080,  350, 主机报告 #0                   , 40, 40, 40, 10
F081,  351, 主机报告 #1                   , 40, 40, 40, 10
F082,  352, 主机报告 #2                   , 40, 40, 40, 10
F083,  353, 主机报告 #3                   , 40, 40, 40, 10
F084,  354, 主机报告 #4                   , 40, 40, 40, 10
F085,  355, 主机报告 #5                   , 40, 40, 40, 10
F086,  356, 主机报告 #6                   , 40, 40, 40, 10
F087,  357, 主机报告 #7                   , 40, 40, 40, 10
F088,  358, 主机报告 #8                   , 40, 40, 40, 10
F089,  359, 主机报告 #9                   , 40, 40, 40, 10
F08A,  360, 主机报告 #10                  , 40, 40, 40, 10
F08B,  361, 主机报告 #11                  , 40, 40, 40, 10
F08C,  362, 主机报告 #12                  , 40, 40, 40, 10
F08D,  363, 主机报告 #13                  , 40, 40, 40, 10
F08E,  364, 主机报告 #14                  , 40, 40, 40, 10
F08F,  365, 主机报告 #15                  , 40, 40, 40, 10
F090,  366, 主机报告 #16                  , 40, 40, 40, 10
F091,  367, 主机报告 #17                  , 40, 40, 40, 10
F092,  368, 主机报告 #18                  , 40, 40, 40, 10
F093,  369, 主机报告 #19                  , 40, 40, 40, 10
F094,  370, 主机报告 #20                  , 40, 40, 40, 10
F095,  371, 主机报告 #21                  , 40, 40, 40, 10
F096,  372, 主机报告 #22                  , 40, 40, 40, 10
F097,  373, 主机报告 #23                  , 40, 40, 40, 10
F098,  374, 主机报告 #24                  , 40, 40, 40, 10
F099,  375, 主机报告 #25                  , 40, 40, 40, 10
F09A,  376, 主机报告 #26                  , 40, 40, 40, 10
F09B,  377, 主机报告 #27                  , 40, 40, 40, 10
F09C,  378, 主机报告 #28                  , 40, 40, 40, 10
F09D,  379, 主机报告 #29                  , 40, 40, 40, 10
F09E,  380, 主机报告 #30                  , 40, 40, 40, 10
F09F,  381, 主机报告 #31                  , 40, 40, 40, 10
F0A0,  382, 主机报告 #32                  , 40, 40, 40, 10
F0A1,  383, 主机报告 #33                  , 40, 40, 40, 10
F0A2,  384, 主机报告 #34                  , 40, 40, 40, 10
F0A3,  385, 主机报告 #35                  , 40, 40, 40, 10
F0A4,  386, 主机报告 #36                  , 40, 40, 40, 10
F0A5,  387, 主机报告 #37                  , 40, 40, 40, 10
F0A6,  388, 主机报告 #38                  , 40, 40, 40, 10
F0A7,  389, 主机报告 #39                  , 40, 40, 40, 10
F0A8,  390, 主机报告 #40                  , 40, 40, 40, 10
F0A9,  391, 主机报告 #41                  , 40, 40, 40, 10
F0AA,  392, 主机报告 #42                  , 40, 40, 40, 10
F0AB,  393, 主机报告 #43                  , 40, 40, 40, 10
F0AC,  394, 主机报告 #44                  , 40, 40, 40, 10
F0AD,  395, 主机报告 #45                  , 40, 40, 40, 10
F0AE,  396, 主机报告 #46                  , 40, 40, 40, 10
F0AF,  397, 主机报告 #47                  , 40, 40, 40, 10
F0B0,  398, 主机报告 #48                  , 20, 20, 40, 10
F0B1,  399, 主机报告 #49                  , 20, 20, 40, 10
F0B2,  400, 主机报告 #50                  , 20, 20, 40, 10
F0B3,  401, 主机报告 #51                  , 20, 20, 40, 10
F0B4,  402, 主机报告 #52                  , 20, 20, 40, 10
F0B5,  403, 主机报告 #53                  , 20, 20, 40, 10
F0B6,  404, 主机报告 #54                  , 20, 20, 40, 10
F0B7,  405, 主机报告 #55                  , 20, 20, 40, 10
F0B8,  406, 主机报告 #56                  , 20, 20, 40, 10
F0B9,  407, 主机报告 #57                  , 20, 20, 40, 10
F0BA,  408, 主机报告 #58                  , 20, 20, 40, 10
F0BB,  409, 主机报告 #59                  , 20, 20, 40, 10
F0BC,  410, 主机报告 #60                  , 20, 20, 40, 10
F0BD,  411, 主机报告 #61                  , 20, 20, 40, 10
F0BE,  412, 主机报告 #62                  , 20, 20, 40, 10
F0BF,  413, 主机报告 #63                  , 20, 20, 40, 10
F0C0,  414, 主机报告 #64                  , 20, 20, 40, 10
F0C1,  415, 主机报告 #65                  , 20, 20, 40, 10
F0C2,  416, 主机报告 #66                  , 20, 20, 40, 10
F0C3,  417, 主机报告 #67                  , 20, 20, 40, 10
F0C4,  418, 主机报告 #68                  , 20, 20, 40, 10
F0C5,  419, 主机报告 #69                  , 20, 20, 40, 10
F0C6,  420, 主机报告 #70                  , 20, 20, 40, 10
F0C7,  421, 主机报告 #71                  , 20, 20, 40, 10
F0C8,  422, 主机报告 #72                  , 20, 20, 40, 10
F0C9,  423, 主机报告 #73                  , 20, 20, 40, 10
F0CA,  424, 主机报告 #74                  , 20, 20, 40, 10
F0CB,  425, 主机报告 #75                  , 20, 20, 40, 10
F0CC,  426, 主机报告 #76                  , 20, 20, 40, 10
F0CD,  427, 主机报告 #77                  , 20, 20, 40, 10
F0CE,  428, 主机报告 #78                  , 20, 20, 40, 10
F0CF,  429, 主机报告 #79                  , 20, 20, 40, 10
F0D0,  430, 主机报告 #80                  , 16, 16, 40, 10
F0D1,  431, 主机报告 #81                  , 16, 16, 40, 10
F0D2,  432, 主机报告 #82                  , 16, 16, 40, 10
F0D3,  433, 主机报告 #83                  , 16, 16, 40, 10
F0D4,  434, 主机报告 #84                  , 16, 16, 40, 10
F0D5,  435, 主机报告 #85                  , 16, 16, 40, 10
F0D6,  436, 主机报告 #86                  , 16, 16, 40, 10
F0D7,  437, 主机报告 #87                  , 16, 16, 40, 10
F0D8,  438, 主机报告 #88                  , 16, 16, 40, 10
F0D9,  439, 主机报告 #89                  , 16, 16, 40, 10
F0DA,  440, 主机报告 #90                  , 16, 16, 40, 10
F0DB,  441, 主机报告 #91                  , 16, 16, 40, 10
F0DC,  442, 主机报告 #92                  , 16, 16, 40, 10
F0DD,  443, 主机报告 #93                  , 16, 16, 40, 10
F0DE,  444, 主机报告 #94                  , 16, 16, 40, 10
F0DF,  445, 主机报告 #95                  , 16, 16, 40, 10
F0E0,  446, 主机报告 #96                  , 13, 13, 40, 10
F0E1,  447, 主机报告 #97                  , 13, 13, 40, 10
F0E2,  448, 主机报告 #98                  , 13, 13, 40, 10
F0E3,  449, 主机报告 #99                  , 13, 13, 40, 10
F0E4,  450, 主机报告 #100                 , 13, 13, 40, 10
F0E5,  451, 主机报告 #101                 , 13, 13, 40, 10
F0E6,  452, 主机报告 #102                 , 13, 13, 40, 10
F0E7,  453, 主机报告 #103                 , 13, 13, 40, 10
F0E8,  454, 主机报告 #104                 , 13, 13, 40, 10
F0E9,  455, 主机报告 #105                 , 13, 13, 40, 10
F0EA,  456, 主机报告 #106                 , 13, 13, 40, 10
F0EB,  457, 主机报告 #107                 , 13, 13, 40, 10
F0EC,  458, 主机报告 #108                 , 13, 13, 40, 10
F0ED,  459, 主机报告 #109                 , 13, 13, 40, 10
F0EE,  460, 主机报告 #110                 , 13, 13, 40, 10
F0EF,  461, 主机报告 #111                 , 13, 13, 40, 10
F0F0,  462, 主机报告 #112                 , 10, 10, 40, 10
F0F1,  463, 主机报告 #113                 , 10, 10, 40, 10
F0F2,  464, 主机报告 #114                 , 10, 10, 40, 10
F0F3,  465, 主机报告 #115                 , 10, 10, 40, 10
F0F4,  466, 主机报告 #116                 , 10, 10, 40, 10
F0F5,  467, 主机报告 #117                 , 10, 10, 40, 10
F0F6,  468, 主机报告 #118                 , 10, 10, 40, 10
F0F7,  469, 主机报告 #119                 , 10, 10, 40, 10
F0F8,  470, 主机报告 #120                 , 10, 10, 40, 10
F0F9,  471, 主机报告 #121                 , 10, 10, 40, 10
F0FA,  472, 主机报告 #122                 , 10, 10, 40, 10
F0FB,  473, 主机报告 #123                 , 10, 10, 40, 10
F0FC,  474, 主机报告 #124                 , 10, 10, 40, 10
F0FD,  475, 主机报告 #125                 , 10, 10, 40, 10
F0FE,  476, 主机报告 #126                 , 10, 10, 40, 10
F0FF,  477, 主机报告 #127                 , 10, 10, 40, 10

[SystemMessages]
No, Tid, Text
1700,  900, B7M : 位 置 错 误  (DCP20)
1701,  901, B9M : 位 置 错 误  (DCP20)
1702,  902, B0M : 位 置 错 误  (DCP20)
1703,  903, B1M : 位 置 错 误  (DCP20)
1704,  904, B4M : 位 置 错 误  (DCP20)
1705,  905, B17M : 位 置 错 误  (DCP20)
1706,  906, B8M : 位 置 错 误  (DCP20)
1740,  300, B0M : 位 置 错 误       (DCP2)
1741,  301, B1M : 位 置 错 误 (DCP2)
1742,  302, B4M : 位 置 错 误 (DCP2)
1743,  303, B7M : 位 置 错 误  (DCP2)
1744,  304, B9M : 位 置 错 误  (DCP2)
1745,  305, B17M: 位 置 错 误  (DCP2)
1746,  306, B8M : 位 置 错 误  (DCP2)
1748,  308, B0M : 位 置 错 误  (DCP)
1749,  309, B1M : 位 置 错 误  (DCP)
174A,  310, B4M : 位 置 错 误  (DCP)
174B,  311, B7M : 位 置 错 误  (DCP)
174C,  312, B9M : 位 置 错 误  (DCP)
174D,  313, B17M: 位 置 错 误  (DCP)
174E,  314, B8M : 位 置 错 误  (DCP)
1750,  150, DCP程 序 调 入 故 障
1751,  151, DCP程 序 时 间 故 障
1752,  152, CRDX: CIS/HID(LEO) 没 有 配 置
1753,  153, CRDX: (1) 没 有 配 置
1754,  154, CRDX: ORIS 没 有 配 置
1755,  155, CRDX: SRM 没 有 配 置
1756,  156, CRDX: LASER 没 有 配 置
1757,  157, CRDX: DIME 没 有 配 置
1758,  158, CRDX: SE/VE 没 有 配 置
1759,  159, CRDX: (7) 没 有 配 置
175A,  160, CRDX: CIS/HID(LEO) 没 有 剔 出 数 据
175B,  161, CRDX: (1) 没 有 剔 出 数 据
175C,  162, CRDX: ORIS 没 有 剔 出 数 据
175D,  163, CRDX: SRM 没 有 剔 出 数 据
175E,  164, CRDX: LASER 没 有 剔 出 数 据
175F,  165, CRDX: DIME 没 有 剔 出 数 据
1760,  166, CRDX: SE/VE 没 有 剔 出 数 据
1761,  167, CRDX: (7) 没 有 剔 出 数 据
1762,  168, 搓接块堵塞 检 测 不 起 作 用
1763,  169, 翻 转 鼓堵塞 检 测 不 起 作 用
1764,  170, 出 口 堵塞 检 测 不 起 作 用
1765,  171, 通过BOM的程序停止时间超 出
1766,  172, AWS没 有 CAN连 接
1767,  173, 检验鼓堵 塞 检 测 不 起 作 用
1768,  174, CRDX: 外 部 检 验 系 统 没 有 剔 出 数 ?
1769,  175, DIO-模 块 : 缺 少 硬 件
176A,  176, CRDX: 外 部 检 验 系 统 剔 出 数 据 错 ?
1770,  316, B0M : 与 鼓 的 距 离
1771,  317, B1M : 与 鼓 的 距 离
1772,  318, B4M : 与 鼓 的 距 离
1773,  319, B7M : 与 鼓 的 距 离
1774,  320, B9M : 与 鼓 的 距 离
1775,  321, B17M : 与 鼓 的 距 离
1776,  322, B8M : 与 鼓 的 距 离
1784,  336, CRDX: 缺 少 主 驱 动 器
1785,  337, CRDX: 缺 少 可 编 程 控 制 的 配 置
1786,  338, CRDX: 没 有 接 受 到 烟 支 状 态
1787,  339, CRDX: 在  CAN-控 制 器 发 射 错 误
1788,  340, CRDX: 在  CAN-控 制 器 接 受 错 误
1789,  341, CRDX: 在  CAN-控 制 器 初 始 化 错 误
1791,  342, CRDX: CIS/HID(LEO) 剔 出 数 据 错 误
1792,  343, CRDX: (1) 剔 出 数 据 错 误
1793,  344, CRDX: ORIS 剔 出 数 据 错 误
1794,  345, CRDX: SRM 剔 出 数 据 错 误
1795,  346, CRDX: 激 光 器 剔 出 数 据 错 误
1796,  347, CRDX: DIME 剔 出 数 据 错 误
1797,  348, CRDX: SE/VE 剔 出 数 据 错 误
1798,  349, CRDX: (7) 剔 出 数 据 错 误
1799,  370, CRDX: 没 有 接 受 到 传 输 数 据
179A,  371, CRDX: 缺 少 可 编 程 控 制 传 输 数 据
179B,  372, CRDX: 缺 少 可 编 程 控 制 剔 出 数 据
179C,  373, CRDX:缺 少 可 编 程 控 制 的 烟 支状态
179D,  374, CRDX: 接 受 到 错 误 的 烟 支 状 态
179E,  375, CRDX: CIS/HID(LEO) 配 置 错 误
179F,  376, CRDX: (1) 配 置 错 误
17A0,  377, CRDX: ORIS 配 置 错 误
17A1,  378, CRDX: SRM 配 置 错 误
17A2,  379, CRDX: 激 光 器  配 置 错 误
17A3,  380, CRDX: DIME 配 置 错 误
17A4,  381, CRDX: SE/VE 配 置 错 误
17A5,  382, CRDX: (7) 配 置 错 误
17A6,  383, CRDX: 可 编 程 控 制 配 置 错 误
2700,  900, B5M : 位 置 错 误 (DCP20)
2701,  901, B7M : 位 置 错 误 (DCP20)
2702,  902, B1M : 位 置 错 误 (DCP20)
2703,  903, B2M : 位 置 错 误 (DCP20)
2704,  904, B4M : 位 置 错 误 (DCP20)
2705,  905, B14M: 位 置 错 误 (DCP20)
2706,  906, B41M: 位 置 错 误 (DCP20)
2740,  300, B0M : 位 置 错 误  (DCP2)
2741,  301, B1M : 位 置 错 误  (DCP2)
2742,  302, B4M : 位 置 错 误  (DCP2)
2743,  303, B7M : 位 置 错 误  (DCP2)
2744,  304, B9M : 位 置 错 误  (DCP2)
2745,  305, B17M : 位 置 错 误  (DCP2)
2746,  306, B8M : 位 置 错 误  (DCP2)
2748,  308, B0M : 位 置 错 误  (DCP)
2749,  309, B1M : 位 置 错 误  (DCP)
274A,  310, B4M : 位 置 错 误  (DCP)
274B,  311, B7M : 位 置 错 误  (DCP)
274C,  312, B9M : 位 置 错 误  (DCP)
274D,  313, B17M : 位 置 错 误  (DCP)
274E,  314, B8M : 位 置 错 误  (DCP)
2750,  150, DCP程 序 调 入 故 障
2751,  151, DCP程 序 时 间 故 障
2752,  152, CRDX: CIS/HID(LEO) 没 有 配 置
2753,  153, CRDX: (1) 没 有 配 置
2754,  154, CRDX: ORIS 没 有 配 置
2755,  155, CRDX: SRM 没 有 配 置
2756,  156, CRDX: 激 光 器 没 有 配 置
2757,  157, CRDX: DIME 没 有 配 置
2758,  158, CRDX: SE/VE 没 有 配 置
2759,  159, CRDX: (7) 没 有 配 置
275A,  160, CRDX: CIS/HID(LEO) 没 有 剔 出 数 据
275B,  161, CRDX: (1) 没 有 剔 出 数 据
275C,  162, CRDX: ORIS 没 有 剔 出 数 据
275D,  163, CRDX: SRM 没 有 剔 出 数 据
275E,  164, CRDX: 激 光 器 没 有 剔 出 数 据
275F,  165, CRDX: DIME 没 有 剔 出 数 据
2760,  166, CRDX: SE/VE 没 有 剔 出 数 据
2761,  167, CRDX: (7) 没 有 剔 出 数 据
2762,  168, 搓接块 堵 塞 检 测 不 起 作 用
2763,  169, 翻 转  堵 塞 检 测 不 起 作 用
2764,  170, 出 口 堵 塞 检 测 不 起 作 用
2765,  171, 通过B0M程序 停 止 时 间 超 出
2766,  172, AWS没 有 CAN连 接
2767,  173, 检验鼓 堵 塞检测 不 起 作 用
2768,  174, CRDX: 外 部 检 验 系 统 没 有 剔 出 数 ?
2769,  175, DIO-模 块 : 缺 少 硬 件
276A,  176, CRDX: 外 部 检 验 系 统 剔 出 数 据 错 ?
2770,  316, B0M : 与 鼓 的 距 离
2771,  317, B1M : 与 鼓 的 距 离
2772,  318, B4M : 与 鼓 的 距 离
2773,  319, B7M : 与 鼓 的 距 离
2774,  320, B9M : 与 鼓 的 距 离
2775,  321, B17M : 与 鼓 的 距 离
2776,  322, B8M : 与 鼓 的 距 离
2784,  336, CRDX: 缺 少 主 驱 动 器
2785,  337, CRDX: 缺 少 可 编 程 控 制 的 配 置
2786,  338, CRDX: 没 有 接 受 到 烟 支 状 态
2787,  339, CRDX: 在  CAN-控 制 器 的 发 射 故 障
2788,  340, CRDX: 在  CAN-控 制 器 的 接 受 故 障
2789,  341, CRDX: 在  CAN-控 制 器 的 初 始 化故 障
2791,  342, CRDX: CIS/HID(LEO) 剔 出 数 据 错 误
2792,  343, CRDX: (1) 剔 出 数 据 错 误
2793,  344, CRDX: ORIS 剔 出 数 据 错 误
2794,  345, CRDX: SRM 剔 出 数 据 错 误
2795,  346, CRDX: 激 光 器 剔 出 数 据 错 误
2796,  347, CRDX: DIME 剔 出 数 据 错 误
2797,  348, CRDX: SE/VE 剔 出 数 据 错 误
2798,  349, CRDX: (7) 剔 出 数 据 错 误
2799,  370, CRDX: 没 有 接 受 到 传 送 数 据
279A,  371, CRDX: 缺 少 可 编 程 控 制 传 送 数 据
279B,  372, CRDX: 缺 少 可 编 程 控 制 剔 出 数 据
279C,  373, CRDX: 缺 少 可 编 程 控 制 烟 支 状 态
279D,  374, CRDX: 接 受 到 错 误 的 烟 支 状 态
279E,  375, CRDX: CIS/HID(LEO) 配 置 错 误
279F,  376, CRDX: (1) 配 置 错 误
27A0,  377, CRDX: ORIS 配 置 错 误
27A1,  378, CRDX: SRM 配 置 错 误
27A2,  379, CRDX: 激 光 器 配 置 错 误
27A3,  380, CRDX: DIME 配 置 错 误
27A4,  381, CRDX: SE/VE 配 置 错 误
27A5,  382, CRDX: (7) 配 置 错 误
27A6,  383, CRDX: 可 编 程 控 制 配 置 错 误
2707,  907, B3M : 位 置 错 误 (DCP20)
2708,  908, B6M : 位 置 错 误 (DCP20)
2709,  909, B24M: 位 置 错 误 (DCP20)
2715,  915, B42M: 位 置 错 误 (DCP20)
2716,  916, B15M: 位 置 错 误 (DCP20)
2720,  920, B24.1M: 位 置 错 误 (DCP20)
3000,  810, 转 动 脉 冲 发 生 器 B9M没 有 连 接
3001,  811, 转 动 脉 冲 发 生 器 B9M型 号 错 误
3002,  812, 转 动 脉 冲 发 生 器 B9M缺 少 电 压
3003,  813, 转 动 脉 冲 发 生 器 B9M信 号 故 障
3004,  814, 转 动 脉 冲 发 生 器 B9M倒 转
3005,  815, 转 动 脉 冲 发 生 器 B9M转 动 太 快
3006,  816, A16M 电 压  +UR 有 错
3007,  817, A16M 电 压  -UR 有 错
3008,  818, 配 置 故 障
3009,  819, 转 动 脉 冲 发 生 器 B9M脉 冲 丢 失
300A,  820, A16M-A1-G2电 池 故 障
300B,  821, 脉 冲 产 生 A16M-A1-D6 故 障
300C,  822, 剔 出 控 制 没 有 烟 支 数 值
300D,  833, 读 出 有 故 障 的 传 感 器 值
3100,  823, 压 力 变 换 器 A16M-A22 信 号 从 范 围
3101,  826, 压 力 变 换 器 A131M-A1 信 号 从 范 围
3102,  829, 压 力 变 换 器 A141M-A1 信 号 从 范 围
3200,  823, 压 力 变 换 器 A16M-A22 信 号 从 范 围
3201,  825, 压 力 变 换 器 A130M-A1 信 号 从 范 围
3202,  826, 压 力 变 换 器 A131M-A1 信 号 从 范 围
3203,  828, 压 力 变 换 器 A14M-A1 信 号 从 范 围
3204,  829, 压 力 变 换 器 A141M-A1 信 号 从 范 围
3300,  823, 压 力 变 换 器 A16M-A22 信 号 从 范 围
3301,  824, 压 力 变 换 器 A16M-A22 信 号 从 范 围
3302,  825, 压 力 变 换 器 A130M-A1 信 号 从 范 围
401B,  311, SRM CAN 总 线  脉 冲
401F, 1049, KIK-MW 故 障
4023, 1053, 与 MW 无 连 接
4024, 1073, 在 KIK CAN 控 制 器 故 障
4025,  122, 电 池 故 障  A800伏
403E,  821, MW 未到达模块
403F,  846, MW 谐 振 器 温 度 不 能 读 出
4042,  825, MW 缺 少 切 割 脉 冲
4044,  827, MW 增 量 脉 冲 阶 段 故 障
4045,  828, MW 缺 少 切 割 脉 冲 阶 段
4046,  832, MW 烟 丝 温 度 传 感 器 断 裂
4047,  847, MW 烟 丝 温 度 传 感 器 短 路
4048,  848, MW 烟 丝 温 度 传 感 器 不 能 达 到
4049,  843, MW 表 格 故 障
404D,  839, MW 谐 振 器 加 热 保 险 丝 故 障
404E,  845, MW 谐 振 器 温 度 太 高
404F,  844, MW 发 光 二 极 管 温 度 太 高
4050,  856, 前 道 MW 合 成 器 脱 开
4051,  857, 后 道 MW 合 成 器 脱 开
4052,  858, 前 道 MW 高 频 功 率 控 制 超 出 范 围
4053,  859, 后 道 MW 高 频 功 率 控 制 超 出 范 围
4054,  849, MW 烟草温度超出范围
4055,  877, 前道 MW 增量脉冲导线断
4056,  878, MW 切割脉冲导线中断
4058,  887, MW 程序下载错误
4059,  888, MW 无应用程序
405A,  889, MW 超过水分容差
405B,  917, MW 超过重量容差
405C,  918, MW 水分带过宽
405D,  919, MW 超过线性容差
405E,  920, MW 频率设定错误
405F,  921, MW RAM 故障
4060,  922, MW 闪存故障
407D,  260, 缺 少 AWS 烟 支 状 态
407E,  313, 缺 少 CAN 总 线  DCP 脉 冲
407F,  262, 不 能 执 行 由 AWS 剔 出 /取 样
4080,  263, 缺 少 AWS 取 样 确 认
40D2, 1075, IRIS ADC 转 换 器 故 障
40D3, 1076, IRIS 供 电 电 压  (+UR)
40D4, 1077, IRIS 供 电 电 压  (-UR)
40D5, 1078, IRIS 供 电 电 压 (+UR1)
40D6, 1079, IRIS 供 电 电 压  (-UR1)
40D7, 1080, IRIS 校 准 电 压  (Uref)
40D8, 1074, IRIS 脉 冲 故 障
4022, 1052, 与 IRIS 无 连 接
401E, 1048, KIK-IRIS 故 障
7000,  810, 电压 +15V 故障
7001,  811, 电压 -15V 故障
7002,  812, 配置故障
7003,  813, 电池故障
7004,  814, 剔出控制没有烟支值
7005,  815, MAX-时钟脉冲故障
7006,  816, 由范围  的前道烟条信号
7007,  817, 由范围  的后道烟条信号
7008,  818, 烟条信号故障
B000,  832, LES-传 感 器  A18M-A10信 号 从 范 围
B001,  829, 缺 少 LES-传 感 器  A18M-A10
B002,  851, LES-传 感 器 A18M-A11 信 号 从 范 围
B003,  850, 缺 少 LES-传 感 器  A18M-A11
B004,  870, A18M脉 冲 丢 失
B005,  871, A18M脉 冲 故 障
B006,  872, A18M脉 冲 故 障
B007,  822, 剔 出 控 制 烟 支 值
B008,  833, 读 出 有 故 障 的 传 感 器 值
B009,  831, LES-传 感 器  A18M-A13信 号 从 范 围
B00A,  830, 缺 少 LES-传 感 器  A18M-A13
B00B,  853, LES-传 感 器 A18M-A14 信 号 从 范 围
B00C,  852, 缺 少 LES-传 感 器  A18M-A14
B010,  818, A18M-A5配 置 有 故 障
B011,  820, A18M-A1-G1电 池 故 障
B012,  821, 脉 冲 监 测  A18M-A1-D11 有 故 障
B100,  843, OTIS-传 感 器  A18M-A12-A1 从 范 围
B101,  842, OTIS信 号 故 障
B102,  840, 缺 少 OTIS-传 感 器  A18M-A12-A1
B103,  863, 11.1.863
B104,  862, 11.1.862
B105,  860, 缺 少 OTIS-传 感 器  A18M-A12-A2
F001,  859, 总线配置
F002,  860, 品牌参数 MLP/功能不一致
F003,  861, 机器参数 MLP/功能不一致
F004,  862, 优先级 MLP/功能不一致
F005,  863, 配置 MLP/功能不一致
F006,  885, 要求软件调整
F007,  891, 参与部件配置不存在
F008,  892, 参与部件安装不完整

[Sampling]
;No, Tid, Text
2101,  721, 前烟支对
2102,  722, 后烟支对
2103,  723, 钢印前烟支
2104,  724, 钢印后烟支
2105,  731, 前随机
2106,  732, 后随机
2108,  727, 废烟
2109,  729, 抽样
210A,  725, 前产品
210B,  726, 后产品
210C,  728, 随机
210D,  704, 滤嘴缺失
210E,  768, 钢印前烟条段
210F,  769, 钢印后烟条段
2110,  770, 没有胶水
2111,  771, 水松纸偏差
2112,  772, 水松纸开卷检查
2113,  777, 产品上激光器轨道
2114,  778, 产品下激光器轨道
2700,  910, 外 部 系 统 :烟 条
2701,  911, 外 部 系 统 :烟 支
3000,  363, 取样测试
3100,  907, 生产质量
3101,  909, 废烟密度
3102,  908, 校准取样
3200,  907, 生产质量
3201,  913, 最小总通风度废烟
3202,  914, 最大总通风度废烟
3203,  908, 校准取样
3300,  907, 生产质量
3301,  917, 最小吸阻废烟
3302,  918, 最大吸阻废烟
3303,  908, 校准取样
400B, 1109, 后部烟条段 额定重量
400C, 1110, 后部烟条段 抽样
400D, 1111, 后部烟条段 随机取样
400E, 1112, 校准 后部烟条段
400F, 1113, 后部烟条段 过轻
4010, 1114, 后部烟条段 过重
4011, 1115, 后部烟条段 软点
4012, 1116, 后部烟条段 硬点
4013, 1117, 后部烟条段 轻烟端
4014, 1119, 后部烟条段 NTRM
401F, 1129, 后 道  额 定   重 量   烟 支
4020, 1130, 后 道  抽 样    样 品   烟 支
4021, 1131, 后 道  随 机    取 样   烟 支
4022, 1132, 后 道   校 准   取 样   烟 支
4023, 1133, 后 道  烟 丝    太 轻   烟 支
4024, 1134, 后 道  烟 丝    太 重   烟 支
4025, 1135, 后 道  软  点  取 样   烟 支
4026, 1136, 后 道  硬 点  取 样   烟 支
4027, 1137, 后 道  轻   烟 端  烟 支
4028, 1139, 香烟后面杂质
406F, 1100, 前部烟条段 额定重量
4070, 1101, 前部烟条段 抽样
4071, 1102, 前部烟条段 随机取样
4072, 1103, 校准 前部烟条段
4073, 1104, 前部烟条段 过轻
4074, 1105, 前部烟条段 过重
4075, 1106, 前部烟条段 软点
4076, 1107, 前部烟条段 硬点
4077, 1108, 前部烟条段 轻烟端
4078, 1118, 前部烟条段 NTRM
4083, 1120, 前 道   额 定 重 量   取 样   烟 支
4084, 1121, 前 道  抽 样    取 样  烟 支
4085, 1122, 前 道  随 机    取 样   烟 支
4086, 1123, 前 道  校 准    取 样   烟 支
4087, 1124, 前 道  烟 丝   太 轻   烟 支
4088, 1125, 前 道  烟 丝    太 重   烟 支
4089, 1126, 前 道  软 点   烟 支
408A, 1127, 前 道  硬  点  取 样   烟 支
408B, 1128, 前 道  轻   烟 端   烟 支
408C, 1138, 香烟前面杂质
7000,  907, 前道烟条质量
7001,  908, 后道烟条质量
7002,  913, 前道烟条校准
7003,  914, 后道烟条校准
B000,  907, 生 产  质 量 烟 条  前 道
B001,  908, 生 产  质 量 烟 条  后 道
B002,  930, 烟 丝 密 度 废 烟 点 燃 端
B100,  929, 烟 支 形 状 废 烟
