
[BrandParameter]
;No, Tid, Text, Default, Min, Max
1101,  132, 烟支长度 mm                   , 63.000000, 50.000000, 90.000000
1102,  133, VE/SE 单机速度     支/分      , 4000, 100, 12000
1103,  134, VE/SE 启动速度     支/分      , 1000, 500, 2000
1104,  135, VE/SE 生产速度     支/分      , 12000, 1000, 12000
1105,  174, SE 进刀 支/次                 , 3000, 1000, 20000
1106,  209, 油品监测                      , 关闭
1200,  133, 针辊供丝补偿量                , 500, 0, 2000
1201,  134, 针辊脱开速度 m/min            , 0, 0, 600
1202,  135, 针辊供丝系数 %                , 90, 50, 150
1212,  140, 压实端位置调节器              , 关断, 关断, 关断
1230,  141, 负压 mbar                     , 90, 60, 140
1300,  148, 左侧油墨mg/10000 支           , 4, 2, 250
1301,  149, 右侧油墨mg/10000 支           , 4, 2, 250
1302,  150, 左钢印额定位置 mm             , 51.000000, 0.000000, 90.000000
1303,  151, 右钢印额定位置 mm             , 51.000000, 0.000000, 90.000000
1304,  480, 垂直废烟提升装置              , 接通
1305,  481, 废烟筛分装置                  , 关闭
1306,  154, SE 牌子箱                     , 无
1307,  340, SE 油墨温度 ℃                , 40, 20, 50
1308,  236, 独立驱动烟支切割装置          , 无
1310,  155, 封口胶水量 g/500m             , 12.000000, 3.000000, 45.000000
1311,  156, 最小供胶量 g/min              , 5.000000, 1.000000, 10.000000
1320,  159, 封口器启动温度 ℃             , 180, 100, 400
1321,  160, 封口器生产温度 ℃             , 220, 100, 400
1340,  165, 卷烟纸张力 N                  , 12.000000, 2.000000, 20.000000
1341,  166, 直径控制                      , 关闭
1342,  483, 钢印到点燃端距离              , 330, 0, 500
1343,  484, 钢印整体宽度                  , 150, 0, 500
1345,  863, CSIS 钢印检测装置             , 无
2200,  192, 剔出速度        Cig/min       , 0, 0, 12000
2201,  193, 绕卷辊皮带拉力设定  N         , 15.000000, 1.000000, 30.000000
2202,  194, 滤棒输入带速度调整  %         , 10.000000, 0.000000, 100.000000
2203,  195, 偏导辊速度调整  %             , 80, 30, 100
2204,  196, 搓板加热温度   ℃             , 20, 0, 400
2205,  197, 滤棒长度     mm               , 140, 60, 150
2206,  198, 水松纸片长度   mm             , 27.000000, 19.000000, 30.000000
2207,  199, 烟支全外观装置                , 无配置
2208,  200, 滚胶胶水图案控制              , 接通, 关断, 关断
2209,  201, 水松纸加热器温度   ℃         , 20, 0, 400
220A,  202, 滚胶胶辊输送水松纸数/圈       , 12, 11, 13
220B,  203, 滚胶水松纸胶量         g/12000Cig, 150, 100, 400
220D,  205, 滚胶胶辊速度调整       %      , 0, -50, 50
220E,  206, 烟支直径       mm             , 7.800000, 5.000000, 15.000000
3100,  100, 检 验                         , 关断, 关断, 关断
3101,  101, 废 品 极 限                   , 关断, 关断, 关断
3102,  102, 废 品 极 限          %        , 60, 0, 100
3103,  103, 测 量 循 环 直 到 停 止       , -20, -50, 0
3104,  104, 故 障 频 率 极 限    %        , 2.500000, 0.000000, 20.000000
3105,  105, 修 正 因 子  前 道            , 1000, 500, 2000
3106,  106, 修 正 因 子  后 道            , 1000, 500, 2000
3200,  100, 检 验                         , 关断, 关断, 关断
3201,  101, 最 小 废 品 极 限             , 关断, 关断, 关断
3202,  102, 最 大 废 品 极 限             , 关断, 关断, 关断
3203,  103, 最 小 停 机 极 限             , 关断, 关断, 关断
3204,  104, 最 大 停 机 极 限             , 关断, 关断, 关断
3205,  105, 额 定 值               %      , 30, 0, 100
3206,  106, 最 小 废 品 极 限      %      , -5, -100, 0
3207,  107, 最 大 废 品 极 限      %      , 5, 0, 100
3208,  108, 最 小 报 警 极 限      %      , -5, -100, 0
3209,  109, 最 大 报 警 极 限      %      , 5, 0, 100
320A,  110, 最 小 停 机 极 限      %      , -5, -100, 0
320B,  111, 最 大 停 机 极 限      %      , 5, 0, 100
320C,  112, 标准偏差故障极限       %      , 5, 0, 50
320D,  113, 测 量 循 环 直 到 停 止       , 8, 1, 50
320E,  114, 故 障 频 率 极 限      %      , 2.500000, 0.000000, 20.000000
320F,  115, 修 正 因 子  前 道            , 1000, 500, 2000
3210,  116, 修 正 因 子  后 道            , 1000, 500, 2000
3300,  100, 检 验                         , 关断, 关断, 关断
3301,  101, 最 小 废 品 极 限             , 关断, 关断, 关断
3302,  102, 最 大 废 品 极 限             , 关断, 关断, 关断
3303,  103, 最 小 停 机 极 限             , 关断, 关断, 关断
3304,  104, 最 大 停 机 极 限             , 关断, 关断, 关断
3305,  105, 额 定 值                      , 120, 0, 180
3306,  106, 最 小 废 品 极 限             , -20, -180, 0
3307,  107, 最 大 废 品 极 限             , 20, 0, 180
3308,  108, 最 小 报 警 极 限             , -15, -180, 0
3309,  109, 最 大 报 警 极 限             , 15, 0, 180
330A,  110, 最 小 停 机 极 限             , -30, -180, 0
330B,  111, 最 大 停 机 极 限             , 30, 0, 180
330C,  112, 标 准 偏 差 故 障 极 限       , 8, 0, 50
330D,  113, 最 小 槽 故 障 极 限          , -9, -50, 0
330E,  114, 测 量 循 环 直 到 停 止       , 8, 1, 50
330F,  115, 故 障 频 率 极 限      %      , 2.500000, 0.000000, 20.000000
3310,  116, 修 正 因 子  前 道            , 1000, 200, 4000
3311,  117, 修 正 因 子  后 道            , 1000, 200, 4000
4001,  136, 目标重量     mg               , 800, 300, 1000
4002,  137, 前道重量校正                  , 0, -100, 100
4003,  138, 后道重量校正                  , 0, -100, 100
4004,  139, 前道内部目标重量              , 800, 200, 2000
4005,  140, 后道内部目标重量              , 800, 200, 2000
4006,  141, 前道校准延迟                  , 0, -1000, 2000
4007,  142, 后道校准延迟                  , 0, -1000, 2000
4008,  143, 前道校准斜率                  , 1.000000, 0.100000, 2.000000
4009,  144, 后道校准斜率                  , 1.000000, 0.100000, 2.000000
400B,  146, 前道异物灵敏度                , 40, 0, 1000
400C,  147, 后道异物灵敏度                , 40, 0, 1000
400D,  149, 过轻烟支重量极限     mg       , -60, -255, 0
400E,  150, 过重烟支重量极限     mg       , 120, 0, 255
4011,  153, 软点水平                      , 20.000000, 0.000000, 50.000000
4012,  154, 硬点水平                      , 20.000000, 0.000000, 50.000000
4013,  155, 轻烟端水平                    , 20.000000, 0.000000, 50.000000
4020,  168, 偏移运行时间                  , 0, -50, 50
4021,  169, 前道测量视窗偏移         inc  , 0, -125, 125
4022,  170, 前道起动位置                  , 2.000000, 0.000000, 4.000000
4023,  171, 后道起动位置                  , 2.000000, 0.000000, 4.000000
4024,  172, 前道调节位置                  , 2.000000, 0.000000, 4.000000
4025,  173, 后道调节位置                  , 2.000000, 0.000000, 4.000000
4026,  174, 前道起动斜率                  , 0.200000, 0.000000, 0.500000
4027,  175, 后道起动斜率                  , 0.200000, 0.000000, 0.500000
4028,  223, 后道测量视窗偏移   inc        , 0, -125, 125
4029,  224, 滤嘴烟额定重量                , 800, 300, 1000
5001,  107, 前道亮度废品极限              , 10, 0, 80
5002,  108, 前道暗度废品极限              , 5, 0, 80
5003,  109, 后道亮度废品极限              , 10, 0, 80
5004,  110, 后道暗度废品极限              , 5, 0, 80
5007,  111, 切 口 延 迟                   , 0, -127, 120
500A,  112, 后道亮污点直径 mm             , 1.000000, 0.000000, 3.000000
500B,  113, 后道暗污点直径 mm             , 1.000000, 0.000000, 3.000000
500E,  114, 前道亮污点直径 mm             , 1.000000, 0.000000, 3.000000
500F,  115, 前道暗污点直径 mm             , 1.000000, 0.000000, 3.000000
5012,  116, 运 行 时 间 延 迟             , 0, -127, 127
5019,  119, 前道污点边缘对比度            , 5, 0, 80
501A,  120, 后道污点边缘对比度            , 5, 0, 80
7001,  113, 圆周测量                      , 关断, 关断, 关断
7003,  115, 圆周自动调整                  , 关断, 关断, 关断
7005,  116, 额定圆周值                    , 24.000000, 22.000000, 30.000000
7006,  117, 最小报警极限    mm            , -5.000000, -100.000000, -0.010000
7007,  118, 最大报警极限    mm            , 0.050000, 0.010000, 1.000000
7008,  119, 最小停机极限    mm            , -0.100000, -1.000000, -0.010000
7009,  120, 最大停机极限    mm            , 0.100000, 0.010000, 1.000000
700A,  121, 前道圆周修正值                , 0.000000, -5.000000, 5.000000
700B,  122, 后道圆周修正值                , 0.000000, -5.000000, 5.000000
B000,  104, 检 验                         , 关断, 关断, 关断
B001,  105, 废 品 极 限                   , 关断, 关断, 关断
B002,  106, 停 止 极 限                   , 关断, 关断, 关断
B003,  107, 测 量 循 环 直 到 停 止       , 8, 1, 50
B004,  108, 故 障 频 率 极 限    %        , 2.500000, 0.000000, 10.000000
B005,  109, 剔 出 极 限          %        , 80, 0, 100
B006,  110, 剔 出 极 限          V        , 0.500000, 0.050000, 5.000000
B007,  111, 警 告 极 限          V        , 0.700000, 0.000000, 5.000000
B008,  112, 停 止 极 限          V        , 0.600000, 0.000000, 5.000000
B009,  113, 修 正 因 子  前 道            , 1.000000, 0.500000, 2.000000
B00A,  114, 修 正 因 子  后 道            , 1.000000, 0.500000, 2.000000
B100,  103, 检 验                         , 关断, 关断, 关断
B101,  104, 剔 出 极 限                   , 关断, 关断, 关断
B102,  105, 剔 出 极 限          %        , 80, 0, 100
B103,  106, 故 障 频 率 极 限    %        , 2.500000, 0.000000, 10.000000
B104,  107, 警 告 极 限          V        , 2.000000, 0.000000, 5.000000
D001,   11, 取样方式                      , 机械手
D002,   14, 取样次数                      , 1, 1, 200
D003,   15, 取样数量                      , 20, 1, 100
D004,   16, 取样间隔                      , 3000, 100, 240000
D005,   17, 重量单元测量                  , 关断, 关断, 关断
D006,   18, 圆周单元测量                  , 关断, 关断, 关断
D007,   19, 吸阻测量                      , 关断, 关断, 关断
D008,   20, 总通风度测量                  , 关断, 关断, 关断
D009,   21, 滤嘴通风度测量                , 关断, 关断, 关断
D00A,   22, 烟杆通风度测量                , 关断, 关断, 关断
D00B,   23, 水分密度测量                  , 关断, 关断, 关断
D00C,   24, 重量显示                      , 关断, 关断, 关断
D00D,   25, 圆周显示                      , 关断, 关断, 关断
D00E,   26, 长度显示                      , 关断, 关断, 关断
D00F,   27, 圆度显示                      , 关断, 关断, 关断
D010,   28, 吸阻显示                      , 关断, 关断, 关断
D011,   29, 总通风度显示                  , 关断, 关断, 关断
D012,   30, 滤嘴通风度显示                , 关断, 关断, 关断
D013,   31, 烟杆通风度显示                , 关断, 关断, 关断
D014,   32, 水分显示                      , 关断, 关断, 关断
D015,   33, 密度显示                      , 关断, 关断, 关断
D016,   48, 长度单元测量                  , 关断, 关断, 关断
D017,   35, 启动取样                      , 接通, 接通, 接通
D018,  152, 停止取样                      , 接通, 接通, 接通

[MachineParameter]
;No, Tid, Text, Default, Min, Max
1102,  197, SE 盘纸更换降速请求           , 是
1103,  198, MAX 盘纸更换降速请求          , 否
1104,  103, SE 盘纸更换降速 支/分         , 10000, 6000, 12000
1105,  104, MAX 盘纸更换降速 支/分        , 10000, 6000, 12000
1106,  105, 点动速度 支/分钟              , 1000, 400, 1600
1109,  107, VE/SE 关断辅助驱动装置 分     , 10, 0, 30
110A,  108, 机器加速时间 s                , 12, 5, 30
110B,  109, 机器制动时间 s                , 4, 4, 10
110E,  112, 上胶启动 m                    , 0.500000, 0.100000, 9.900000
110F,  113, 封口器启动 m                  , 0.100000, 0.000000, 9.900000
1110,  114, 打条器启动 m                  , 0.500000, 0.000000, 9.900000
1111,  115, 拼接头废品双长烟              , 3, 3, 50
1112,  116, 水冷流量阀自动调节            , 接通, 关断, 关断
1113,  117, 水冷流量阀开度 %              , 50, 0, 100
1114,  186, 水冷系统温度 ℃               , 22.000000, 20.000000, 30.000000
1115,  187, 水冷泵转速 转/分钟            , 2500, 500, 2900
1116,  118, 蜘蛛手负压风机 转/分钟        , 4500, 3000, 6500
1117,  119, 蜘蛛手偏移量 mm               , 10.000000, -128.000000, 128.000000
1118,  120, 左钢印位置偏移量 mm           , 0.000000, -300.000000, 300.000000
1119,  121, 右钢印位置偏移量 mm           , 0.000000, -300.000000, 300.000000
111A,  195, 卷烟纸增量脉冲 /mm            , 10, 5, 25
111F,  126, 左油墨称重重量 g              , 10.000000, 3.000000, 20.000000
1120,  127, 右油墨称重重量 g              , 10.000000, 3.000000, 20.000000
1121,  128, 胶水重量 g                    , 12.000000, 3.000000, 100.000000
1122,  175, 左钢印加速段位置偏移量 mm     , 0.000000, -99.900002, 99.900002
1123,  176, 右钢印加速段位置偏移量 mm     , 0.000000, -99.900002, 99.900002
1124,  177, 左钢印生产速度位置偏移量 mm   , 0.000000, -99.900002, 99.900002
1125,  178, 右钢印生产速度位置偏移量 mm   , 0.000000, -99.900002, 99.900002
1126, 1204, 钢印调整                      , 手动
1127,  181, 前道钢印位置偏移量            , 0.000000, -99.900002, 99.900002
1128,  182, 后道钢印位置偏移量            , 0.000000, -99.900002, 99.900002
1129,  200, 前道钢印位置切口偏移量        , 100, 0, 1000
112A,  201, 后道钢印位置切口偏移量        , 100, 0, 1000
112B,  207, 前道钢印颜色值 %              , 50, 0, 100
112C,  208, 后道钢印颜色值 %              , 50, 0, 100
1200,  100, 光栅数量设定值                , 15, 12, 27
1201,  101, 排空运行...米后停机 m         , 20, 5, 50
1202,  102, 烟丝堵塞...秒后停机 s         , 5, 5, 50
1210,  103, 计量辊接通延时 s              , 1.000000, 0.100000, 30.000000
1211,  104, 计量辊停止延时 s              , 1.500000, 0.100000, 5.000000
1212,  105, 气闸的最长供料时间 s          , 18, 10, 45
1220,  106, 回丝量 起动偏移量 %           , -20, -30, 0
1221,  107, 后道劈刀前偏移量 mm           , 0.000000, 0.000000, 52.000000
1222,  108, 后道劈刀后偏移量 mm           , 0.000000, 0.000000, 52.000000
1225,  111, 回丝量修正系数                , 1.000000, 0.500000, 3.000000
1226,  112, 烟梗堵塞停机延时 S            , 120, 0, 255
1227,  113, 烟条段的额定重量 mg           , 630, 300, 2000
1228,  114, 所得多余量 kg                 , 3.000000, 0.000000, 20.000000
1229,  115, 吸丝带调整系数 %              , 0.200000, 0.100000, 0.500000
1230,  116, 循环风机高速度转速 转/分钟    , 3000, 0, 3000
1231,  117, 上开关阈值 支/分钟            , 5000, 3000, 8000
1232,  118, 循环风机中速度转速 转/分钟    , 2700, 0, 3000
1233,  119, 下开关阈值 支/分钟            , 500, 0, 12000
1234,  120, 循环风机低速度转速 转/分钟    , 2500, 0, 3000
1235,  343, 负压风机转速 转/分            , 3000, 1000, 6200
1242,  123, 负压空气调节                  , 接通, 关断, 关断
1243,  124, 辅驱关闭时截断盖板状态 %      , 50, 0, 100
1244,  125, 机器停止时截断盖板状态 %      , 35, 0, 100
1245,  126, 截断盖板解除控制 %            , 50, 0, 100
1246,  127, 负压空气调节 KP               , 0.700000, 0.000000, 10.000000
1247,  128, 负压空气调节 Tn               , 0.400000, 0.000000, 10.000000
1250,  129, 后道劈刀驱动器偏移量          , 30.200001, -128.000000, 128.000000
1251,  130, 前道劈刀驱动器偏移量          , 30.200001, -128.000000, 128.000000
1252,  131, 前后道劈刀选择                , 前道
1260,  132, 短烟丝回收（选项）            , 关断, 关断, 关断
1261,  233, 在线梗丝分离回收装置（选项）  , 关断, 关断, 关断
1262,  344, 风力控制单元（选项）          , 关断, 关断, 关断
1270,  376, 启动阶段VE风室负压            , 90, 60, 120
1271,  377, 偏移量停止速度                , 3000, 1000, 12000
1272,  378, 负压控制停止速度              , 3000, 1000, 12000
1273,  379, iTOS投入                      , 关断, 关断, 关断
1274,  383, 吸丝带主动轮尺寸              , 5085, 5050, 5095
1275,  384, 吸丝带从动轮尺寸              , 95.540001, 95.000000, 100.000000
1276,  385, 吸丝带长度                    , 95.500000, 95.000000, 100.000000
1277,  389, 流化床冷却装置                , 无配置
127E,  398, 陡角提丝带调整系数            , 1.300000, 0.500000, 2.000000
1300,  100, 前道卷烟纸的偏移量            , 0.000000, -5.000000, 5.000000
1301,  101, 后道卷烟纸的偏移量            , 0.000000, -5.000000, 5.000000
1302,  102, 前道卷烟纸的设定位置          , 158.000000, 1.000000, 340.000000
1303,  103, 后道卷烟纸的设定位置          , 20.000000, 1.000000, 340.000000
1307,  107, 卷烟纸张力辊额定位置 °       , 30.000000, 20.000000, 40.000000
1308,  108, 第一引纸辊速度比例因子 %      , 20, 5, 100
1309,  109, 第一引纸辊速度积分时间 S      , 200, 50, 500
1310,  110, 切刀长度 mm                   , 170, 50, 170
1311,  111, 拼接头-V型槽阀 mm             , 4385, 3500, 5500
1313,  113, 卷烟纸宽度设定位置            , 60.000000, 1.000000, 340.000000
1323,  119, 左油墨调整%                   , 100.000000, 10.000000, 200.000000
1324,  120, 右油墨调整%                   , 100.000000, 10.000000, 200.000000
1325,  121, 左油墨起动量 mg               , 1.000000, 0.100000, 1000.000000
1326,  122, 右油墨起始量 mg               , 1.000000, 0.100000, 1000.000000
1328,  124, 左油墨停机量 mg               , 1.000000, 0.100000, 1000.000000
1329,  125, 右油墨停机量 mg               , 1.000000, 0.100000, 1000.000000
132B,  127, 加速段油墨量补偿%             , 2.000000, 0.000000, 5.000000
1331,  128, 加速段上胶量补偿%             , 0.000000, 0.000000, 10.000000
1332,  129, 胶水预流时间s                 , 0, 0, 10
1333,  482, 胶水皮重                      , 0.000000, 0.000000, 100.000000
1334,  131, 胶水量调整%                   , 100.000000, 10.000000, 200.000000
1341,  133, 布带轮调整系数%               , 0.250000, 0.000000, 2.000000
1343,  135, 烟枪最高温度 ℃               , 40, 30, 60
1344,  136, 烟条切断机的比例系数 %        , 1.000000, 0.500000, 2.000000
1345,  137, 烟条切断机的最小速度 rpm      , 200, 100, 1200
1346,  138, 烟条切断机的烟条断裂速度 rpm  , 1500, 500, 3000
1349,  305, SE 前道烟条直径启动位置       , 30.000000, 0.000000, 359.899994
134A,  306, SE 后道烟条直径启动位置       , 30.000000, 0.000000, 359.899994
1350,  319, 纸边高度自动调节              , 接通, 关断, 关断
1351,  139, 纸边高度无纸标定              , 关断, 关断, 关断
1352,  321, 前道纸高启动位置              , 50.000000, 1.000000, 115.000000
1353,  322, 后道纸高启动位置              , 50.000000, 1.000000, 120.000000
1355,  324, 前道纸边高度设定              , 0.000000, 0.000000, 4.000000
1356,  325, 后道纸边高度设定              , 0.000000, 0.000000, 4.000000
1357,  326, 纸高及纸宽调整启动速度        , 200, 200, 12000
1359,  328, 纸边宽度自动调节              , 接通, 关断, 关断
135A,  329, 纸边宽度启动位置              , 75.000000, 0.100000, 179.899994
135C,  331, 纸边宽度偏移量校准            , 0.000000, -4.000000, 4.000000
135D,  569, 实际重量    kg                , 0.000000, 0.000000, 20.000000
135E,  490, 蜘蛛手到微波检测的距离        , 961, 900, 1000
1335,  491, 胶水满重                      , 25, 15, 30
2101,  101, 烟条配置                      , 不修改
2102,  102, 起动阶段废烟        双支      , 50, 0, 1000
2103,  103, 粘接段废烟          双支      , 10, 0, 200
2104,  105, 无胶水废烟          双支      , 10, 0, 50
2105,  106, Y5 废烟极限           %       , 50, 4, 100
2106,  108, Y7/8 废烟极限         %       , 50, 4, 100
2145,  111, 无胶水停机          双支      , 50, 1, 300
2146,  112, 无胶水警告      双支          , 25, 1, 300
2107,  115, 前后排配置                    , 不修改
213C,  118, 胶水传感器                    , 关断, 接通, 关断
213B,  121, 粘接段光栅 - 胶水传感器  mm   , 2680, 1500, 3200
2149,  122, B14 15M调试                   , 无
214A,  123, B42M调试                      , 无
214C,  125, B24M调试                      , 无
2117,  126, B1M 位置                      , 10, 1, 20
2118,  127, B2/3M 位置                    , 154, 150, 190
2119,  128, B4/5M 位置                    , 168, 160, 190
211A,  129, B6M 位置 后排                 , 265, 220, 500
211B,  130, B14/15M 位置                  , 55, 50, 70
211C,  131, B24M 位置                     , 86, 70, 110
211D,  132, B42M 位置                     , 55, 40, 70
211E,  133, 烟支视觉外观检测位置          , 170, 160, 220
211F,  135, SPT位置                       , 15, 10, 20
2120,  136, UPT位置                       , 25, 20, 30
2123,  139, UPZ位置                       , 214, 190, 217
2129,  145, Y2 位置                       , 51, 40, 60
212A,  146, Y3 位置                       , 52, 45, 60
212B,  147, Y4 位置                       , 63, 40, 70
212C,  148, Y5 位置                       , 82, 75, 95
212F,  151, Y7/8 位置                     , 221, 190, 250
2130,  152, Y10 位置                      , 256, 220, 500
2131,  153, 触发条件                      , Y2 剔出
214D,  154, MAX 滤嘴开始的位置            , 35, 0, 1000
214E,  155, MAX 切割水松纸的位置          , 68, 0, 1000
214F,  156, MAX 检测鼓 0 的位置           , 203, 0, 1000
2156,  163, B2 3M调试                     , 无
2132,  164, 阀测试    Y2M                 , 接通, 接通, 接通
2133,  165, 阀测试    Y3M                 , 接通, 接通, 接通
2134,  166, 阀测试    Y5M                 , 接通, 接通, 接通
2136,  168, 阀测试    Y7/8M               , 接通, 接通, 接通
2157,  170, 阀测试    Y9M                 , 接通, 接通, 接通
2158,  171, 阀测试    Y10M                , 接通, 接通, 接通
2159,  172, B6M 位置 前排                 , 327, 220, 500
2138,  173, Y9 位置                       , 320, 220, 500
2139,  174, B41M滤嘴监控                  , 12, 0, 100
215C,  175, B4 5M调试                     , 无
215D,  176, 胶水杆延时接通                , 12, -100, 100
2161,  180, HID空槽位置偏移               , 6, 0, 40
2162,  181, Y2M调试                       , 无
2171,  196, LEO空槽位置偏移               , 7, 0, 40
2176,  201, 超 前  1xDCP20 支 /分         , 4000, 500, 18000
2177,  202, 超 前  2xDCP20 支 /分         , 6000, 500, 18000
2178,  203, 超 前  3xDCP20 支 /分         , 8000, 500, 18000
2179,  204, 阀打开                        , Y 9
217A,  205, 阀关闭                        , 全部关闭
2115,  206, 粘接段光栅 - 胶水杆           , 1810, 0, 5000
2113,  207, 粘接段光栅 - 切割鼓           , 2720, 0, 5000
2114,  208, 粘接段光栅 - 卷曲器           , 551, 0, 5000
2116,  209, 胶水杆 - 切割鼓               , 910, 0, 5000
217C,  308, MAX 停止胶杆位置              , 12, 0, 1000
217D,  309, Y9M 打开DCP宽度               , 80, 0, 80
217E,  310, Y10M 打开DCP宽度              , 80, 0, 80
2190,  327, Y2M 打开DCP宽度               , 80, 0, 80
2191,  328, Y3M 打开DCP宽度               , 80, 0, 80
2192,  329, Y4M 打开DCP宽度               , 80, 0, 80
2193,  330, Y5M 打开DCP宽度               , 80, 0, 80
2194,  331, Y7M 打开DCP宽度               , 80, 0, 80
2195,  332, Y8M 打开DCP宽度               , 80, 0, 80
2196,  343, Y16M 打开提前时间             , 0, 0, 200
2197,  344, Y16M 关闭提前时间             , 0, 0, 200
2198,  345, Y16M 打开DCP宽度              , 80, 0, 80
2199,  346, 水松纸提前启动 DCPs           , 20, 0, 30
219C,  353, 搓板上升位置                  , 83, 0, 1000
219D,  354, 搓板下降位置                  , 83, 0, 1000
219E,  356, HID道次位置偏移               , 0, 0, 40
21A1,  361, Y5M停机剔废双长烟支数         , 30, 0, 75
21A2,  362, Y9M剔空槽使能                 , 关断, 关断, 关断
21A3,  363, Y10M剔空槽使能                , 关断, 关断, 关断
21A4,  364, Y5M 启动剔出位置微调          , 6, 0, 80
21A5,  365, B1M位置移相                   , 0, -79, 79
21A6,  366, B2M位置移相                   , 0, -79, 79
21A7,  367, B3M位置移相                   , 0, -79, 79
21A8,  368, B4M位置移相                   , 0, -79, 79
21A9,  369, B5M位置移相                   , 0, -79, 79
21AA,  370, B6M位置移相                   , 0, -79, 79
21AB,  371, B6M位置移相                   , 0, -79, 79
21AC,  372, B14M位置移相                  , 0, -79, 79
21AD,  373, B15M位置移相                  , 0, -79, 79
21AE,  374, B42M位置移相                  , 0, -79, 79
21AF,  375, B24M位置移相                  , 0, -79, 79
21BB,  376, B41M位置移相                  , 0, -79, 79
21BC,  388, 搓板堵塞故障双长烟支数        , 15, 0, 100
21BD,  389, 搓板堵塞故障复位              , 3, 0, 100
21BE,  390, LEO道次位置偏移               , 0, 0, 40
21BF,  391, B6M Delay使能                 , 关断, 关断, 关断
21C0,  392, B1M边沿位置延迟槽号处理       , 关断, 关断, 关断
21C1,  393, B2M边沿位置延迟槽号处理       , 关断, 关断, 关断
21C2,  394, B3M边沿位置延迟槽号处理       , 关断, 关断, 关断
21C3,  395, B4M边沿位置延迟槽号处理       , 关断, 关断, 关断
21C4,  396, B5M边沿位置延迟槽号处理       , 关断, 关断, 关断
21C5,  397, B6M边沿位置延迟槽号处理       , 关断, 关断, 关断
21C6,  398, B14M边沿位置延迟槽号处理      , 关断, 关断, 关断
21C7,  399, B15M边沿位置延迟槽号处理      , 关断, 关断, 关断
21C8,  400, B42M边沿位置延迟槽号处理      , 关断, 关断, 关断
21C9,  401, B24M边沿位置延迟槽号处理      , 关断, 关断, 关断
21CA,  402, B41M边沿位置延迟槽号处理      , 关断, 关断, 关断
21CE,  407, B4M位置滤波长度(DCP80)        , 0, 0, 79
21CF,  408, B5M位置滤波长度(DCP80)        , 0, 0, 79
21D8,  416, 停止供滤嘴位置                , 34, 0, 1000
21D9,  417, SE 纸接头取样/剔出            , 剔出
21DA,  420, MAX 跑条停机供料提前量        , 8, 0, 1000
21DB,   87, HID位置                       , 209, 190, 220
21DC,   88, LEO位置                       , 209, 190, 220
21E0,   89, CVIS剔除开关                  , 关断
21E1,   90, CVIS检测开关	                 , 关断
21E2,   91, CVIS前后排选择                , 后排
21E3,   92, CVIS检测指标选择              , 接通
21E5,   93, CVIS位置                      , 209, 190, 220
2200,  100, 分离鼓润滑间隔      h         , 8, 1, 8
2201,  101, 水松纸增量脉冲/mm             , 25, 5, 25
2202,  102, 加速时间          s           , 10, 5, 20
2203,  103, 减速时间          s           , 10, 5, 20
2204,  104, MAX总线故障复位               , 接通, 接通, 接通
2205,  105, 伺服参数发送错误复位          , 接通, 接通, 接通
2206,  106, 滤棒切刀线速度 m/s            , 9.000000, 5.000000, 15.000000
2207,  107, 滤嘴接收站泄气阀（选项）      , 有配置
2209,  109, 搓板加热器控制                , 关断, 关断, 关断
220A,  110, 水松纸加热器控制              , 关断, 关断, 关断
220B,  111, 水松纸加热器投入生产速度 Cig/min, 3000, 0, 8500
220C,  112, 负压调节装置                  , 关断, 关断, 关断
220D,  113, 主风机负压值    hpa           , 120, 90, 150
220E,  114, 鼓轮清洁循环                  , 接通, 关断, 关断
220F,  115, 循环清洁时间   min            , 5, 1, 15
2210,  116, 滤嘴接收站模块运行速度  Cig/min, 2500, 1000, 2500
2211,  117, 滤嘴接收站运转延时时间  s     , 30, 1, 60
2213,  119, 搓板自清洁选项                , 无配置
2214,  120, 搓板自清洁次数                , 3, 1, 15
2215,  121, 搓板清洁模式                  , 自动
2216,  122, 主风机转速（待机模式）  rpm   , 1800, 1000, 3000
2217,  123, 主风机转速（生产加速阶段）  rpm, 2500, 1000, 5600
2218,  124, 主风机转速（生产手动模式）  rpm, 3000, 1000, 6240
2224,  136, 烟条砂轮进给间隔   min        , 15, 1, 60
2225,  137, 烟支砂轮进给间隔   min        , 15, 1, 60
2228,  140, 滚胶装置配置                  , 有配置
2229,  141, 滚胶胶水涂痕相对位置          , 0.000000, -5.000000, 5.000000
222A,  142, 滚胶供胶泵预送控制            , 关断, 关断, 关断
222B,  143, 滚胶抽胶泵预送控制            , 关断, 关断, 关断
222C,  144, 滚胶胶辊基本转速       rpm    , 40, 30, 80
222D,  145, 滚胶胶水罐更换 最小值         , 30, 0, 120
222E,  146, 胶水满重                      , 35, 30, 45
222F,  147, 滚胶上胶方式                  , 同步非全胶
2232,  150, 水松纸张力设定 N              , 15.000000, 1.000000, 50.000000
2233,  151, 水松纸张力辊额定工作位置 °   , 10.000000, 5.000000, 50.000000
2234,  152, 第一引纸辊速度PI调整比例因子  , 20, 5, 100
2235,  153, 第一引纸辊速度PI积分时间 s    , 100, 10, 300
2236,  154, 水松纸张力辊摆动角度 °       , 10.000000, 0.000000, 30.000000
223B,  159, 水松纸辊刷速度   %            , 20, 0, 100
2240,  164, 点动速度       Cig/min        , 1000, 0, 12000
2241,  165, 出烟输送带速度调整  %         , 70, 0, 100
2243,  167, 废烟皮带停止时间   min        , 5, 1, 15
2247,  171, MAX伺服系统复位               , 接通, 接通, 接通
2248,  172, 激光凸轮调整       %          , 50, 30, 100
2249,  173, 手动速度       Cig/min        , 1000, 0, 12000
224C,  176, 滤棒分切方式                  , 六分切
224D,  177, 水松纸纠偏（选项）            , 有配置
224E,  178, 激光打孔（选项）              , 无配置
224F,  179, 烟支出料调头方式              , 调前排
2250,  180, 出料方式                      , 低位出料
2251,  181, 搓板控制模式                  , 手动
2252,  182, 自动模式                      , 自动
2253,  183, 滤嘴接收站管数                , 三管
2256,  186, BOB降速 Cig/min               , 1000, 1000, 5000
2257,  187, 内部拼接段降速 Cig/min        , 1000, 1000, 5000
2258,  188, 连接机器类型 HCF/S90          , S90
2259,  189, 搓接取样（选项）              , 无配置
225A,  190, MAX防护罩复位                 , 接通, 接通, 接通
225B,  191, MAX防护罩工作极限  次         , 200000, 10, 250000
225D,  480, 水松纸位置设置值              , 4.000000, 0.000000, 8.000000
225E,  481, 水松纸位置调整启动速度    Cig/min, 1000, 0, 12000
225F,  482, 水松纸位置调整启动位置        , 200.000000, 1.000000, 400.000000
2260,  483, 滚胶/喷胶模式                 , 滚胶
226A,  573, 接烟轮距离微波检测器位置      , 9, 5, 22
226B,  574, 接烟轮距离空头检测器位置      , 190, 100, 250
226C,  575, 接烟轮距离OTIS检测器位置      , 195, 100, 250
226D,  576, 接烟轮距离吸阻检测器位置      , 206, 100, 250
226E,  577, 接烟轮距离漏气检测器位置      , 207, 100, 250
226F,  578, 接烟轮距离通风度检测器位置    , 207, 100, 250
2701,  100, 取样号                        , 0, 0, 10239
2702,  197, 取样类型                      , 0, 0, 10239
2703,  101, 抽样间隔                      , 50, 1, 150
2704,  102, SE 接合点的取样点             , 0, 0, 1
2705,  103, 取样点                        , 烟支
2706,  104, 烟条或烟道评估                , 前道烟条
2707,  105, 中断取样                      , 关断, 关断, 关断
2708,  106, 起动取样                      , 关断, 关断, 关断
2709,  107, 成对取样的剔出优先级          , 接通, 关断, 关断
270A,  108, 生产取样的剔出优先级          , 接通, 关断, 关断
270B,  109, 抽样样品的剔出优先级          , 接通, 关断, 关断
270C,  110, 随机取样的剔出优先级          , 接通, 关断, 关断
270D,  111, 印记取样的剔出优先级          , 接通, 关断, 关断
270E,  112, 废烟取样的剔出优先级          , 关断, 关断, 关断
270F,  113, 缺少滤嘴取样的剔出优先级      , 关断, 关断, 关断
2711,  114, 无胶水的剔出优先级            , 关断, 关断, 关断
2712,  115, 水松纸偏移的剔出优先级        , 关断, 关断, 关断
2713,  116, 备用                          , 关断, 关断, 关断
2714,  116, 备用                          , 关断, 关断, 关断
2715,  117, 密封度太低的剔出优先级        , 关断, 关断, 关断
2716,  118, 反向密封度太低的剔出优先级    , 关断, 关断, 关断
2717,  119, 总透气度太高的剔出优先级      , 关断, 关断, 关断
2718,  120, 总透气度太小的剔出优先级      , 关断, 关断, 关断
2719,  121, 吸阻太高的剔出优先级          , 关断, 关断, 关断
271A,  122, 吸阻太低的剔出优先级          , 关断, 关断, 关断
271B,  123, HID 废烟的剔出优先级          , 关断, 关断, 关断
271C,  124, 烟丝密度太低的剔出优先级      , 关断, 关断, 关断
271D,  125, 复合滤嘴缺陷的剔出优先级      , 关断, 关断, 关断
271E,  126, 烟支形状的剔出优先级          , 关断, 关断, 关断
271F,  127, 重量太轻的剔出优先级          , 关断, 关断, 关断
2721,  128, 重量太重的剔出优先级          , 关断, 关断, 关断
2722,  129, 硬点的剔出优先级              , 关断, 关断, 关断
2723,  130, 软点的剔出优先级              , 关断, 关断, 关断
2724,  131, 密封度的剔出优先级            , 关断, 关断, 关断
2725,  132, 反向密封度的剔出优先级        , 关断, 关断, 关断
2726,  133, 总透气度的剔出优先级          , 关断, 关断, 关断
2727,  134, 吸阻的剔出优先级              , 关断, 关断, 关断
2728,  135, 烟支端头烟丝密度的剔出优先级  , 关断, 关断, 关断
2729,  136, 激光器测试打孔的剔出优先级    , 关断, 关断, 关断
272A,  137, 额定重量的剔出优先级          , 关断, 关断, 关断
272B,  138, 印记校准取样的剔出优先级      , 接通, 关断, 关断
272C,  139, 直径校准取样的剔出优先级      , 接通, 关断, 关断
272D,  140, 烟支对                        , 2, 2, 2
272E,  141, 生产取样                      , 50, 0, 50
272F,  142, 抽样取样                      , 50, 0, 50
2730,  143, 随机取样                      , 50, 0, 50
2731,  144, 印记                          , 4, 4, 4
2732,  145, 废烟取样                      , 50, 0, 50
2733,  146, 缺少滤嘴取样                  , 50, 0, 50
2734,  147, 未涂上胶水                    , 50, 0, 50
2735,  148, 水松纸偏移取样                , 50, 0, 50
2736,  149, 活性碳滤嘴段缺陷              , 50, 0, 50
2737,  150, 水松纸有孔                    , 50, 0, 50
2738,  151, 气密性废品                    , 50, 0, 50
2739,  152, 反向密封度太低                , 50, 0, 50
273A,  153, 通风度过高                    , 50, 0, 50
273B,  154, 通风度过低                    , 50, 0, 50
273C,  155, 吸阻太高                      , 50, 0, 50
273D,  156, 吸阻太低                      , 50, 0, 50
273E,  157, HID 全部                      , 50, 0, 50
273F,  158, 空头废品取样                  , 50, 0, 50
2740,  159, 复合滤嘴不合格                , 50, 0, 50
2741,  160, 烟支外观废品取样              , 50, 0, 50
2742,  161, 烟支太轻                      , 50, 0, 50
2743,  162, 烟支太重                      , 50, 0, 50
2744,  163, 烟支有硬点                    , 50, 0, 50
2745,  164, 烟支有软点                    , 50, 0, 50
2746,  165, 杂质                          , 50, 0, 50
2747,  166, 气密性质量取样                , 50, 0, 50
2748,  167, 反向密封度                    , 50, 0, 50
2749,  168, 通风度质量取样                , 50, 0, 50
274A,  169, 吸阻质量取样                  , 50, 0, 50
274B,  170, 空头质量取样                  , 50, 0, 50
274C,  171, 额定重量                      , 50, 0, 50
274D,  172, 印记校准                      , 50, 0, 50
274E,  173, 激光器测试打孔                , 10, 2, 20
274F,  174, 直径                          , 50, 0, 50
2750,  175, 直径的抽样间隔                , 50, 0, 150
2751,  176, 烟条中有损坏/污点的剔出优先级 , 关断, 关断, 关断
2752,  177, 烟条上有亮污点的剔出优先级    , 关断, 关断, 关断
2753,  178, 接缝上有损坏/污点的剔出优先级 , 关断, 关断, 关断
2754,  179, 印记上有损坏/污点的剔出优先级 , 关断, 关断, 关断
2755,  180, 印刷辊鼓掌的剔出优先级        , 关断, 关断, 关断
2756,  181, 卷烟纸变脏的剔出优先级        , 关断, 关断, 关断
2757,  182, 由加热引起变色的剔出优先级    , 关断, 关断, 关断
2758,  183, 印记太亮的剔出优先级          , 关断, 关断, 关断
2759,  184, 印记位置的剔出优先级          , 关断, 关断, 关断
275A,  185, 烟支轻烟端                    , 20, 2, 20
275B,  186, 暗污点                        , 50, 2, 50
275C,  187, 亮污点                        , 50, 2, 50
275D,  188, 接缝上有损坏/污点             , 50, 2, 50
275E,  189, 烟支视觉外观缺陷取样          , 50, 2, 50
275F,  190, 印记不完整                    , 50, 2, 50
2760,  191, 卷烟纸变脏                    , 50, 2, 50
2761,  192, 由加热引起的变色              , 50, 2, 50
2762,  193, 钢印太亮                      , 50, 2, 50
2763,  194, 钢印偏移                      , 50, 2, 50
2764,  195, SRM 轻烟端                    , 50, 1, 50
2765,  100, 取样号                        , 0, 0, 10239
2766,  197, 取样类型                      , 0, 0, 10236
2767,  198, 烟条或烟道取样评估            , 前道烟条
2768,  199, 取样点                        , 烟条
2769,  200, 数量                          , 50, 2, 50
276A,  100, 取样号                        , 0, 0, 10239
276B,  197, 取样类型                      , 0, 0, 10239
276C,  198, 烟条或烟道取样评估            , 前道烟条
276D,  199, 取样点                        , 烟条
276E,  200, 数量                          , 50, 2, 50
276F,  100, 取样号                        , 0, 0, 10239
2770,  197, 取样类型                      , 0, 0, 10239
2771,  198, 烟条或烟道取样评估            , 前道烟条
2772,  199, 取样点                        , 烟条
2773,  200, 数量                          , 50, 2, 50
2774,  201, MAX 有双倍长烟条、烟支取样    , 接通, 关断, 关断
2790,  211, 重量校准取样                  , 50, 0, 50
2793,  218, 气密性校准                    , 50, 0, 50
2795,  219, 通风度校准                    , 50, 0, 50
2797,  220, 吸阻校准                      , 50, 0, 50
27C0,  233, 缺陷钢印取样数目              , 50, 0, 100
27C1,  234, 钢印残缺取样数目              , 50, 0, 100
27C2,  235, 钢印脏污取样数目              , 50, 0, 100
27C3,  236, 钢印野墨取样数目              , 50, 0, 100
27C4,  237, 深浅不均取样数目              , 50, 0, 100
27C5,  238, 位置偏差取样数目              , 50, 0, 100
27C6,  239, 油墨过浓取样数目              , 50, 0, 100
27C7,  240, 油墨过淡取样数目              , 50, 0, 100
27C8,  241, 套色位置取样数目              , 50, 0, 100
27C9,  242, 套色钢印水平位置取样数目      , 50, 0, 100
27CA,  243, 套色钢印垂直位置取样数目      , 50, 0, 100
27CB,  244, 燃烧端位置取样数目            , 50, 0, 100
27D0,  245, 缺陷钢印剔除优先级            , 关断, 关断, 关断
27D1,  246, 钢印残缺剔除优先级            , 关断, 关断, 关断
27D2,  247, 钢印脏污剔除优先级            , 关断, 关断, 关断
27D3,  248, 钢印野墨剔除优先级            , 关断, 关断, 关断
27D4,  249, 深浅不均剔除优先级            , 关断, 关断, 关断
27D5,  250, 位置偏差剔除优先级            , 关断, 关断, 关断
27D6,  251, 油墨过浓剔除优先级            , 关断, 关断, 关断
27D7,  252, 油墨过淡剔除优先级            , 关断, 关断, 关断
27D8,  253, 套色位置剔除优先级            , 关断, 关断, 关断
27D9,  254, 套色钢印水平位置剔除优先级    , 关断, 关断, 关断
27DA,  255, 套色钢印垂直位置剔除优先级    , 关断, 关断, 关断
27DB,  256, 燃烧端位置剔除优先级          , 关断, 关断, 关断
3100,  107, 每 道 取 样 数                , 40, 10, 100
3101,  108, 总 取 样 数                   , 20, 1, 100
3200,  117, 每 道 取 样 数                , 40, 10, 100
3201,  118, 总 取 样 数                   , 20, 1, 100
4001,  100, 重量控制                      , 接通, 关断, 关断
4003,  102, 前道剔出功能                  , 接通, 关断, 关断
4004,  103, 后道剔出功能                  , 接通, 关断, 关断
4005,  104, 杂质剔出功能                  , 接通, 关断, 关断
4006,  105, 密度废烟方式                  , 分段
4007,  106, 轻烟丝重量极限  mg            , 45, 20, 100
4008,  107, 重烟丝重量极限  mg            , 45, 20, 100
4009,  108, 重量控制投入速度  支/分       , 1800, 0, 12000
400A,  109, 剔出校正 前道                 , 0, -3, 3
400B,  110, 扫描头噪声 前道               , 0, 0, 20
4025, 1008, 剔出校正 后道                 , 0, -3, 3
4026, 1009, 扫描头噪声 后道               , 0, 0, 20
400C,  111, 最大剔出量警告极限    %       , 2.000000, 0.000000, 4.000000
400D,  112, 杂质剔出警告极限      %       , 0.400000, 0.000000, 2.000000
400E,  113, 端头位置警告极限     mm       , 5.000000, 0.000000, 10.000000
400F,  114, 样本量                        , 100, 100, 1000
4010,  115, 样本个数                      , 10, 2, 10
4011,  116, 高斯曲线范围         mg       , 160, 100, 220
4012,  117, 吸丝带起动位置模式            , 设定
4013,  118, 吸丝带起动位置次数            , 6, 1, 12
4014,  119, 吸丝带起动位置复位            , 关断, 接通, 关断
4015,  120, 校准重量偏差         mg       , 30, -80, 80
4016,  121, 前道控制周期        支        , 16, 8, 250
4017,  122, 后道控制周期        支        , 16, 8, 250
4018,  123, 吸丝带延迟          mm        , 0.040000, 0.000000, 0.400000
4019,  124, 前道积分加速限      mg        , 16, 16, 32
401A,  125, 后道积分加速限      mg        , 16, 16, 32
401B,  126, 前道积分系数                  , 5.000000, 0.000000, 200.000000
401C,  127, 后道积分系数                  , 5.000000, 0.000000, 200.000000
401D,  128, 前道加速积分系数              , 10.000000, 1.000000, 200.000000
401E,  129, 后道加速积分系数              , 10.000000, 1.000000, 200.000000
401F,  130, 前道至劈刀烟支数              , 33, 10, 999
4020,  131, 后道至劈刀烟支数              , 28, 10, 999
4021,  132, 吸丝带警告上限                , 4.000000, 3.500000, 4.000000
4022,  133, 吸丝带警告下限                , 0.000000, 0.000000, 0.500000
4023,  134, 吸丝带极限上限                , 4.000000, 3.500000, 4.000000
4024,  135, 吸丝带极限下限                , 0.000000, 0.000000, 0.500000
4090,  222, 密度曲线评估烟支数            , 256, 2, 300
4027, 1011, 前道向上积分                  , 5.000000, 0.000000, 200.000000
4028, 1012, 前道向上加速积分              , 5.000000, 0.000000, 200.000000
4029, 1013, 前道向下积分                  , 10.000000, 1.000000, 200.000000
402A, 1014, 前道向下加速积分              , 10.000000, 1.000000, 200.000000
402B, 1015, 前道微分                      , 0.500000, 0.000000, 10.000000
402C, 1016, 后道向上积分                  , 5.000000, 0.000000, 200.000000
402D, 1017, 后道向上加速积分              , 5.000000, 0.000000, 200.000000
402E, 1018, 后道向下积分                  , 10.000000, 1.000000, 200.000000
402F, 1019, 后道向下加速积分              , 10.000000, 1.000000, 200.000000
4030, 1020, 后道微分                      , 0.500000, 0.000000, 10.000000
4031, 1021, 吸丝带控制优化                , 关断, 关断, 关断
5050,  100, 前 道 剔 出                   , 关断, 关断, 关断
5051,  101, 自 学 习 阶 段                , 关断, 关断, 关断
5052,  102, 废 烟 极 限 值                , 2.000000, 0.000000, 4.000000
5053,  103, 后 道 剔 出                   , 关断, 关断, 关断
5054,  104, 起 动 速 度                   , 8000, 0, 12000
5056,  105, 光源亮度修正值                , 0, 0, 127
5057,  106, 传感器校准修正值              , 0, 0, 127
7050,  100, 手动测试开关                  , 关闭
7052,  102, 是否开启标准直径校准          , 关闭
7053,  103, 前道圆周超标操作              , 0, 0, 10
7054,  104, 后道圆周超标操作              , 0, 0, 10
7055,  105, 前道压板启动位置              , 80.000000, 0.000000, 160.000000
7056,  106, 后道压板启动位置              , 80.000000, 0.000000, 160.000000
7057,  107, 前道CCD 1检测设置阀值         , 2500, 0, 4096
7058,  108, 前道CCD 2检测设置阀值         , 2500, 0, 4096
7059,  109, 后道CCD 1检测设置阀值         , 2500, 0, 4096
705A,  110, 后道CCD 2检测设置阀值         , 2500, 0, 4096
8102,  702, HMIboAbortTrace               , 是
8103,  703, HMIaActiveValue               , 0, 0, 255
8104,  704, HMIaTraceValueToNumber0       , 0, 0, 65535
8105,  705, HMIaTraceValueToNumber1       , 0, 0, 65535
8106,  706, HMIaTraceValueToNumber2       , 0, 0, 65535
8107,  707, HMIaTraceValueToNumber3       , 0, 0, 65535
8108,  708, HMIaTraceValueToNumber4       , 0, 0, 65535
8201,  701, HMIboStartTrace               , 否
8202,  702, HMIboAbortTrace               , 否
8203,  703, HMIaActiveValue               , 0, 0, 255
8204,  704, HMIaTraceValueToNumber0       , 0, 0, 65535
8205,  705, HMIaTraceValueToNumber1       , 0, 0, 65535
8206,  706, HMIaTraceValueToNumber2       , 0, 0, 65535
8207,  707, HMIaTraceValueToNumber3       , 0, 0, 65535
8208,  708, HMIaTraceValueToNumber4       , 0, 0, 65535
8301,  701, HMIboStartTrace               , 否
8302,  702, HMIboAbortTrace               , 否
8303,  703, HMIaActiveValue               , 0, 0, 255
8304,  704, HMIaTraceValueToNumber0       , 0, 0, 65535
8305,  705, HMIaTraceValueToNumber1       , 0, 0, 65535
8306,  706, HMIaTraceValueToNumber2       , 0, 0, 65535
8307,  707, HMIaTraceValueToNumber3       , 0, 0, 65535
8308,  708, HMIaTraceValueToNumber4       , 0, 0, 65535
B000,  100, 每 道 取 样 数                , 100, 10, 100
B001,  101, 总 取 样 数                   , 100, 1, 100
B002,  102, 波 峰 位 置                   , 20, 0, 79
B003,  103, 波 谷 位 置                   , 20, 0, 79
B100,  100, 总 取 样 数                   , 100, 1, 100
B101,  101, 波 峰 位 置                   , 20, 0, 79
B102,  102, 波 谷 位 置                   , 20, 0, 79

[MessageParameter]
;No, Tid, Text, Default, Min, Max
1100,  136, 冷却加料泵断路器跳闸（Q0A）   , 10, 15, 10
1101,  137, VE/SE伺服主断路器跳闸（Q0V）  ,  8, 10,  8
1102,  138, MAX伺服主断路器跳闸（Q0M）    ,  8, 10,  8
1103,  139, 激光打孔主断路器跳闸（Q0L）   , 10, 15, 10
1104,  140, 自耦变压器断路器跳闸（Q1）    ,  8, 10,  8
1105,  141, VE主断路器跳闸（Q1V）         ,  8, 10,  8
1106,  142, MAX主断路器跳闸（Q1M）        ,  8, 10,  8
1108,  144, 废烟筛分机断路器跳闸（Q0B）   , 10, 15, 10
1109,  145, SE24V电源断路器跳闸（Q5S）    , 10, 15, 10
110A,  146, SE磨刀电机断路器跳闸（Q12S）  , 10, 15, 10
110B,  147, SE水平废烟输送带断路器跳闸（Q14S）, 10, 15, 10
110C,  148, SE陡角废烟输送带断路器跳闸（Q15S）, 10, 15, 10
110D,  149, 油泵断路器跳闸（Q16S）        , 10, 15, 10
110E,  150, 中央动力柜左热交换器断路器跳闸（F3）, 10, 15, 10
110F,  151, 中央控制柜热交换器断路器跳闸（F3P）, 10, 15, 10
1110,  152, SE机身热交换器断路器跳闸（F4S）, 10, 15, 10
1111,  153, 中央动力柜右热交换器断路器跳闸（F4）, 10, 15, 10
1112,  154, 三相电网过压保护（F0）        ,  8, 10,  8
1113,  155, 照明电网过压保护（F80）       ,  8, 10,  8
1114,  156, SE24V电源断路器跳闸（F1S）    , 10, 15, 10
1115,  157, SE24V电源断路器跳闸（F15P）   , 10, 15, 10
1116,  158, 中央动力柜温度（S90）         , 10, 15, 10
1117,  159, 中央控制柜温度（S90P）        , 10, 15, 10
1118,  160, SE 控制柜温度（S90S）         , 10, 15, 10
1119,  161, SE 24V电源断路器跳闸（F14P）  , 10, 15, 10
111B,  163, SE 手动模式                   , 36, 41, 20
111C,  164, SE 点动模式                   , 36, 41, 10
111D,  165, SE 操作模式                   , 15, 41, 10
111E,  166, SE 手动停机                   , 15, 41, 10
111F,  167, SE 停机监测                   , 15, 41, 10
1120,  168, SE 压缩空气（S100S）          , 12, 41, 10
1121,  169, 紧急停机                      ,  8, 10,  8
1122,  170, 中央动力柜门（S12.1）         , 30, 41, 10
1123,  171, 中央控制柜门（S12P）          , 30, 41, 10
1124,  172, 水冷泵未运行（M1A）           ,  8, 10,  8
1125,  173, 内循环水冷系统压力高（B62S）  ,  9, 19,  8
1126,  188, 内循环水冷系统温度（B61S）    ,  9, 19,  8
1127,  189, 内循环水冷系统流量（B60S）    ,  9, 19,  8
1128,  190, 水冷系统水位（S60S）          ,  9, 19,  8
1129,  191, SE 水冷系统压力高（B64S）     ,  9, 19,  8
112A,  192, SE 水冷系统温度（B63S）       ,  9, 19,  8
112D,  183, SE 油品检测通讯故障           , 25, 41, 10
112E,  184, SE 润滑油温度                 , 25, 41, 10
112F,  185, SE 润滑油粘度                 , 25, 41, 10
1130,  193, 内循环水冷系统压力低（B62S）  , 20, 41,  8
1131,  194, SE 水冷系统压力低（B64S）     ,  9, 41,  8
1132,  196, SE 安全功能空气压力（S117S）  , 12, 41, 10
1133,  199, VESE EtherCAT总线故障         , 12, 41, 10
1134,  202, 废烟料位满                    , 20, 41, 20
1135,  203, 废烟料位堵塞                  , 19, 41, 16
1136,  204, 废烟筛分机进料检测开关脏      , 25, 41, 20
1137,  205, 废烟筛分机故障                , 19, 41, 16
1138,  206, VE/SE 伺服控制器（A3S-A1）    , 28, 41, 20
1139,  206, VE/SE 伺服控制器（A3S-A1）    , 10, 12, 10
1200,  142, VE 控制柜温度（S84V）         , 11, 12, 11
1201,  143, VE 风机室温度（S85V）         , 11, 12, 11
1202,  279, VE 水冷系统压力高（B80V）     , 11, 12, 11
1203,  280, VE 水冷系统温度（B81V）       , 11, 12, 11
1204,  281, VE 冷却风扇断路器跳闸（F10V） , 11, 12, 11
1205,  286, VE 辅助驱动装置               , 15, 19, 13
1206,  332, VE 水冷系统压力低（B80V）     , 20, 41, 11
1207,  341, VE 冷却风扇断路器跳闸（F8V）  , 11, 12, 11
1208,  342, VE 冷却风扇断路器跳闸（F9V）  , 11, 12, 11
1210,  144, VE 压缩空气（S101V）          , 12, 12, 11
1211,  333, VE 短烟丝回收管路风速低（A18V）, 25, 41, 11
1212,  334, VE 短烟丝回收管路风速低（A19V）, 25, 41, 11
1220,  148, VE 控制柜位置（S23V）         , 11, 19, 11
1222,  150, VE 控制柜右门（S79V）         , 22, 41, 11
1223,  151, VE 弹丝辘盖板（S37V）         , 12, 12, 11
1224,  152, VE 上门（S2V）                , 22, 41, 11
1225,  153, VE 前防护左门（S7V）          , 22, 41, 11
1226,  154, VE 前防护中门（S8V）          , 22, 41, 11
1227,  155, VE 前防护右门（S9V）          , 22, 41, 11
1228,  156, VE 烟丝箱单元右门（S41V）     , 22, 41, 11
1229,  157, VE 烟丝箱单元左门（S43V）     , 22, 41, 11
122A,  158, VE 烟丝箱单元上门（S42V）     , 12, 41, 11
122B,  159, VE 烟丝箱单元下门（S44V）     , 22, 41, 11
122C,  160, VE 送丝气闸板护罩（S40V）     , 12, 12, 11
122D,  161, VE 劈刀防护罩（S29V）         , 12, 12, 11
122E,  162, VE 风室护罩（S31V）           , 12, 12, 11
1240,  163, VE 输送空气速度超限（A14V）   , 30, 41, 20
1242,  165, VE 气闸装料未满（B8V）        , 30, 41, 20
1243,  166, VE 气闸闸板位置（B9V）        , 25, 41, 20
1250,  167, VE 烟丝箱单元位置（S32V）     , 12, 12, 11
1251,  168, VE 无烟丝（B5V）              , 18, 19, 16
1252,  169, VE 维修模式（S58V）           , 11, 12, 11
1254,  171, VE 提丝带过载（A12V）         , 12, 12, 11
1256,  173, VE 磁选盖板位置（S10V）       , 12, 12, 11
1257,  235, VE 后落丝窗打开（S33V）       , 12, 12, 11
1261,  175, VE 计量料槽空                 , 18, 19, 16
1262,  176, VE 计量料槽满                 , 28, 41, 20
1263,  177, VE 计量料槽烟丝堵塞           , 18, 19, 16
1271,  179, VE 前道吸丝带未张紧（S17V）   , 18, 19, 16
1272,  180, VE 后道吸丝带未张紧（S20V）   , 18, 19, 16
1275,  183, VE 后道劈刀前的激光器未投入（A10V）, 22, 41, 16
1276,  184, VE 后道劈刀后的激光器未投入（A11V）, 22, 41, 16
1277,  185, VE 流化床位置                 , 17, 41, 16
1278,  186, VE 风室位置                   , 17, 41, 16
127A,  232, VE 风室体护罩未关闭（S31V）   , 11, 41, 11
127B,  236, VE 流化床不在下部位置         , 17, 41, 16
127C,  237, VE 流化床在上部位置           , 17, 41, 16
1280,  187, VE 烟梗槽堵塞（B4V）          , 19, 20, 16
1282,  189, VE 烟梗箱料位（B16V）         , 25, 41, 19
1283,  190, VE 烟梗槽堵塞 报警（B4V）     , 30, 41, 20
1286,  283, VE 电源模块断路器跳闸（F90V） , 10, 12, 10
1287,  284, VE 照明电源断路器跳闸（F14V） , 10, 12, 10
1290,  191, VE 辅助驱动断路器跳闸(Q4V)    , 10, 15, 10
1291,  192, VE 预分配器断路器跳闸（Q5V）  , 10, 15, 10
1292,  193, VE 闸辊断路器跳闸（Q6V）      , 10, 15, 10
1293,  194, VE 烟梗振槽断路器跳闸（Q8V）  , 10, 15, 10
1294,  195, VE 磁选装置断路器跳闸（Q17V） , 10, 15, 10
1295,  196, VE 前输送蜗杆断路器跳闸（Q12V）, 10, 15, 10
1296,  197, VE 侧输送蜗杆断路器跳闸（Q15V）, 10, 15, 10
1297,  198, VE 后输送蜗杆断路器跳闸（Q7V）, 10, 15, 10
1298,  199, VE 叶轮闸门断路器跳闸（Q35V） , 10, 15, 10
1299,  200, VE 旋转式滤网断路器跳闸（Q36V）, 10, 15, 10
129A,  201, VE 电源模块断路器跳闸（Q24V） , 10, 15, 10
129B,  202, VE 电源模块断路器跳闸（Q25V） , 10, 15, 10
129C,  203, VE 电源模块断路器跳闸（Q26V） , 10, 15, 10
129D,  204, VE 电源模块断路器跳闸（F35V） , 10, 15, 10
129E,  205, VE 24V供电断路器跳闸（F11V）  , 10, 15, 10
129F,  206, VE 阀组供电断路器跳闸（F12V） , 10, 15, 10
12A0,  207, VE 安全供电断路器跳闸（F13V） , 10, 15, 10
12A1,  208, VE 伺服24V供电断路器跳闸（F2V）, 10, 15, 10
12A2,  209, VE 辅助驱动接触器故障(K4V)    , 10, 15, 10
12A3,  210, VE 预分配器接触器故障（K5V）  , 10, 15, 10
12A4,  211, VE 磁选装置打开接触器故障（K8V）, 10, 15, 10
12A5,  212, VE 磁选装置关闭接触器故障（K9V）, 10, 15, 10
12A6,  213, VE 伺服600V供电监测（F1PV）   , 10, 19, 10
12A7,  214, VE 伺服600V供电监测（F1MV）   , 10, 19, 10
12A8,  215, VE 伺服扩展模块CX32（A3V A10）, 10, 12, 10
12A9,  216, VE 安全子站故障（A110V）      , 10, 12, 10
12AA,  217, VE 匀丝辊断路器跳闸（Q9V）    , 10, 12, 10
12AB,  218, VE 计量辊断路器跳闸（Q10V）   , 10, 12, 10
12B0,  219, VE 负压风机伺服故障（M1V）    , 15, 19, 10
12B1,  220, VE 循环风机伺服故障 （M2V）   , 15, 19, 10
12B2,  221, VE 提丝带伺服故障 （M205V）   , 15, 19, 10
12B3,  222, VE 针辊伺服故障 （M206V）     , 15, 19, 10
12B4,  223, VE 吸丝带伺服故障 （M20V）    , 15, 19, 10
12B5,  224, VE 前道劈刀伺服故障 （M203V） , 15, 19, 10
12B6,  225, VE 后道劈刀伺服故障 （M204V） , 15, 19, 10
12B7,  226, VE 前道重量控制伺服故障 （M80V）, 15, 19, 10
12B8,  227, VE 后道重量控制伺服故障 （M81V）, 15, 19, 10
12B9,  282, VESE 伺服电源模块（A3V A3）   , 12, 19, 10
12D0,  248, VE 劈刀防护罩S29V输入故障     , 10, 12, 10
12D1,  249, VE 风室护罩S31V输入故障       , 10, 12, 10
12D2,  250, VE 烟丝箱单元位置S32V输入故障 , 10, 12, 10
12D3,  251, VE 维修/运行S58V输入故障      , 10, 12, 10
12D4,  252, VE 气闸板护罩S40V输入故障     , 10, 12, 10
12D5,  253, VE 磁选盖板S10V输入故障       , 10, 12, 10
12D6,  254, VE 弹丝辘护罩S37V输入故障     , 10, 12, 10
12D7,  255, VE 后落丝窗S33V输入故障       , 10, 12, 10
12D8,  256, VE 防护罩S2V输入故障          , 10, 25, 10
12E2,  266, VE 流化床降温通讯故障         , 16, 40, 16
12E3,  267, VE 空气分配箱温度过高         , 25, 40, 20
1258,  373, VE 预供丝底部活动门打开（S46V）, 12, 12, 10
12E7,  374, VE 预供丝底部活动门S46V输入故障, 10, 12, 10
12E8,  375, VE 预供丝底部活动门S46V状态错误, 10, 12, 10
1300,  167, SE 第一引纸辊伺服故障(M1S)    , 15, 19, 10
1301,  168, SE 纸张力辊伺服故障(M2S)      , 15, 19, 10
1302,  169, SE 左侧油墨计量泵伺服故障(M3S), 15, 19, 10
1303,  170, SE 左侧匀墨辊伺服故障(M4S)    , 15, 19, 10
1304,  171, SE 左侧钢印辊伺服故障(M5S)    , 15, 19, 10
1305,  172, SE 右侧油墨计量泵伺服故障(M6S), 15, 19, 10
1306,  173, SE 右侧匀墨辊伺服故障(M7S)    , 15, 19, 10
1307,  174, SE 右侧钢印辊伺服故障(M8S)    , 15, 19, 10
1308,  175, SE 钢印位置调整伺服故障(M10S) , 15, 19, 10
1309,  176, SE 第二引纸辊伺服故障(M11S)   , 15, 19, 10
130A,  177, SE 胶泵伺服故障(M12S)         , 15, 19, 10
130B,  178, SE 前道直径控制伺服故障(M13S) , 15, 19, 10
130C,  179, SE 后道直径控制伺服故障(M14S) , 15, 19, 10
130D,  180, SE 布带轮伺服故障(M15S)       , 15, 19, 10
130E,  181, SE 废烟切割伺服故障(M16S)     , 15, 19, 10
130F,  182, SE 切刀托架伺服故障(M17S)     , 15, 19, 10
1310,  183, SE 蜘蛛手负压风机伺服故障(M18S), 15, 19, 10
1311,  184, SE 烟支交接单元伺服故障(M19S) , 15, 19, 10
1312,  185, SE 纸宽调整伺服故障(M24S)     , 15, 19, 10
1313,  186, SE 前道纸边高度控制伺服故障(M25S), 15, 19, 10
1314,  187, SE 后道纸边高度控制伺服故障(M26S), 15, 19, 10
1315,  188, SE 冷水泵伺服故障(M1A)        , 15, 19, 10
1320,  347, SE 拼接段                     , 25, 41, 20
1322,  551, SE 伺服扩展模块CX32（A3S A20）, 16, 19, 16
1323,  552, SE 伺服扩展模块CX32（A3S A30）, 16, 19, 16
1324,  553, SE 伺服扩展模块CX32（A3S A40）, 16, 19, 16
1325,  554, SE 伺服扩展模块CX32（A3S A50）, 16, 19, 16
1326,  555, SE 集成CU控制器（A3S A1）     , 16, 19, 16
1327,  556, SE TM41端子模块（A3S A37）    , 16, 19, 16
1328,  557, SE TM41端子模块（A3S A38）    , 16, 19, 16
1329,  356, VE/SE 机器虚拟主轴故障        , 16, 19, 16
132A,  357, VE 供丝虚轴故障               , 16, 19, 16
132B,  358, SE 编码器仿真轴故障           , 16, 19, 16
132C,  359, SE 编码器仿真轴故障           , 16, 19, 16
132D,  360, SE-MAX 同步虚轴故障           , 16, 19, 16
132E,  474, SE 喇叭嘴伺服故障（M32S）     , 16, 19, 16
1330,  189, SE 切刀刀罩（S4S)             , 16, 41, 10
1331,  190, SE 切刀刀罩连锁（S32S）       , 16, 41, 10
1332,  191, SE 切刀托架防护门（S26S）     , 16, 41, 10
1333,  192, SE 烟枪防护罩（S2S)           , 16, 41, 10
1334,  193, SE 烟枪布带门（S27S)          , 16, 41, 10
1335,  194, SE 左印刷器门（S28S)          , 16, 19, 10
1336,  195, SE 右印刷器门（S29S)          , 16, 19, 10
1337,  196, SE 封口器未下降（S14S)        , 16, 41, 10
1338,  197, SE 打条器防护罩（S15S)        , 20, 41, 10
1339,  198, SE 陡角废烟输送带防护板（S17S), 16, 41, 10
133A,  199, 急停开关故障                  , 16, 41, 10
133B,  200, SE 静止监视故障               , 16, 41, 10
133C,  201, SE 安全子站故障(A110S)        , 16, 41, 10
133D,  202, SE MAX 安全通讯故障           , 16, 41, 10
1350,  203, SE 控制柜门（S1S）            , 30, 41, 10
1351,  204, SE 后机器室左门（S34S）       , 30, 41, 10
1352,  205, SE 后机器室右门（S35S）       , 30, 41, 10
1353,  307, SE 切割和清洁单元切刀         , 19, 41, 10
1360,  206, SE 普通24V供电断路器跳闸（F12S）, 10, 15, 10
1361,  207, SE 组合式传感器SES供电断路器跳闸（F13S）, 10, 15, 10
1362,  208, SE 控制柜左风扇断路器跳闸（F20S）, 10, 15, 10
1363,  209, SE 普通24V供电断路器跳闸（F15S）, 10, 15, 10
1364,  210, SE 阀岛供电断路器跳闸（F16S） , 10, 15, 10
1365,  211, SE 普通24V供电断路器跳闸（F17S）, 10, 15, 10
1367,  213, UPS电源(ITOS)断路器跳闸       , 10, 15, 10
1368,  214, SE 伺服24V供电断路器跳闸（F10S）, 10, 15, 10
136A,  216, SE 控制柜右风扇断路器跳闸（F21S）, 10, 15, 10
136B,  217, SE 左印墨断路器跳闸（F55S）   , 10, 15, 10
136C,  218, SE 右印墨断路器跳闸（F56S）   , 10, 15, 10
136D,  219, SE 前道封口器断路器跳闸（F57S）, 10, 15, 10
136E,  220, SE 后道封口器断路器跳闸（F58S）, 10, 15, 10
136F,  221, SE 切刀磨刀电机接触器（K12S） , 10, 15, 10
1370,  222, SE 油泵接触器（K16S）         , 10, 15, 10
1371,  223, SE 加热器接触器（K50S）       , 10, 15, 10
1372,  224, SE 水平废烟输送带接触器（K14S）, 10, 15, 10
1373,  225, SE 垂直废烟输送带接触器（K15S）, 10, 15, 10
1374,  355, SE 加热器断路器跳闸(F22S)     , 10, 15, 10
1375,  562, SE 24V电源断路器跳闸（F9S）   , 10, 15, 10
1380,  226, BOB SE 未就绪                 , 30, 41, 10
1381,  227, BOB SE 报警                   , 20, 41, 20
1382,  228, BOB SE 纸断裂                 , 16, 41, 10
1383,  229, BOB SE 盘纸更换预告           , 20, 41, 10
1386,  232, SE 前道卷烟纸断裂（B16S）     , 20, 41, 10
1387,  233, SE 后道卷烟纸断裂（B18S）     , 20, 41, 10
1388,  234, SE 拼接段传感器纸断裂（B21S） , 20, 41, 10
138A,  301, SE 压纸辊位置                 , 19, 40, 15
138B,  348, SE 纸宽传感器断纸（B19S）     , 19, 41, 10
138C,  301, SE 压纸辊位置                 , 22, 41, 20
138D,  558, SE 卷烟纸剖切超限             , 19, 41, 18
138E,  559, SE 卷烟纸剖切调整超限         , 25, 41, 18
138F,  560, SE 前道纸高调整超限           , 25, 41, 18
1390,  561, SE 后道纸高调整超限           , 25, 41, 18
1391,  566, SE 前道直径调整超限           , 25, 41, 18
1392,  567, SE 后道直径调整超限           , 25, 41, 18
139E,  563, SE 左油墨计量初始化失败（B13S A1）, 19, 41, 19
139F,  564, SE 右油墨计量初始化失败（B14S A1）, 19, 41, 19
13A0,  341, SE 左侧油墨喷嘴温度过高       , 37, 41, 13
13A1,  342, SE 左侧油墨量储备             , 29, 41, 20
13A2,  343, SE 右侧油墨喷嘴温度过高       , 16, 19, 13
13A3,  344, SE 右侧油墨量储备             , 37, 41, 13
13A4,  345, SE 左侧油墨温度检测异常       , 19, 41, 10
13A5,  346, SE 右侧油墨温度检测异常       , 19, 41, 10
13A6,  350, SE 蜘蛛手润滑油流量监测       , 19, 41, 10
13AA,  354, SE 胶水储备                   , 19, 20, 16
13B0,  240, SE 胶水储备                   , 25, 41, 20
13B1,  241, SE 封口上胶已关断             , 25, 41, 20
13B2,  242, SE 烟枪冷却水流量             , 19, 41, 16
13B3,  243, SE 封口器受阻                 , 25, 41, 10
13C0,  244, SE 加热器已关断               , 25, 41, 16
13C1,  245, SE 前道封口器温度             , 19, 41, 10
13C2,  246, SE 前道封口器温度过高         , 19, 41, 10
13C3,  247, SE 前道封口器加热器断线       , 19, 41, 10
13C4,  248, SE 后道封口器温度             , 19, 41, 10
13C5,  249, SE 后道封口器温度过高         , 19, 41, 10
13C6,  250, SE 后道封口器加热器断线       , 19, 41, 10
13C7,  251, SE 烟枪温度太高               , 17, 19, 13
13C8,  252, SE 前道无烟条起始端           , 16, 19, 13
13C9,  253, SE 后道无烟条起始端           , 16, 19, 13
13CA,  302, SE 封口器已断开               , 25, 41, 20
13CB,  303, SE 烟条断裂                   , 16, 19, 13
13CC,  332, SE 前道封口器温度检测异常     , 19, 41, 10
13CD,  333, SE 后道封口器温度检测异常     , 19, 41, 10
13D0,  254, SE 切刀进给                   , 34, 41, 20
13D1,  255, SE 切刀进给                   , 16, 19, 13
13D2,  256, SE 切刀长度                   , 16, 19, 16
13D3,  304, SE 手轮不在工作位置（B44S）   , 16, 19, 16
13D4,  283, 烟枪冷却水泵断路器跳闸（F30S）, 16, 19, 10
13D5,  284, 烟枪冷却水泵接触器（K30S）    , 16, 19, 10
13E0,  257, SE 油压                       , 13, 15, 11
13E1,  258, SE 油压开关（S24S）           , 18, 19, 10
13E2,  264, SE 急停输入故障               , 16, 19, 16
13E3,  265, SE 静止监视输入故障           , 16, 19, 16
13E4,  266, SE 切刀刀罩S4S输入故障        , 16, 19, 16
13E5,  267, SE 刀罩连锁S32S输入故障       , 16, 19, 16
13E6,  268, SE 切刀托架S26S输入故障       , 16, 19, 16
13E7,  269, SE 烟枪布带门S27S输入故障     , 16, 19, 16
13E8,  270, SE 左印刷器门S28S输入故障     , 16, 19, 16
13E9,  271, SE 右印刷器门S29S输入故障     , 16, 19, 16
13EA,  272, SE 垂直废烟输送带防护板S17S输入故障, 16, 19, 16
13EB,  273, SE 烟枪防护罩S2S输入故障      , 16, 25, 16
13EC,  274, SE 打条器防护罩S15S输入故障   , 16, 19, 16
13ED,  275, SE 封口器下降S14S输入故障     , 16, 19, 16
13EE,  475, 垂直废烟输送装置料位满（B45S）, 25, 41, 20
13EF,  476, 垂直废烟输送装置料位堵塞（B45S）, 16, 19, 16
13F0,  276, VE/SE 安全通讯故障            , 16, 19, 16
13F1,  277, 垂直废烟输送带堵转            , 19, 41, 16
13F2,  278, 垂直废烟输送装置未连接        , 16, 19, 16
13F3,  279, 喇叭嘴刀盘调试模式            , 16, 19, 16
13F4,  280, 喇叭嘴安全功能SLS激活         , 16, 19, 16
13F8,  296, SE EL6900 不存在              , 16, 19, 16
13F9,  297, SE EL6900 程序未下载          , 16, 19, 16
13FA,  298, SE EL6900 通讯故障            , 16, 19, 16
13FB,  299, SE EL6900 程序运行故障        , 16, 19, 16
13FC,  300, SE A3S伺服通讯故障            , 16, 19, 16
13FD,  349, SE CCP零脉冲偏离故障          , 16, 19, 16
13FE,  549, SE 油箱料位（B124S）          , 25, 41, 19
132F,  565, SE 钢印驱动组主虚轴故障       , 16, 19, 16
13FF,  568, SE 蜘蛛手润滑                 , 16, 41, 16
1354,  485, SE 前道钢印波形失真           , 19, 41, 15
1355,  486, SE 后道钢印波形失真           , 19, 41, 15
1356,  487, SE 钢印检测镜片污染           , 19, 41, 15
1357,  488, SE 钢印自动调整极限           , 20, 41, 15
2100,  210, MAX 阀 Y2                     , 20, 41, 19
2101,  211, MAX 阀 Y3                     , 20, 41, 19
2102,  212, MAX 阀 Y5                     , 20, 41, 19
2103,  213, MAX 阀 Y6                     , 20, 41, 19
2104,  214, MAX 阀 Y7                     , 20, 41, 19
2105,  215, MAX 阀 Y8                     , 20, 41, 19
2106,  216, MAX 阀 Y9                     , 20, 41, 19
2107,  217, MAX 阀 Y10                    , 20, 41, 19
2108,  218, MAX 光传感器 B1               , 20, 41, 19
2109,  219, MAX 光传感器 B2               , 20, 41, 19
210A,  220, MAX 光传感器 B3               , 20, 41, 19
210B,  221, MAX 光传感器 B4               , 20, 41, 19
210C,  222, MAX 光传感器 B5               , 20, 41, 19
210D,  223, MAX 光传感器 B6               , 20, 41, 19
210E,  224, MAX 光传感器 B7               , 20, 41, 19
210F,  225, MAX 光传感器 B14              , 20, 41, 19
2110,  226, MAX 光传感器 B15              , 20, 41, 19
2111,  227, MAX 光传感器 B16M             , 20, 41, 19
2112,  228, MAX 光传感器 B17M             , 20, 41, 19
2113,  229, MAX 光传感器 B24              , 20, 41, 19
2114,  230, MAX 光传感器 B41              , 20, 41, 19
2115,  231, MAX 光传感器 B42              , 20, 41, 19
2116,  232, MAX 过滤嘴棒监测              , 16, 25, 11
2117,  233, MAX 搓接块堵塞                , 15, 20, 10
2118,  234, MAX 左激光器堵塞              , 15, 20, 10
2119,  235, MAX 右激光器堵塞              , 15, 20, 10
211A,  236, MAX 堵塞 B14/15               , 15, 20, 10
211B,  237, 备用                          , 15, 20, 10
211C,  238, MAX 取样起动                  , 15, 41, 15
211D,  239, 备用                          , 15, 20, 10
211E,  240, 取出 MAX 粘接段               , 20, 41, 20
211F,  241, MAX 堵塞 B24M                 , 15, 20, 10
2120,  242, MAX 胶水传感器停机            , 16, 25, 15
2121,  243, MAX 胶水传感器报警            , 20, 40, 20
2122,  244, MAX 水松纸传感器剔出          , 16, 25, 15
2123,  245, MAX 水松纸传感器剔出          , 20, 40, 20
2124,  246, MAX 水松纸缠卷剔出            , 16, 25, 15
2125,  247, MAX 水松纸缠卷剔出            , 20, 40, 20
2126,  248, *MAX 胶水传感器               , 16, 40, 15
2127,  249, 备用                          , 15, 19, 10
2128,  250, MAX 胶水杆不在工作位置        , 16, 41, 10
2129,  251, MAX 卷曲器不在工作位置        , 16, 41, 10
212A,  252, MAX 摆动杆校准                , 16, 16, 10
212C,  253, 杂质盘不在工作位置            , 41, 41, 10
212D,  254, 备用                          , 41, 41, 10
2130,  255, 备用                          , 41, 41, 10
2131,  256, 备用                          , 19, 41, 10
2132,  257, 备用                          , 41, 41, 10
2133,  258, 备用                          , 41, 41, 10
2134,  259, 滤嘴输入段                    , 19, 41, 10
2135,  260, MAX 覆盖上聚焦                , 41, 41, 10
2136,  261, MAX 覆盖下聚焦                , 19, 41, 10
2137,  262, MAX 堵塞 B2 / B3              , 25, 41, 10
2138,  263, MAX 堵塞 B4 / B5              , 25, 41, 10
2139,  264, MAX 堵塞 B6 / B7              , 25, 41, 10
213A,  265, 备用                          , 25, 41, 10
213B,  266, 备用                          , 25, 41, 10
213C,  267, 检查上聚焦传感器              , 25, 41, 10
213D,  268, 检查下聚焦传感器              , 25, 41, 10
213E,  269, MAX 节拍脉冲监测              , 25, 41, 10
213F,  270, MAX 搓接鼓阀废烟极限          , 25, 41, 10
2140,  271, MAX 剔出阀 Y7 废烟极限        , 25, 41, 10
2141,  272, MAX 剔出阀 Y8 废烟极限        , 41, 41, 10
2142,  273, MAX 烟条段取样盘满            , 41, 41, 10
2143,  274, MAX METIS 取样盘满            , 41, 41, 10
2144,  275, MAX 接合点传感器              , 41, 41, 10
2145,  276, MAX 接合点传感器 2            , 41, 41, 10
2146,  277, MAX NTRM 取样盘满             , 41, 41, 10
2147,  278, MAX 用于 MAX 盘纸更换时取样的盘满, 41, 41, 10
2148,  279, MAX 取样盘不在工作位置        , 41, 41, 10
2149,  280, MAX 取样盘不在操作员位置      , 41, 41, 10
2150,  281, MAX 取样盘中缺少烟支          , 41, 41, 10
2151,  282, MAX 用于 SE 盘纸更换时取样的盘满, 41, 41, 10
2152,  283, SE BOB 拼接段                 , 41, 41, 10
2155,  284, MAX 取样中断                  , 41, 41, 10
2156,  285, MAX BOB 拼接段                , 41, 41, 10
2157,  286, MAX 阀 Y16                    , 41, 41, 10
2158,  287, MAX 烟条配属错误              , 41, 41, 10
2159,  421, Y2M OUTPUT CAM错误            , 15, 20, 10
215A,  422, Y3M OUTPUT CAM错误            , 15, 20, 10
215B,  423, Y4M OUTPUT CAM错误            , 15, 20, 10
215C,  424, Y5M OUTPUT CAM错误            , 15, 20, 10
215D,  425, Y7M OUTPUT CAM错误            , 15, 20, 10
215E,  426, Y8M OUTPUT CAM错误            , 15, 20, 10
215F,  427, Y9M OUTPUT CAM错误            , 15, 20, 10
2160,  428, Y10M OUTPUT CAM错误           , 15, 20, 10
2161,  429, Y16M OUTPUT CAM错误           , 15, 20, 10
2200,  207, MAX 伺服PROFINET通讯故障(A3M) , 10, 12, 10
2201,  208, MAX 伺服PROFINET通讯故障(A4M) , 10, 12, 10
2202,  209, IPC 伺服参数发送出错          , 10, 12, 10
2205,  212, MAX 伺服扩展模块CX32(A3M A10) , 15, 19, 10
2206,  213, MAX 伺服扩展模块CX32(A3M A20) , 15, 19, 10
2207,  214, MAX 伺服扩展模块CX32(A3M A30) , 15, 19, 10
2208,  215, MAX 伺服扩展模块CX32(A3M A40) , 15, 19, 10
2209,  216, MAX 集成CU控制器(A3M A1)      , 15, 19, 10
220A,  217, MAX 电源模块(A3M A17)         , 15, 19, 10
220B,  218, MAX TM41端子模块(A3M A37)     , 15, 19, 10
220C,  219, MAX 伺服扩展模块CX32(A4M A10) , 15, 19, 10
220D,  220, MAX 伺服扩展模块CX32(A4M A20) , 15, 19, 10
220E,  221, MAX 伺服扩展模块CX32(A4M A30) , 15, 19, 10
220F,  222, MAX 伺服扩展模块CX32(A4M A40) , 15, 19, 10
2210,  223, MAX 集成CU控制器(A4M A1)      , 15, 19, 10
2211,  224, MAX TM17端子模块(A4M A18)     , 15, 19, 10
2212,  225, MAX TM41端子模块(A4M A17)     , 15, 19, 10
2213,  226, MAX 滤棒库绕卷辊伺服故障(M20M), 15, 19, 10
2214,  227, MAX 滤棒库滑台伺服故障(M21M)  , 15, 19, 10
2215,  228, MAX 滤棒输入带伺服故障(M22M)  , 15, 19, 10
2216,  229, MAX 滤棒偏导辊伺服故障(M23M)  , 15, 19, 10
2217,  230, MAX 滤棒切刀1伺服故障(M24M)   , 15, 19, 10
2218,  231, MAX 滤棒切刀2伺服故障(M25M)   , 15, 19, 10
2219,  232, MAX 滤嘴切割轮伺服故障(M30M)  , 15, 19, 10
221A,  233, MAX 错位轮伺服故障(M31M)      , 15, 19, 10
221B,  234, MAX 合一轮伺服故障(M32M)      , 15, 19, 10
221C,  235, MAX 加速轮伺服故障(M33M)      , 15, 19, 10
221D,  236, MAX 一次分切轮伺服故障(M41M)  , 15, 19, 10
221E,  237, MAX 烟条分离轮伺服故障(M42M)  , 15, 19, 10
221F,  238, MAX 汇合轮伺服故障(M43M)      , 15, 19, 10
2220,  239, MAX 靠拢轮伺服故障(M44M)      , 15, 19, 10
2221,  240, MAX 搓烟轮伺服故障(M45M)      , 15, 19, 10
2222,  241, MAX 排直轮伺服故障(M46M)      , 15, 19, 10
2223,  242, MAX 减速轮伺服故障(M47M)      , 15, 19, 10
2224,  243, MAX 右激光轮伺服故障(M48M)    , 15, 19, 10
2225,  244, MAX 左激光轮伺服故障(M50M)    , 15, 19, 10
2226,  245, MAX 右激光滚子凸轮伺服故障(M49M), 15, 19, 10
2227,  246, MAX 左激光滚子凸轮伺服故障(M51M), 15, 19, 10
2228,  247, MAX 二次分切轮伺服故障(M52M)  , 15, 19, 10
2229,  248, MAX 烟支分离轮伺服故障(M53M)  , 15, 19, 10
222A,  249, MAX 端部扫描轮伺服故障(M54M)  , 15, 19, 10
222B,  250, MAX 检测轮伺服故障(M55M)      , 15, 19, 10
222C,  251, MAX 剔除轮伺服故障(M56M)      , 15, 19, 10
222D,  252, MAX 卸出轮伺服故障(M57M)      , 15, 19, 10
222E,  253, MAX 后锥形换向轮伺服故障(M58M), 15, 19, 10
222F,  254, MAX 前锥形换向轮伺服故障(M59M), 15, 19, 10
2230,  255, MAX 中间轮伺服故障(M60M)      , 15, 19, 10
2231,  256, MAX 低位出烟轮/高位取样轮伺服故障(M61M), 15, 19, 10
2232,  257, MAX 传烟轮伺服故障(M62M)      , 15, 19, 10
2233,  258, MAX 高位出烟轮/低位取样轮伺服故障(M63M), 15, 19, 10
2234,  259, MAX 出烟皮带伺服故障(M64M)    , 15, 19, 10
2235,  260, MAX 第一引纸辊伺服故障(M1M)   , 15, 19, 10
2236,  261, MAX 水松纸张力辊伺服故障(M2M) , 15, 19, 10
2237,  262, MAX 第二引纸辊伺服故障(M3M)   , 15, 19, 10
2238,  263, MAX 椭圆辊伺服故障(M4M)       , 15, 19, 10
2239,  264, MAX 胶辊伺服故障(M5M)         , 15, 19, 10
223A,  265, MAX 供胶泵伺服故障(M6M)       , 15, 19, 10
223B,  266, MAX 抽胶泵伺服故障(M7M)       , 15, 19, 10
223C,  267, MAX 主风机伺服故障(M8M)       , 15, 19, 10
223F,  270, MAX 水松纸切割装置伺服故障(M11M), 15, 19, 10
2240,  271, MAX 水松纸辊刷伺服故障(M12M)  , 15, 19, 10
2242,  273, MAX 搓板清洁(A16M)            , 25, 41, 10
2243,  274, MAX 安全子站故障(A110M)       , 10, 12, 10
2244,  275, MAX EtherCAT总线故障          , 10, 12, 10
2245,  276, MAX 搓板清洁刷零位(S64M)      , 15, 41, 10
2246,  277, MAX 第一引纸辊水松纸打滑(M1M) , 15, 41, 13
2247,  278, MAX 第二引纸辊水松纸打滑(M3M) , 15, 41, 13
2248,  279, 烟支质量在线检测装置断路器跳闸(F51M), 25, 41, 20
2249,  280, 装盘机断路器跳闸(Q24M)        , 25, 41, 20
224A,  281, MAX 电柜热交换器右断路器跳闸(F13M), 10, 15, 10
224B,  282, MAX 风机室热交换器断路器跳闸(F16M), 10, 15, 10
224C,  283, MAX 阀岛室热交换器断路器跳闸(F17M), 10, 15, 10
224F,  286, MAX 底部防护左门(S5M)         , 15, 41, 10
2250,  287, MAX 底部防护中门(S6M)         , 15, 41, 10
2251,  288, MAX 底部防护右门(S15M)        , 15, 41, 10
2252,  289, MAX 上防护罩(S2M)             , 15, 41, 10
2253,  290, CVIS故障                      , 20, 41, 16
2257,  294, MAX 滤棒库左门(S84M)          , 15, 41, 10
2258,  295, MAX 滤棒库中门(S85M)          , 15, 41, 10
2259,  296, MAX 滤棒库右门(S86M)          , 15, 41, 10
225A,  297, MAX 滤棒料斗门(S94M)          , 15, 41, 10
225B,  298, MAX DCP零脉冲偏离             , 15, 41, 10
225C,  299, MAX 电柜左门( S1.1M)          , 15, 41, 10
225D,  300, MAX 电柜右门( S1.2M)          , 15, 41, 10
225E,  301, MAX 阀岛室左门( S14M)         , 15, 41, 10
225F,  302, MAX 阀岛室右门(S16M)          , 15, 41, 10
2260,  303, MAX 主风机柜右门(S13M)        , 15, 41, 10
2261,  304, MAX 外部电源断路器跳闸(F34M)  , 10, 15, 10
2262,  305, MAX 接收站断路器跳闸(F44M)    , 10, 15, 10
2263,  306, MAX 阀岛断路器跳闸(F25M)      , 10, 15, 10
2264,  307, MAX 安全断路器跳闸(F35M)      , 10, 15, 10
2265,  308, MAX 伺服断路器跳闸(F26.1M)    , 10, 15, 10
2266,  309, MAX 伺服断路器跳闸(F26.2M)    , 10, 15, 10
2267,  310, MAX 伺服断路器跳闸(F26.3M)    , 10, 15, 10
2268,  311, MAX 伺服断路器跳闸(F26.4M)    , 10, 15, 10
2269,  312, MAX 频闪断路器跳闸(F28M)      , 10, 15, 10
226A,  313, MAX 高速阀断路器跳闸(F29M)    , 10, 15, 10
226B,  314, MAX 小门板断路器跳闸(F39M)    , 10, 15, 10
226C,  315, MAX 真空泵断路器跳闸(Q8.1M)   , 10, 15, 10
226D,  316, MAX 废烟输送带断路器跳闸(Q104M), 10, 15, 10
226E,  317, MAX 加热器断路器跳闸(F50M)    , 10, 15, 10
226F,  318, MAX 电柜热交换器左断路器跳闸(F12M), 10, 15, 10
2270,  319, MAX 喷胶断路器跳闸（F52M）    , 10, 15, 10
2271,  320, MAX 搓板温度                  , 16, 41, 10
2272,  321, MAX 搓板加热                  , 15, 41, 10
2273,  322, MAX 搓板温度传感器(R1M)       , 15, 41, 10
2274,  323, MAX 搓板位置(B70M)            , 15, 41, 10
2275,  324, MAX 激光                      , 16, 41, 10
2276,  325, MAX 激光钥匙                  , 16, 41, 10
2277,  326, MAX 喷胶系统准备中            , 18, 19, 16
2278,  327, MAX 喷胶水盒水无法排出        , 18, 19, 16
2279,  328, MAX 喷头驱动未准备好          , 18, 19, 16
227A,  329, MAX 喷胶水盒无法降下          , 18, 19, 16
227B,  330, MAX 主风机温度(M8M)           , 15, 41, 13
227E,  333, MAX 滤棒库料位(B61M)          , 15, 41, 10
227F,  334, 滤嘴发射机管一                , 25, 41, 20
2280,  335, 滤嘴发射机管二                , 25, 41, 20
2281,  336, 滤嘴发射机管三                , 25, 41, 20
2282,  337, 滤嘴发射机管四                , 25, 41, 20
2283,   80, CSIS 钢印检测剔除过多         , 19, 39, 16
2284,   81, CSIS 钢印检测连续剔除         , 25, 39, 20
2285,   82, CSIS 钢印检测装置未就绪       , 19, 39, 16
2286,   83, CSIS 钢印检测装置通讯故障     , 25, 41, 16
2287,  342, 滤嘴接收站管一模块堵塞        , 25, 41, 10
2288,  343, 滤嘴接收站管二模块堵塞        , 25, 41, 10
2289,  344, 滤嘴接收站管三模块堵塞        , 25, 41, 10
228A,  345, 滤嘴接收站管四模块堵塞        , 25, 41, 10
228B,  346, 滤嘴接收站管一管道堵塞        , 25, 41, 10
228C,  347, 滤嘴接收站管二管道堵塞        , 25, 41, 10
228D,  348, 滤嘴接收站管三管道堵塞        , 25, 41, 10
228E,  349, 滤嘴接收站管四管道堵塞        , 25, 41, 10
228F,  350, 滤嘴接收站管一安全门开关      , 25, 41, 20
2290,  351, 滤嘴接收站管二安全门开关      , 25, 41, 20
2291,  352, 滤嘴接收站管三安全门开关      , 25, 41, 20
2292,  353, 滤嘴接收站管四安全门开关      , 25, 41, 20
2293,  354, MAX 喷胶水盒无法降到位        , 18, 19, 16
2294,  355, MAX 喷头无法到达清洁位置      , 18, 19, 16
2295,  356, MAX 喷头无法到达工作位置      , 18, 19, 16
2296,  357, MAX 喷头无法进入服务模式      , 18, 19, 16
2297,  358, MAX 喷头无法校准              , 18, 19, 16
2298,  359, MAX 喷胶水盒无法升起          , 18, 19, 16
2299,  360, MAX 喷胶水盒无法升到位        , 18, 19, 16
229A,  361, MAX 喷胶水盒不存在            , 18, 19, 16
229B,  362, MAX 水冷系统压力低(B112M)     ,  9, 41,  8
229C,  363, MAX 滤棒料斗料位(B95M)        , 15, 15, 10
229D,  364, MAX 滤棒堵塞(B40M)            , 16, 41, 10
229F,  366, MAX 水冷系统压力高(B112M)     ,  9, 19,  8
22A0,  367, MAX 激光水冷系统温度          , 16, 41, 15
22A1,  368, MAX 水冷系统温度(B110M)       , 16, 41, 15
22A2,  369, MAX 水松纸加热                , 15, 41, 10
22A3,  370, MAX 水松纸温度                , 16, 41, 10
22A6,  373, MAX 上胶杆(B67M)              , 16, 41, 10
22A7,  374, MAX 胶水箱料位低(B78M)        , 20, 25, 20
22A9,  376, MAX 胶水循环(B71M)            , 20, 41, 10
22AA,  377, MAX 胶水罐缺少(B62M)          , 15, 41, 10
22AB,  378, MAX 胶水室位置(B69M)          , 15, 41, 10
22AC,  379, MAX 胶水箱料位太低(B78M)      , 15, 41, 13
22AD,  567, B90M 通讯故障                 , 16, 25, 15
22AE,  568, B91M 通讯故障                 , 16, 25, 15
22AF,  382, MAX 胶水装置润滑油(S73M)      , 12, 12, 10
22B0,  383, MAX 胶水箱位置(B73M)          , 20, 41, 10
22B1,  384, MAX 胶水辊同步滞后故障        , 15, 41, 10
22B2,  385, MAX 水松纸温度传感器(R55M)    , 15, 41, 10
22B3,  386, MAX 水松纸输送通道            , 20, 41, 10
22B4,  387, MAX 水松纸张力辊电机（M2M）未就绪, 15, 41, 10
22B5,  388, MAX 第一引纸辊水松纸断裂(B21M), 15, 41, 10
22B6,  389, MAX 第二引纸辊水松纸断裂(B89M), 15, 41, 10
22B7,  390, MAX 加热器水松纸断裂(B65M)    , 15, 41, 10
22B8,  391, MAX 水松纸同步滞后故障        , 15, 41, 10
22BA,  393, MAX 烟条切刀                  , 25, 41, 20
22BB,  394, MAX 烟条切刀                  , 16, 41, 10
22BC,  395, MAX 烟支切刀                  , 25, 41, 20
22BD,  396, MAX 烟支切刀                  , 16, 41, 10
22BE,  397, MAX 电控柜温度(S45M)          , 16, 41, 10
22BF,  398, MAX 风机室温度(S90M)          , 16, 41, 10
22C0,  399, MAX 阀岛室温度(S91M)          , 16, 41, 10
22C1,  400, MAX 滤棒切刀关闭              , 15, 41, 10
22C2,  401, MAX 烟支出口堵塞(B48M)        , 15, 15, 10
22C4,  403, MAX 废料输送带                , 16, 41, 10
22C5,  404, MAX 烟条/烟支切刀关闭         , 15, 41, 10
22C6,  405, MAX 手动停机                  , 15, 41, 10
22C7,  406, MAX 水松纸位置超限(B93M)      , 15, 25, 15
22C8,  407, MAX 水松纸位置调整超限(B93M)  , 20, 25, 20
22C9,  408, MAX 胶辊电机未运行（M5M）     , 15, 41, 10
22CB,  410, MAX 主风机柜左门(S11M)        , 25, 41, 10
22CC,  411, MAX 主风机未准备好            , 15, 15, 13
22CD,  412, MAX 防护罩维护                , 25, 41, 20
22CE,  413, MAX 防护罩维护                , 10, 12, 10
22CF,  414, MAX 负压风机接触器(K8.1M)     , 15, 19, 10
22D0,  433, MAX 滤棒库工作关闭            , 25, 41, 20
22D1,  434, MAX 滤棒库工作关闭            , 10, 12, 10
22D2,  435, MAX 烟条切刀断路器跳闸(Q9.1M) , 10, 15, 10
22D3,  436, MAX 烟支切刀断路器跳闸(Q9.3M) , 10, 15, 10
22D4,  437, MAX 安全功能空气压力(S29M)    , 15, 41, 10
22D5,  438, MAX 压缩空气压力(S70M)        , 15, 41, 10
22D6,  439, MAX 储气罐空气压力(S71M)      , 15, 41, 10
22D7,  440, MAX 水松纸纠偏电机(M10M)未就绪, 15, 41, 10
22D8,  441, MAX 第一压纸轮位置            , 20, 41, 10
22D9,  442, MAX 第一压纸轮不在工作位置    , 15, 41, 10
22DA,  443, MAX 第二压纸轮位置            , 20, 41, 10
22DB,  444, MAX 第二压纸轮不在工作位置    , 15, 41, 10
22DC,  445, MAX 供嘴虚轴                  , 15, 19, 10
22DD,  446, MAX 供纸虚轴                  , 15, 19, 10
22DE,  447, MAX 编码器仿真轴(BOB)         , 15, 19, 10
22DF,  448, MAX 供料虚轴                  , 15, 19, 10
22E0,  449, MAX 主虚轴                    , 15, 19, 10
22E1,  450, MAX 检测轮虚轴                , 15, 19, 10
22E2,  451, MAX 编码器仿真轴(DCP)         , 15, 19, 10
22E3,  452, MAX Simotion(A3M-A1)          , 28, 41, 20
22E4,  452, MAX Simotion(A3M-A1)          , 10, 12, 10
22E5,  454, MAX Simotion(A4M-A1)          , 28, 41, 20
22E6,  454, MAX Simotion(A4M-A1)          , 10, 12, 10
22E7,  456, MAX 喷胶水盒无清洁水          , 18, 19, 16
22E8,  457, MAX 喷头刮刀无法缩回到位      , 18, 19, 16
22E9,  458, MAX 喷头刮刀无法伸出到位      , 18, 19, 16
22EA,  459, MAX 喷胶水盒无法排空          , 18, 19, 16
22EB,  460, MAX 喷枪驱动故障              , 18, 19, 16
22EC,  461, MAX 喷胶水位检测传感器故障    , 18, 19, 16
22ED,  462, MAX 喷胶水箱水位低            , 18, 19, 16
22EE,  463, MAX 上防护罩S2M输入故障       , 10, 12, 10
22EF,  464, MAX 上防护罩S53M输入故障      , 10, 12, 10
22F0,  465, MAX 底部防护左门S5M输入故障   , 10, 12, 10
22F1,  466, MAX 底部防护中门S6M输入故障   , 10, 12, 10
22F2,  467, MAX 底部防护右门S15M输入故障  , 10, 12, 10
22F3,  468, MAX 胶箱胶位检测传感器故障    , 18, 19, 16
22F4,  469, MAX 喷胶胶箱料位低            , 25, 39, 20
22F5,  470, MAX 喷胶胶箱料位太低          , 18, 19, 16
22F6,  471, MAX 喷胶水箱污浊              , 25, 39, 20
22F7,  472, MAX 喷胶水箱空                , 18, 19, 16
22F8,  473, MAX 喷胶系统手动模式          , 25, 39, 20
22F9,  474, MAX 喷胶系统编码器故障        , 18, 19, 16
22FA,  475, MAX 喷胶系统AZ相比故障        , 18, 19, 16
22FB,  476, MAX 喷胶伺服故障（M68M）      , 15, 19, 10
22FC,  477, MAX TM41端子模块（A3M A38）   , 15, 19, 10
22FD,  478, MAX 喷胶系统零脉冲偏离        , 16, 25, 15
2300,  101, BOB MAX运行准备               , 16, 25, 15
2301,  102, BOB MAX 报警                  , 20, 41, 20
2302,  103, BOB MAX速度下降               , 20, 25, 15
2303,  104, BOB MAX 3S点动                , 20, 25, 15
2304,  105, BOB MAX盘纸更换预告           , 20, 25, 15
2307,  108, 下游机故障停机                , 15, 41, 10
2308,  109, 下游机程序停机                , 16, 41, 10
2309,  110, 下游机堵塞                    , 15, 41, 10
230A,  111, MAX 下游机01                  , 25, 41, 10
230B,  112, 下游机请求降速1               , 25, 41, 10
230C,  113, 下游机请求降速2               , 25, 41, 10
3102,  109, 帽 盖 密 封 性                , 34, 41, 16
4001,  176, 重量控制关闭                  , 21, 41, 20
4002,  177, 前道太轻                      , 21, 41, 20
4003,  178, 后道太轻                      , 21, 41, 20
4004,  179, 前道太重                      , 21, 41, 20
4005,  180, 后道太重                      , 21, 41, 20
4006,  181, 前道硬点烟                    , 21, 41, 20
4007,  182, 后道硬点烟                    , 21, 41, 20
4008,  183, 前道软点烟                    , 21, 41, 20
4009,  184, 后道软点烟                    , 21, 41, 20
400A,  185, 前道轻烟端                    , 21, 41, 20
400B,  186, 后道轻烟端                    , 21, 41, 20
400C,  187, 前道挡块极限                  , 21, 41, 20
400D,  188, 后道挡块极限                  , 21, 41, 20
400E,  189, 前道位置控制器                , 21, 41, 20
400F,  190, 后道位置控制器                , 21, 41, 20
4010,  191, 前道重量控制                  , 21, 41, 20
4011,  192, 后道重量控制                  , 21, 41, 20
4012,  193, 前道端头位置                  , 21, 41, 20
4013,  194, 后道端头位置                  , 21, 41, 20
4014,  195, 没有烟条密度值                , 21, 41, 20
4015,  196, 前道测量值超限                , 21, 41, 20
4016,  197, 后道测量值超限                , 21, 41, 20
4017,  198, 前道异物                      , 21, 41, 20
4018,  199, 后道异物                      , 21, 41, 20
5001,  133, ORIS前 道 无 钢 印            , 25, 39, 20
5002,  134, ORIS后 道 无 钢 印            , 25, 39, 20
5003,  135, ORIS前 道 污 点               , 25, 39, 20
5004,  136, ORIS后 道 污 点               , 25, 39, 20
5005,  137, ORIS前 道 灵 敏 度            , 25, 39, 20
5006,  138, ORIS后 道 灵 敏 度            , 25, 39, 20
5007,  139, ORIS前 道 废 烟 太 多         , 25, 39, 20
5008,  140, ORIS后 道 废 烟 太 多         , 25, 39, 20
5009,  141, ORIS前 道 变 脏               , 25, 39, 20
500A,  142, ORIS后 道 变 脏               , 25, 39, 20
7001,  127, 前道圆周过小                  , 34, 41, 20
7002,  128, 前道圆周过大                  , 34, 41, 20
7003,  129, 后道圆周过小                  , 34, 41, 20
7004,  130, 后道圆周过大                  , 34, 41, 20
7005,  131, 前道CCD积灰                   , 34, 41, 20
7006,  132, 后道CCD积灰                   , 34, 41, 20
7007,  133, 前道CCD错误                   , 34, 41, 20
7008,  134, 7.0.134                       , 34, 41, 20
B000,  116, LES故 障 频 率                , 34, 41, 16
B001,  115, LES烟 支 信 号                , 34, 41, 20
B002,  115, LES烟 支 信 号                , 16, 19, 16
B003,  117, LES前 道  杂 物               , 30, 41, 16
B004,  118, LES后 道  杂 物               , 30, 41, 16
B006,  119, LES吸 烟 端  烟 支 信 号      , 34, 41, 20
B007,  119, LES吸 烟 端  烟 支 信 号      , 16, 19, 16
B008,  120, LES前 道 吸 烟 端  杂 物      , 30, 41, 16
B009,  121, LES后 道 吸 烟 端  杂 物      , 30, 41, 16
B100,  108, OTIS故 障 频 率               , 34, 41, 16
B101,  109, OTIS前 道  杂 物              , 30, 41, 16
B102,  110, OTIS后 道 杂 物               , 30, 41, 16
B103,  111, OTIS前 道  变 脏              , 30, 41, 16
B104,  112, OTIS后 道 变 脏               , 30, 41, 16
D000,   34, MAZ01 - 圆周堵塞              , 25, 39, 20
D001,   49, MAZ01 - 称重单元无法测量      , 25, 39, 20
D002,   50, MAZ01 - 称重单元无法弹出样品  , 25, 39, 20
D003,   51, MAZ01 - 称重单元无法复位      , 25, 39, 20
D004,   52, MAZ01 - 进入圆周长度单元样品堵塞, 25, 39, 20
D005,   53, MAZ01 - 吸阻单元无法复位      , 25, 39, 20
D006,   54, MAZ01 - 吸阻单元不能载入样品  , 25, 39, 20
D007,   55, MAZ01 - 视像系统无法测量      , 25, 39, 20
D008,   61, MAZ01 - 吸阻单元不能卸载      , 25, 39, 20
D009,   62, MAZ01 - 检查到吸阻单元乳胶管泄漏, 25, 39, 20
D00A,   63, MAZ01 - 废品收集箱满，请清理。, 25, 39, 20
D00B,   85, MAZ01 - 吸阻校准超限          , 25, 39, 20
D00C,   94, MAZ01 - 称重单元载入样品超时  , 25, 39, 20
D00D,   99, MAZ01 - 样品在吸阻单元传感器前堵塞, 25, 39, 20
D00E,  107, MAZ01 - 料斗载入样品超时      , 25, 39, 20
D00F,  108, MAZ01 - 料斗已空,是否继续?    , 25, 39, 20
D010,  112, MAZ01 - 气源断开,请重新连接   , 25, 39, 20
D011,  116, MAZ01 - 料斗发生堵塞          , 25, 39, 20
D012,  123, MAZ01 - 推进器堵塞            , 25, 39, 20
D013,  125, MAZ01 - 天平串口硬件故障      , 25, 39, 20
D014,  126, MAZ01 - 天平串口数据故障      , 25, 39, 20
D015,  127, MAZ01 - 称重单元烟支装载失败  , 25, 39, 20
D016,  128, MAZ01 - 机械手向前横向移动超时, 25, 39, 20
D017,  129, MAZ01 - 机械手向后横向移动超时, 25, 39, 20
D018,  130, MAZ01 - 机械手取样失败，继续？, 25, 39, 20
D019,  131, MAZ01 - 机械手向上移动超时    , 25, 39, 20
D01A,  132, MAZ01 - 机械手向下移动超时    , 25, 39, 20
D01B,  135, MAZ01 - 天平归零失败          , 25, 39, 20
D01C,  137, MAZ01 - 卷烟机流水线停止      , 25, 39, 20
D01D,  138, MAZ01 - 圆周堵塞              , 25, 39, 20
D01E,  139, MAZ01 - 圆周单元不在测量位置位置, 25, 39, 20
D01F,  140, MAZ01 - 圆周左右传感器故障    , 25, 39, 20
D020,  141, MAZ01 - 圆周测量气缸故障      , 25, 39, 20
D021,  142, MAZ01 - 长度测量气缸故障      , 25, 39, 20
D022,  143, MAZ01 - 吸阻单元无法装载      , 25, 39, 20
D023,  144, MAZ01 - 视像单元载入样品失败  , 25, 39, 20
D024,  145, MAZ01 - 平均重量超限          , 25, 39, 20
D025,  146, MAZ01 - 平均水分超限          , 25, 39, 20
D026,  147, MAZ01 - 平均密度超限          , 25, 39, 20
D027,  148, MAZ01 - 平均长度超限          , 25, 39, 20
D028,  149, MAZ01 - 平均圆周超限          , 25, 39, 20
D029,  150, MAZ01 - 平均吸阻超限          , 25, 39, 20
D02A,  151, MAZ01 - 平均通风度超限        , 25, 39, 20

[SystemMessages]
No, Tid, Text
3000,  810, 转 动 脉 冲 发 生 器 B9M没 有 连 接
3001,  811, 转 动 脉 冲 发 生 器 B9M型 号 错 误
3002,  812, 转 动 脉 冲 发 生 器 B9M缺 少 电 压
3003,  813, 转 动 脉 冲 发 生 器 B9M信 号 故 障
3004,  814, 转 动 脉 冲 发 生 器 B9M倒 转
3005,  815, 转 动 脉 冲 发 生 器 B9M转 动 太 快
3006,  816, A16M 电 压  +UR 有 错
3007,  817, A16M 电 压  -UR 有 错
3008,  818, 配 置 故 障
3009,  819, 转 动 脉 冲 发 生 器 B9M脉 冲 丢 失
300A,  820, A16M-A1-G2电 池 故 障
300B,  821, 脉 冲 产 生 A16M-A1-D6 故 障
300C,  822, 剔 出 控 制 没 有 烟 支 数 值
300D,  833, 读 出 有 故 障 的 传 感 器 值
3100,  823, 3.1.823
3101,  826, 3.1.826
3102,  829, 3.1.829
3200,  823, 3.2.823
3201,  825, 3.2.825
3202,  826, 3.2.826
3203,  828, 3.2.828
3204,  829, 3.2.829
3300,  823, 3.3.823
3301,  824, 3.3.824
3302,  825, 3.3.825
401B,  311, 4.0.311
401F, 1049, 4.0.1049
4023, 1053, 4.0.1053
4024, 1073, 4.0.1073
4025,  122, 后道控制周期        支
403E,  821, 微波主控板工作温度
403F,  846, 4.0.846
4042,  825, 吸丝带位置
4044,  827, 空头率
4045,  828, 压实端位置
4046,  832, 4.0.832
4047,  847, 4.0.847
4048,  848, 4.0.848
4049,  843, 4.0.843
404D,  839, 4.0.839
404E,  845, 4.0.845
404F,  844, 4.0.844
4050,  856, 4.0.856
4051,  857, 4.0.857
4052,  858, 4.0.858
4053,  859, 4.0.859
4054,  849, 4.0.849
4055,  877, 4.0.877
4056,  878, 4.0.878
4058,  887, 4.0.887
4059,  888, 4.0.888
405A,  889, 4.0.889
405B,  917, 4.0.917
405C,  918, 4.0.918
405D,  919, 4.0.919
405E,  920, 4.0.920
405F,  921, 4.0.921
4060,  922, 4.0.922
407D,  260, 4.0.260
407E,  313, 4.0.313
407F,  262, 4.0.262
4080,  263, 4.0.263
40D2, 1075, 4.0.1075
40D3, 1076, 4.0.1076
40D4, 1077, 4.0.1077
40D5, 1078, 4.0.1078
40D6, 1079, 4.0.1079
40D7, 1080, 4.0.1080
40D8, 1074, 4.0.1074
4022, 1052, 4.0.1052
401E, 1048, 4.0.1048
5000,  613, 5.0.613
5001,  614, 5.0.614
5002,  615, 5.0.615
5003,  685, 5.0.685
5005,  618, 5.0.618
507E,  687, 5.0.687
507F,  688, 5.0.688
7000,  810, 圆周偏差
7001,  811, 圆周偏差趋势
7002,  812, 圆周控制趋势
7003,  813, 偏差值
7004,  814, 实际值
7005,  815, 压板位置
7006,  816, 启动位置
7007,  817, 实际位置
7008,  818, CCD通道1 像素阵列曲线
B000,  832, 11.0.832
B001,  829, 11.0.829
B002,  851, 11.0.851
B003,  850, 11.0.850
B004,  870, 11.0.870
B005,  871, 11.0.871
B006,  872, 11.0.872
B007,  822, 11.0.822
B008,  833, 11.0.833
B009,  831, 11.0.831
B00A,  830, 11.0.830
B00B,  853, 11.0.853
B00C,  852, 11.0.852
B010,  818, 11.0.818
B011,  820, 11.0.820
B012,  821, 11.0.821
B100,  843, 11.1.843
B101,  842, 11.1.842
B102,  840, 11.1.840
B103,  863, 11.1.863
B104,  862, 11.1.862
B105,  860, 11.1.860
F001,  859, 总线配置
F002,  860, 品牌参数 HMI/功能不一致
F003,  861, 机器参数 HMI/功能不一致
F004,  862, 优先级 HMI/功能不一致
F005,  863, 配置 HMI/功能不一致
F006,  885, 请求软件下载
F007,  891, 装置配置未生效
F008,  892, 装置安装不完整

[Sampling]
;No, Tid, Text
272D,  140, 烟支对
272E,  141, 生产取样
272F,  142, 抽样取样
2730,  143, 随机取样
2732,  145, 废烟取样
2733,  146, 缺少滤嘴取样
2734,  147, 未涂上胶水
2738,  151, 气密性废品
273A,  153, 通风度过高
273B,  154, 通风度过低
273C,  155, 吸阻太高
273D,  156, 吸阻太低
273F,  158, 空头废品取样
2741,  160, 烟支外观废品取样
2742,  161, 烟支太轻
2743,  162, 烟支太重
2744,  163, 烟支有硬点
2745,  164, 烟支有软点
2746,  165, 杂质
2747,  166, 气密性质量取样
2749,  168, 通风度质量取样
274A,  169, 吸阻质量取样
274B,  170, 空头质量取样
274C,  171, 额定重量
274D,  172, 印记校准
275A,  185, 烟支轻烟端
275B,  186, 暗污点
275C,  187, 亮污点
275E,  193, 钢印太亮
2762,  189, 烟支视觉外观缺陷取样
2764,  211, 重量校准取样
2793,  218, 气密性校准
2795,  219, 通风度校准
2797,  220, 吸阻校准
27C0,  221, 缺陷钢印
27C1,  222, 钢印残缺
27C2,  223, 钢印脏污
27C3,  224, 钢印野墨
27C4,  225, 深浅不均
27C5,  226, 位置偏差
27C6,  227, 油墨过浓
27C7,  228, 油墨过淡
D000,    5, MAZ01随机取样
D001,    6, MAZ01目标重量取样
D002,    7, MAZ01重量轻烟取样
D003,    8, MAZ01重量重烟取样
D004,  153, MAZ01通风度过高取样
D005,  154, MAZ01通风度过低取样
D006,  155, MAZ01通风度质量取样
D007,  156, MAZ01吸阻过高取样
D008,  157, MAZ01吸阻过低取样
D009,  158, MAZ01吸阻质量取样
